Classic Timing Analyzer report for decodificador3_8
Thu Nov 04 14:43:23 2010
Quartus II Version 9.1 Build 350 03/24/2010 Service Pack 2 SJ Web Edition


---------------------
; Table of Contents ;
---------------------
  1. Legal Notice
  2. Timing Analyzer Summary
  3. Timing Analyzer Settings
  4. Parallel Compilation
  5. tpd
  6. Timing Analyzer Messages



----------------
; Legal Notice ;
----------------
Copyright (C) 1991-2010 Altera Corporation
Your use of Altera Corporation's design tools, logic functions 
and other software and tools, and its AMPP partner logic 
functions, and any output files from any of the foregoing 
(including device programming or simulation files), and any 
associated documentation or information are expressly subject 
to the terms and conditions of the Altera Program License 
Subscription Agreement, Altera MegaCore Function License 
Agreement, or other applicable license agreement, including, 
without limitation, that your use is for the sole purpose of 
programming logic devices manufactured by Altera and sold by 
Altera or its authorized distributors.  Please refer to the 
applicable agreement for further details.



+-------------------------------------------------------------------------------------------------------------------------+
; Timing Analyzer Summary                                                                                                 ;
+------------------------------+-------+---------------+-------------+------+------+------------+----------+--------------+
; Type                         ; Slack ; Required Time ; Actual Time ; From ; To   ; From Clock ; To Clock ; Failed Paths ;
+------------------------------+-------+---------------+-------------+------+------+------------+----------+--------------+
; Worst-case tpd               ; N/A   ; None          ; 9.754 ns    ; a[2] ; s[3] ; --         ; --       ; 0            ;
; Total number of failed paths ;       ;               ;             ;      ;      ;            ;          ; 0            ;
+------------------------------+-------+---------------+-------------+------+------+------------+----------+--------------+


+-----------------------------------------------------------------------------------------------------------------------------------------------------+
; Timing Analyzer Settings                                                                                                                            ;
+------------------------------------------------------------------------------------------------------+--------------------+------+----+-------------+
; Option                                                                                               ; Setting            ; From ; To ; Entity Name ;
+------------------------------------------------------------------------------------------------------+--------------------+------+----+-------------+
; Device Name                                                                                          ; EP2S15F484C3       ;      ;    ;             ;
; Timing Models                                                                                        ; Final              ;      ;    ;             ;
; Default hold multicycle                                                                              ; Same as Multicycle ;      ;    ;             ;
; Cut paths between unrelated clock domains                                                            ; On                 ;      ;    ;             ;
; Cut off read during write signal paths                                                               ; On                 ;      ;    ;             ;
; Cut off feedback from I/O pins                                                                       ; On                 ;      ;    ;             ;
; Report Combined Fast/Slow Timing                                                                     ; Off                ;      ;    ;             ;
; Ignore Clock Settings                                                                                ; Off                ;      ;    ;             ;
; Analyze latches as synchronous elements                                                              ; On                 ;      ;    ;             ;
; Enable Recovery/Removal analysis                                                                     ; Off                ;      ;    ;             ;
; Enable Clock Latency                                                                                 ; Off                ;      ;    ;             ;
; Use TimeQuest Timing Analyzer                                                                        ; Off                ;      ;    ;             ;
; Number of source nodes to report per destination node                                                ; 10                 ;      ;    ;             ;
; Number of destination nodes to report                                                                ; 10                 ;      ;    ;             ;
; Number of paths to report                                                                            ; 200                ;      ;    ;             ;
; Report Minimum Timing Checks                                                                         ; Off                ;      ;    ;             ;
; Use Fast Timing Models                                                                               ; Off                ;      ;    ;             ;
; Report IO Paths Separately                                                                           ; Off                ;      ;    ;             ;
; Perform Multicorner Analysis                                                                         ; On                 ;      ;    ;             ;
; Reports the worst-case path for each clock domain and analysis                                       ; Off                ;      ;    ;             ;
; Reports worst-case timing paths for each clock domain and analysis                                   ; Off                ;      ;    ;             ;
; Specifies the maximum number of worst-case timing paths to report for each clock domain and analysis ; 100                ;      ;    ;             ;
; Removes common clock path pessimism (CCPP) during slack computation                                  ; Off                ;      ;    ;             ;
; Output I/O Timing Endpoint                                                                           ; Near End           ;      ;    ;             ;
+------------------------------------------------------------------------------------------------------+--------------------+------+----+-------------+


Parallel compilation was disabled, but you have multiple processors available. Enable parallel compilation to reduce compilation time.
+-------------------------------------+
; Parallel Compilation                ;
+----------------------------+--------+
; Processors                 ; Number ;
+----------------------------+--------+
; Number detected on machine ; 2      ;
; Maximum allowed            ; 1      ;
+----------------------------+--------+


+-----------------------------------------------------------+
; tpd                                                       ;
+-------+-------------------+-----------------+------+------+
; Slack ; Required P2P Time ; Actual P2P Time ; From ; To   ;
+-------+-------------------+-----------------+------+------+
; N/A   ; None              ; 9.754 ns        ; a[2] ; s[3] ;
; N/A   ; None              ; 9.713 ns        ; a[0] ; s[3] ;
; N/A   ; None              ; 9.483 ns        ; a[2] ; s[2] ;
; N/A   ; None              ; 9.452 ns        ; a[2] ; s[6] ;
; N/A   ; None              ; 9.447 ns        ; a[1] ; s[3] ;
; N/A   ; None              ; 9.442 ns        ; a[0] ; s[2] ;
; N/A   ; None              ; 9.256 ns        ; a[0] ; s[6] ;
; N/A   ; None              ; 9.177 ns        ; a[1] ; s[2] ;
; N/A   ; None              ; 9.145 ns        ; a[1] ; s[6] ;
; N/A   ; None              ; 9.118 ns        ; a[2] ; s[4] ;
; N/A   ; None              ; 9.112 ns        ; a[2] ; s[5] ;
; N/A   ; None              ; 9.085 ns        ; a[2] ; s[0] ;
; N/A   ; None              ; 9.077 ns        ; a[0] ; s[5] ;
; N/A   ; None              ; 9.055 ns        ; a[2] ; s[7] ;
; N/A   ; None              ; 9.048 ns        ; a[0] ; s[0] ;
; N/A   ; None              ; 9.018 ns        ; a[0] ; s[7] ;
; N/A   ; None              ; 8.924 ns        ; a[0] ; s[4] ;
; N/A   ; None              ; 8.815 ns        ; a[1] ; s[0] ;
; N/A   ; None              ; 8.808 ns        ; a[1] ; s[4] ;
; N/A   ; None              ; 8.803 ns        ; a[1] ; s[5] ;
; N/A   ; None              ; 8.749 ns        ; a[1] ; s[7] ;
; N/A   ; None              ; 8.581 ns        ; a[2] ; s[1] ;
; N/A   ; None              ; 8.544 ns        ; a[0] ; s[1] ;
; N/A   ; None              ; 8.276 ns        ; a[1] ; s[1] ;
+-------+-------------------+-----------------+------+------+


+--------------------------+
; Timing Analyzer Messages ;
+--------------------------+
Info: *******************************************************************
Info: Running Quartus II Classic Timing Analyzer
    Info: Version 9.1 Build 350 03/24/2010 Service Pack 2 SJ Web Edition
    Info: Processing started: Thu Nov 04 14:43:23 2010
Info: Command: quartus_tan --read_settings_files=off --write_settings_files=off decodificador3_8 -c decodificador3_8 --timing_analysis_only
Info: Longest tpd from source pin "a[2]" to destination pin "s[3]" is 9.754 ns
    Info: 1: + IC(0.000 ns) + CELL(0.762 ns) = 0.762 ns; Loc. = PIN_C10; Fanout = 8; PIN Node = 'a[2]'
    Info: 2: + IC(4.284 ns) + CELL(0.346 ns) = 5.392 ns; Loc. = LCCOMB_X26_Y17_N20; Fanout = 1; COMB Node = 's~3'
    Info: 3: + IC(2.430 ns) + CELL(1.932 ns) = 9.754 ns; Loc. = PIN_G15; Fanout = 0; PIN Node = 's[3]'
    Info: Total cell delay = 3.040 ns ( 31.17 % )
    Info: Total interconnect delay = 6.714 ns ( 68.83 % )
Info: Quartus II Classic Timing Analyzer was successful. 0 errors, 0 warnings
    Info: Peak virtual memory: 168 megabytes
    Info: Processing ended: Thu Nov 04 14:43:23 2010
    Info: Elapsed time: 00:00:00
    Info: Total CPU time (on all processors): 00:00:00


