Analysis & Synthesis report for ula
Thu May 26 15:00:29 2011
Quartus II Version 9.1 Build 350 03/24/2010 Service Pack 2 SJ Web Edition


---------------------
; Table of Contents ;
---------------------
  1. Legal Notice
  2. Analysis & Synthesis Summary
  3. Analysis & Synthesis Settings
  4. Parallel Compilation
  5. Analysis & Synthesis Source Files Read
  6. Analysis & Synthesis Resource Usage Summary
  7. Analysis & Synthesis Resource Utilization by Entity
  8. General Register Statistics
  9. Multiplexer Restructuring Statistics (Restructuring Performed)
 10. Port Connectivity Checks: "shifter_right:SRight|mult21:Multiplexador4"
 11. Port Connectivity Checks: "shifter_right:SRight|mult21:Multiplexador3"
 12. Port Connectivity Checks: "shifter_right:SRight|mult21:Multiplexador2"
 13. Port Connectivity Checks: "shifter_right:SRight|mult21:Multiplexador1"
 14. Port Connectivity Checks: "shifter_left:SLeft|mult21:Multiplexador4"
 15. Port Connectivity Checks: "shifter_left:SLeft|mult21:Multiplexador3"
 16. Port Connectivity Checks: "shifter_left:SLeft|mult21:Multiplexador2"
 17. Port Connectivity Checks: "shifter_left:SLeft|mult21:Multiplexador1"
 18. Analysis & Synthesis Messages



----------------
; Legal Notice ;
----------------
Copyright (C) 1991-2010 Altera Corporation
Your use of Altera Corporation's design tools, logic functions 
and other software and tools, and its AMPP partner logic 
functions, and any output files from any of the foregoing 
(including device programming or simulation files), and any 
associated documentation or information are expressly subject 
to the terms and conditions of the Altera Program License 
Subscription Agreement, Altera MegaCore Function License 
Agreement, or other applicable license agreement, including, 
without limitation, that your use is for the sole purpose of 
programming logic devices manufactured by Altera and sold by 
Altera or its authorized distributors.  Please refer to the 
applicable agreement for further details.



+-----------------------------------------------------------------------------------+
; Analysis & Synthesis Summary                                                      ;
+------------------------------------+----------------------------------------------+
; Analysis & Synthesis Status        ; Successful - Thu May 26 15:00:29 2011        ;
; Quartus II Version                 ; 9.1 Build 350 03/24/2010 SP 2 SJ Web Edition ;
; Revision Name                      ; ula                                          ;
; Top-level Entity Name              ; ula                                          ;
; Family                             ; Cyclone II                                   ;
; Total logic elements               ; 41                                           ;
;     Total combinational functions  ; 41                                           ;
;     Dedicated logic registers      ; 0                                            ;
; Total registers                    ; 0                                            ;
; Total pins                         ; 28                                           ;
; Total virtual pins                 ; 0                                            ;
; Total memory bits                  ; 0                                            ;
; Embedded Multiplier 9-bit elements ; 0                                            ;
; Total PLLs                         ; 0                                            ;
+------------------------------------+----------------------------------------------+


+----------------------------------------------------------------------------------------------------------------------+
; Analysis & Synthesis Settings                                                                                        ;
+----------------------------------------------------------------------------+--------------------+--------------------+
; Option                                                                     ; Setting            ; Default Value      ;
+----------------------------------------------------------------------------+--------------------+--------------------+
; Device                                                                     ; EP2C35F672C6       ;                    ;
; Top-level entity name                                                      ; ula                ; ula                ;
; Family name                                                                ; Cyclone II         ; Stratix II         ;
; Use Generated Physical Constraints File                                    ; Off                ;                    ;
; Use smart compilation                                                      ; Off                ; Off                ;
; Enable parallel Assembler and TimeQuest Timing Analyzer during compilation ; On                 ; On                 ;
; Enable compact report table                                                ; Off                ; Off                ;
; Restructure Multiplexers                                                   ; Auto               ; Auto               ;
; Create Debugging Nodes for IP Cores                                        ; Off                ; Off                ;
; Preserve fewer node names                                                  ; On                 ; On                 ;
; Disable OpenCore Plus hardware evaluation                                  ; Off                ; Off                ;
; Verilog Version                                                            ; Verilog_2001       ; Verilog_2001       ;
; VHDL Version                                                               ; VHDL_1993          ; VHDL_1993          ;
; State Machine Processing                                                   ; Auto               ; Auto               ;
; Safe State Machine                                                         ; Off                ; Off                ;
; Extract Verilog State Machines                                             ; On                 ; On                 ;
; Extract VHDL State Machines                                                ; On                 ; On                 ;
; Ignore Verilog initial constructs                                          ; Off                ; Off                ;
; Iteration limit for constant Verilog loops                                 ; 5000               ; 5000               ;
; Iteration limit for non-constant Verilog loops                             ; 250                ; 250                ;
; Add Pass-Through Logic to Inferred RAMs                                    ; On                 ; On                 ;
; Parallel Synthesis                                                         ; On                 ; On                 ;
; DSP Block Balancing                                                        ; Auto               ; Auto               ;
; NOT Gate Push-Back                                                         ; On                 ; On                 ;
; Power-Up Don't Care                                                        ; On                 ; On                 ;
; Remove Redundant Logic Cells                                               ; Off                ; Off                ;
; Remove Duplicate Registers                                                 ; On                 ; On                 ;
; Ignore CARRY Buffers                                                       ; Off                ; Off                ;
; Ignore CASCADE Buffers                                                     ; Off                ; Off                ;
; Ignore GLOBAL Buffers                                                      ; Off                ; Off                ;
; Ignore ROW GLOBAL Buffers                                                  ; Off                ; Off                ;
; Ignore LCELL Buffers                                                       ; Off                ; Off                ;
; Ignore SOFT Buffers                                                        ; On                 ; On                 ;
; Limit AHDL Integers to 32 Bits                                             ; Off                ; Off                ;
; Optimization Technique                                                     ; Balanced           ; Balanced           ;
; Carry Chain Length                                                         ; 70                 ; 70                 ;
; Auto Carry Chains                                                          ; On                 ; On                 ;
; Auto Open-Drain Pins                                                       ; On                 ; On                 ;
; Perform WYSIWYG Primitive Resynthesis                                      ; Off                ; Off                ;
; Auto ROM Replacement                                                       ; On                 ; On                 ;
; Auto RAM Replacement                                                       ; On                 ; On                 ;
; Auto Shift Register Replacement                                            ; Auto               ; Auto               ;
; Auto Clock Enable Replacement                                              ; On                 ; On                 ;
; Strict RAM Replacement                                                     ; Off                ; Off                ;
; Allow Synchronous Control Signals                                          ; On                 ; On                 ;
; Force Use of Synchronous Clear Signals                                     ; Off                ; Off                ;
; Auto RAM to Logic Cell Conversion                                          ; Off                ; Off                ;
; Auto Resource Sharing                                                      ; Off                ; Off                ;
; Allow Any RAM Size For Recognition                                         ; Off                ; Off                ;
; Allow Any ROM Size For Recognition                                         ; Off                ; Off                ;
; Allow Any Shift Register Size For Recognition                              ; Off                ; Off                ;
; Use LogicLock Constraints during Resource Balancing                        ; On                 ; On                 ;
; Ignore translate_off and synthesis_off directives                          ; Off                ; Off                ;
; Timing-Driven Synthesis                                                    ; Off                ; Off                ;
; Show Parameter Settings Tables in Synthesis Report                         ; On                 ; On                 ;
; Ignore Maximum Fan-Out Assignments                                         ; Off                ; Off                ;
; Synchronization Register Chain Length                                      ; 2                  ; 2                  ;
; PowerPlay Power Optimization                                               ; Normal compilation ; Normal compilation ;
; HDL message level                                                          ; Level2             ; Level2             ;
; Suppress Register Optimization Related Messages                            ; Off                ; Off                ;
; Number of Removed Registers Reported in Synthesis Report                   ; 5000               ; 5000               ;
; Number of Inverted Registers Reported in Synthesis Report                  ; 100                ; 100                ;
; Clock MUX Protection                                                       ; On                 ; On                 ;
; Auto Gated Clock Conversion                                                ; Off                ; Off                ;
; Block Design Naming                                                        ; Auto               ; Auto               ;
; SDC constraint protection                                                  ; Off                ; Off                ;
; Synthesis Effort                                                           ; Auto               ; Auto               ;
; Shift Register Replacement - Allow Asynchronous Clear Signal               ; On                 ; On                 ;
; Analysis & Synthesis Message Level                                         ; Medium             ; Medium             ;
; Disable Register Merging Across Hierarchies                                ; Auto               ; Auto               ;
; Resource Aware Inference For Block RAM                                     ; On                 ; On                 ;
+----------------------------------------------------------------------------+--------------------+--------------------+


Parallel compilation was disabled, but you have multiple processors available. Enable parallel compilation to reduce compilation time.
+-------------------------------------+
; Parallel Compilation                ;
+----------------------------+--------+
; Processors                 ; Number ;
+----------------------------+--------+
; Number detected on machine ; 2      ;
; Maximum allowed            ; 1      ;
+----------------------------+--------+


+-----------------------------------------------------------------------------------------------------------------------------+
; Analysis & Synthesis Source Files Read                                                                                      ;
+----------------------------------+-----------------+-----------------+------------------------------------------------------+
; File Name with User-Entered Path ; Used in Netlist ; File Type       ; File Name with Absolute Path                         ;
+----------------------------------+-----------------+-----------------+------------------------------------------------------+
; ula.vhd                          ; yes             ; User VHDL File  ; E:/UFPEL/Monitoria/Exemplos TD/ULA/ula.vhd           ;
; soma_sub.vhd                     ; yes             ; User VHDL File  ; E:/UFPEL/Monitoria/Exemplos TD/ULA/soma_sub.vhd      ;
; full_adder.vhd                   ; yes             ; User VHDL File  ; E:/UFPEL/Monitoria/Exemplos TD/ULA/full_adder.vhd    ;
; seg7.vhd                         ; yes             ; User VHDL File  ; E:/UFPEL/Monitoria/Exemplos TD/ULA/seg7.vhd          ;
; shifter_right.vhd                ; yes             ; User VHDL File  ; E:/UFPEL/Monitoria/Exemplos TD/ULA/shifter_right.vhd ;
; shifter_left.vhd                 ; yes             ; User VHDL File  ; E:/UFPEL/Monitoria/Exemplos TD/ULA/shifter_left.vhd  ;
; verifica.vhd                     ; yes             ; User VHDL File  ; E:/UFPEL/Monitoria/Exemplos TD/ULA/verifica.vhd      ;
; mult81.vhd                       ; yes             ; User VHDL File  ; E:/UFPEL/Monitoria/Exemplos TD/ULA/mult81.vhd        ;
; mult21.vhd                       ; yes             ; User VHDL File  ; E:/UFPEL/Monitoria/Exemplos TD/ULA/mult21.vhd        ;
+----------------------------------+-----------------+-----------------+------------------------------------------------------+


+-----------------------------------------------------+
; Analysis & Synthesis Resource Usage Summary         ;
+---------------------------------------------+-------+
; Resource                                    ; Usage ;
+---------------------------------------------+-------+
; Estimated Total logic elements              ; 41    ;
;                                             ;       ;
; Total combinational functions               ; 41    ;
; Logic element usage by number of LUT inputs ;       ;
;     -- 4 input functions                    ; 32    ;
;     -- 3 input functions                    ; 5     ;
;     -- <=2 input functions                  ; 4     ;
;                                             ;       ;
; Logic elements by mode                      ;       ;
;     -- normal mode                          ; 41    ;
;     -- arithmetic mode                      ; 0     ;
;                                             ;       ;
; Total registers                             ; 0     ;
;     -- Dedicated logic registers            ; 0     ;
;     -- I/O registers                        ; 0     ;
;                                             ;       ;
; I/O pins                                    ; 28    ;
; Maximum fan-out node                        ; f[0]  ;
; Maximum fan-out                             ; 18    ;
; Total fan-out                               ; 162   ;
; Average fan-out                             ; 2.35  ;
+---------------------------------------------+-------+


+---------------------------------------------------------------------------------------------------------------------------------------------------------------------------------------------+
; Analysis & Synthesis Resource Utilization by Entity                                                                                                                                         ;
+----------------------------+-------------------+--------------+-------------+--------------+---------+-----------+------+--------------+-------------------------------------+--------------+
; Compilation Hierarchy Node ; LC Combinationals ; LC Registers ; Memory Bits ; DSP Elements ; DSP 9x9 ; DSP 18x18 ; Pins ; Virtual Pins ; Full Hierarchy Name                 ; Library Name ;
+----------------------------+-------------------+--------------+-------------+--------------+---------+-----------+------+--------------+-------------------------------------+--------------+
; |ula                       ; 41 (3)            ; 0 (0)        ; 0           ; 0            ; 0       ; 0         ; 28   ; 0            ; |ula                                ; work         ;
;    |mult81:Multiplexador|  ; 24 (24)           ; 0 (0)        ; 0           ; 0            ; 0       ; 0         ; 0    ; 0            ; |ula|mult81:Multiplexador           ; work         ;
;    |seg7:Display|          ; 7 (7)             ; 0 (0)        ; 0           ; 0            ; 0       ; 0         ; 0    ; 0            ; |ula|seg7:Display                   ; work         ;
;    |soma_sub:Soma|         ; 6 (1)             ; 0 (0)        ; 0           ; 0            ; 0       ; 0         ; 0    ; 0            ; |ula|soma_sub:Soma                  ;              ;
;       |full_adder:Full1|   ; 2 (2)             ; 0 (0)        ; 0           ; 0            ; 0       ; 0         ; 0    ; 0            ; |ula|soma_sub:Soma|full_adder:Full1 ;              ;
;       |full_adder:Full2|   ; 2 (2)             ; 0 (0)        ; 0           ; 0            ; 0       ; 0         ; 0    ; 0            ; |ula|soma_sub:Soma|full_adder:Full2 ; work         ;
;       |full_adder:Full3|   ; 1 (1)             ; 0 (0)        ; 0           ; 0            ; 0       ; 0         ; 0    ; 0            ; |ula|soma_sub:Soma|full_adder:Full3 ; work         ;
;    |verifica:Verificazero| ; 1 (1)             ; 0 (0)        ; 0           ; 0            ; 0       ; 0         ; 0    ; 0            ; |ula|verifica:Verificazero          ; work         ;
+----------------------------+-------------------+--------------+-------------+--------------+---------+-----------+------+--------------+-------------------------------------+--------------+
Note: For table entries with two numbers listed, the numbers in parentheses indicate the number of resources of the given type used by the specific entity alone. The numbers listed outside of parentheses indicate the total resources of the given type used by the specific entity and all of its sub-entities in the hierarchy.


+------------------------------------------------------+
; General Register Statistics                          ;
+----------------------------------------------+-------+
; Statistic                                    ; Value ;
+----------------------------------------------+-------+
; Total registers                              ; 0     ;
; Number of registers using Synchronous Clear  ; 0     ;
; Number of registers using Synchronous Load   ; 0     ;
; Number of registers using Asynchronous Clear ; 0     ;
; Number of registers using Asynchronous Load  ; 0     ;
; Number of registers using Clock Enable       ; 0     ;
; Number of registers using Preset             ; 0     ;
+----------------------------------------------+-------+


+----------------------------------------------------------------------------------------------------------------------------------------------+
; Multiplexer Restructuring Statistics (Restructuring Performed)                                                                               ;
+--------------------+-----------+---------------+----------------------+------------------------+------------+--------------------------------+
; Multiplexer Inputs ; Bus Width ; Baseline Area ; Area if Restructured ; Saving if Restructured ; Registered ; Example Multiplexer Output     ;
+--------------------+-----------+---------------+----------------------+------------------------+------------+--------------------------------+
; 8:1                ; 2 bits    ; 10 LEs        ; 8 LEs                ; 2 LEs                  ; No         ; |ula|mult81:Multiplexador|Mux1 ;
+--------------------+-----------+---------------+----------------------+------------------------+------------+--------------------------------+


+------------------------------------------------------------------------+
; Port Connectivity Checks: "shifter_right:SRight|mult21:Multiplexador4" ;
+------+-------+----------+----------------------------------------------+
; Port ; Type  ; Severity ; Details                                      ;
+------+-------+----------+----------------------------------------------+
; sel  ; Input ; Info     ; Stuck at GND                                 ;
+------+-------+----------+----------------------------------------------+


+------------------------------------------------------------------------+
; Port Connectivity Checks: "shifter_right:SRight|mult21:Multiplexador3" ;
+------+-------+----------+----------------------------------------------+
; Port ; Type  ; Severity ; Details                                      ;
+------+-------+----------+----------------------------------------------+
; sel  ; Input ; Info     ; Stuck at GND                                 ;
+------+-------+----------+----------------------------------------------+


+------------------------------------------------------------------------+
; Port Connectivity Checks: "shifter_right:SRight|mult21:Multiplexador2" ;
+------+-------+----------+----------------------------------------------+
; Port ; Type  ; Severity ; Details                                      ;
+------+-------+----------+----------------------------------------------+
; sel  ; Input ; Info     ; Stuck at GND                                 ;
+------+-------+----------+----------------------------------------------+


+------------------------------------------------------------------------+
; Port Connectivity Checks: "shifter_right:SRight|mult21:Multiplexador1" ;
+------+-------+----------+----------------------------------------------+
; Port ; Type  ; Severity ; Details                                      ;
+------+-------+----------+----------------------------------------------+
; a    ; Input ; Info     ; Stuck at GND                                 ;
; sel  ; Input ; Info     ; Stuck at GND                                 ;
+------+-------+----------+----------------------------------------------+


+----------------------------------------------------------------------+
; Port Connectivity Checks: "shifter_left:SLeft|mult21:Multiplexador4" ;
+------+-------+----------+--------------------------------------------+
; Port ; Type  ; Severity ; Details                                    ;
+------+-------+----------+--------------------------------------------+
; b    ; Input ; Info     ; Stuck at GND                               ;
; sel  ; Input ; Info     ; Stuck at VCC                               ;
+------+-------+----------+--------------------------------------------+


+----------------------------------------------------------------------+
; Port Connectivity Checks: "shifter_left:SLeft|mult21:Multiplexador3" ;
+------+-------+----------+--------------------------------------------+
; Port ; Type  ; Severity ; Details                                    ;
+------+-------+----------+--------------------------------------------+
; sel  ; Input ; Info     ; Stuck at VCC                               ;
+------+-------+----------+--------------------------------------------+


+----------------------------------------------------------------------+
; Port Connectivity Checks: "shifter_left:SLeft|mult21:Multiplexador2" ;
+------+-------+----------+--------------------------------------------+
; Port ; Type  ; Severity ; Details                                    ;
+------+-------+----------+--------------------------------------------+
; sel  ; Input ; Info     ; Stuck at VCC                               ;
+------+-------+----------+--------------------------------------------+


+----------------------------------------------------------------------+
; Port Connectivity Checks: "shifter_left:SLeft|mult21:Multiplexador1" ;
+------+-------+----------+--------------------------------------------+
; Port ; Type  ; Severity ; Details                                    ;
+------+-------+----------+--------------------------------------------+
; sel  ; Input ; Info     ; Stuck at VCC                               ;
+------+-------+----------+--------------------------------------------+


+-------------------------------+
; Analysis & Synthesis Messages ;
+-------------------------------+
Info: *******************************************************************
Info: Running Quartus II Analysis & Synthesis
    Info: Version 9.1 Build 350 03/24/2010 Service Pack 2 SJ Web Edition
    Info: Processing started: Thu May 26 15:00:24 2011
Info: Command: quartus_map --read_settings_files=on --write_settings_files=off ula -c ula
Info: Found 2 design units, including 1 entities, in source file ula.vhd
    Info: Found design unit 1: ula-arq_ula
    Info: Found entity 1: ula
Info: Found 2 design units, including 1 entities, in source file soma_sub.vhd
    Info: Found design unit 1: soma_sub-arq_soma_sub
    Info: Found entity 1: soma_sub
Info: Found 2 design units, including 1 entities, in source file full_adder.vhd
    Info: Found design unit 1: full_adder-arq_full_adder
    Info: Found entity 1: full_adder
Info: Found 2 design units, including 1 entities, in source file seg7.vhd
    Info: Found design unit 1: seg7-arq_seg7
    Info: Found entity 1: seg7
Info: Found 2 design units, including 1 entities, in source file shifter_right.vhd
    Info: Found design unit 1: shifter_right-arq_shifter_right
    Info: Found entity 1: shifter_right
Info: Found 2 design units, including 1 entities, in source file shifter_left.vhd
    Info: Found design unit 1: shifter_left-arq_shifter_left
    Info: Found entity 1: shifter_left
Info: Found 2 design units, including 1 entities, in source file verifica.vhd
    Info: Found design unit 1: verifica-arq_verifica
    Info: Found entity 1: verifica
Info: Found 2 design units, including 1 entities, in source file mult81.vhd
    Info: Found design unit 1: mult81-arq_mult81
    Info: Found entity 1: mult81
Info: Found 2 design units, including 1 entities, in source file mult21.vhd
    Info: Found design unit 1: mult21-arq_mult21
    Info: Found entity 1: mult21
Info: Elaborating entity "ula" for the top level hierarchy
Info: Elaborating entity "soma_sub" for hierarchy "soma_sub:Soma"
Info: Elaborating entity "full_adder" for hierarchy "soma_sub:Soma|full_adder:Full1"
Info: Elaborating entity "shifter_left" for hierarchy "shifter_left:SLeft"
Info: Elaborating entity "mult21" for hierarchy "shifter_left:SLeft|mult21:Multiplexador1"
Info: Elaborating entity "shifter_right" for hierarchy "shifter_right:SRight"
Info: Elaborating entity "mult81" for hierarchy "mult81:Multiplexador"
Info: Elaborating entity "verifica" for hierarchy "verifica:Verificazero"
Info: Elaborating entity "seg7" for hierarchy "seg7:Display"
Warning: Output pins are stuck at VCC or GND
    Warning (13410): Pin "s[7]" is stuck at VCC
    Warning (13410): Pin "s[8]" is stuck at VCC
    Warning (13410): Pin "s[9]" is stuck at VCC
    Warning (13410): Pin "s[10]" is stuck at VCC
    Warning (13410): Pin "s[11]" is stuck at VCC
    Warning (13410): Pin "s[12]" is stuck at VCC
Info: Implemented 69 device resources after synthesis - the final resource count might be different
    Info: Implemented 11 input pins
    Info: Implemented 17 output pins
    Info: Implemented 41 logic cells
Info: Quartus II Analysis & Synthesis was successful. 0 errors, 7 warnings
    Info: Peak virtual memory: 225 megabytes
    Info: Processing ended: Thu May 26 15:00:29 2011
    Info: Elapsed time: 00:00:05
    Info: Total CPU time (on all processors): 00:00:04


