Classic Timing Analyzer report for contador
Tue May 24 14:36:45 2011
Quartus II Version 9.1 Build 350 03/24/2010 Service Pack 2 SJ Web Edition


---------------------
; Table of Contents ;
---------------------
  1. Legal Notice
  2. Timing Analyzer Summary
  3. Timing Analyzer Settings
  4. Clock Settings Summary
  5. Parallel Compilation
  6. Clock Setup: 'clk'
  7. tsu
  8. tco
  9. th
 10. Timing Analyzer Messages



----------------
; Legal Notice ;
----------------
Copyright (C) 1991-2010 Altera Corporation
Your use of Altera Corporation's design tools, logic functions 
and other software and tools, and its AMPP partner logic 
functions, and any output files from any of the foregoing 
(including device programming or simulation files), and any 
associated documentation or information are expressly subject 
to the terms and conditions of the Altera Program License 
Subscription Agreement, Altera MegaCore Function License 
Agreement, or other applicable license agreement, including, 
without limitation, that your use is for the sole purpose of 
programming logic devices manufactured by Altera and sold by 
Altera or its authorized distributors.  Please refer to the 
applicable agreement for further details.



+--------------------------------------------------------------------------------------------------------------------------------------------------------------------+
; Timing Analyzer Summary                                                                                                                                            ;
+------------------------------+-------+---------------+------------------------------------------------+----------+----------+------------+----------+--------------+
; Type                         ; Slack ; Required Time ; Actual Time                                    ; From     ; To       ; From Clock ; To Clock ; Failed Paths ;
+------------------------------+-------+---------------+------------------------------------------------+----------+----------+------------+----------+--------------+
; Worst-case tsu               ; N/A   ; None          ; -0.123 ns                                      ; clr      ; count[0] ; --         ; clk      ; 0            ;
; Worst-case tco               ; N/A   ; None          ; 8.582 ns                                       ; count[1] ; q[1]     ; clk        ; --       ; 0            ;
; Worst-case th                ; N/A   ; None          ; 0.662 ns                                       ; clr      ; count[2] ; --         ; clk      ; 0            ;
; Clock Setup: 'clk'           ; N/A   ; None          ; Restricted to 420.17 MHz ( period = 2.380 ns ) ; count[2] ; count[0] ; clk        ; clk      ; 0            ;
; Total number of failed paths ;       ;               ;                                                ;          ;          ;            ;          ; 0            ;
+------------------------------+-------+---------------+------------------------------------------------+----------+----------+------------+----------+--------------+


+-----------------------------------------------------------------------------------------------------------------------------------------------------+
; Timing Analyzer Settings                                                                                                                            ;
+------------------------------------------------------------------------------------------------------+--------------------+------+----+-------------+
; Option                                                                                               ; Setting            ; From ; To ; Entity Name ;
+------------------------------------------------------------------------------------------------------+--------------------+------+----+-------------+
; Device Name                                                                                          ; EP2C35F672C6       ;      ;    ;             ;
; Timing Models                                                                                        ; Final              ;      ;    ;             ;
; Default hold multicycle                                                                              ; Same as Multicycle ;      ;    ;             ;
; Cut paths between unrelated clock domains                                                            ; On                 ;      ;    ;             ;
; Cut off read during write signal paths                                                               ; On                 ;      ;    ;             ;
; Cut off feedback from I/O pins                                                                       ; On                 ;      ;    ;             ;
; Report Combined Fast/Slow Timing                                                                     ; Off                ;      ;    ;             ;
; Ignore Clock Settings                                                                                ; Off                ;      ;    ;             ;
; Analyze latches as synchronous elements                                                              ; On                 ;      ;    ;             ;
; Enable Recovery/Removal analysis                                                                     ; Off                ;      ;    ;             ;
; Enable Clock Latency                                                                                 ; Off                ;      ;    ;             ;
; Use TimeQuest Timing Analyzer                                                                        ; Off                ;      ;    ;             ;
; Minimum Core Junction Temperature                                                                    ; 0                  ;      ;    ;             ;
; Maximum Core Junction Temperature                                                                    ; 85                 ;      ;    ;             ;
; Number of source nodes to report per destination node                                                ; 10                 ;      ;    ;             ;
; Number of destination nodes to report                                                                ; 10                 ;      ;    ;             ;
; Number of paths to report                                                                            ; 200                ;      ;    ;             ;
; Report Minimum Timing Checks                                                                         ; Off                ;      ;    ;             ;
; Use Fast Timing Models                                                                               ; Off                ;      ;    ;             ;
; Report IO Paths Separately                                                                           ; Off                ;      ;    ;             ;
; Perform Multicorner Analysis                                                                         ; On                 ;      ;    ;             ;
; Reports the worst-case path for each clock domain and analysis                                       ; Off                ;      ;    ;             ;
; Reports worst-case timing paths for each clock domain and analysis                                   ; On                 ;      ;    ;             ;
; Specifies the maximum number of worst-case timing paths to report for each clock domain and analysis ; 100                ;      ;    ;             ;
; Removes common clock path pessimism (CCPP) during slack computation                                  ; Off                ;      ;    ;             ;
; Output I/O Timing Endpoint                                                                           ; Near End           ;      ;    ;             ;
+------------------------------------------------------------------------------------------------------+--------------------+------+----+-------------+


+------------------------------------------------------------------------------------------------------------------------------------------------------------------------------------+
; Clock Settings Summary                                                                                                                                                             ;
+-----------------+--------------------+----------+------------------+---------------+--------------+----------+-----------------------+---------------------+--------+--------------+
; Clock Node Name ; Clock Setting Name ; Type     ; Fmax Requirement ; Early Latency ; Late Latency ; Based on ; Multiply Base Fmax by ; Divide Base Fmax by ; Offset ; Phase offset ;
+-----------------+--------------------+----------+------------------+---------------+--------------+----------+-----------------------+---------------------+--------+--------------+
; clk             ;                    ; User Pin ; None             ; 0.000 ns      ; 0.000 ns     ; --       ; N/A                   ; N/A                 ; N/A    ;              ;
+-----------------+--------------------+----------+------------------+---------------+--------------+----------+-----------------------+---------------------+--------+--------------+


Parallel compilation was disabled, but you have multiple processors available. Enable parallel compilation to reduce compilation time.
+-------------------------------------+
; Parallel Compilation                ;
+----------------------------+--------+
; Processors                 ; Number ;
+----------------------------+--------+
; Number detected on machine ; 2      ;
; Maximum allowed            ; 1      ;
+----------------------------+--------+


+------------------------------------------------------------------------------------------------------------------------------------------------------------------------------------------+
; Clock Setup: 'clk'                                                                                                                                                                       ;
+-------+------------------------------------------------+----------+----------+------------+----------+-----------------------------+---------------------------+-------------------------+
; Slack ; Actual fmax (period)                           ; From     ; To       ; From Clock ; To Clock ; Required Setup Relationship ; Required Longest P2P Time ; Actual Longest P2P Time ;
+-------+------------------------------------------------+----------+----------+------------+----------+-----------------------------+---------------------------+-------------------------+
; N/A   ; Restricted to 420.17 MHz ( period = 2.380 ns ) ; count[2] ; count[0] ; clk        ; clk      ; None                        ; None                      ; 0.824 ns                ;
; N/A   ; Restricted to 420.17 MHz ( period = 2.380 ns ) ; count[2] ; count[1] ; clk        ; clk      ; None                        ; None                      ; 0.543 ns                ;
; N/A   ; Restricted to 420.17 MHz ( period = 2.380 ns ) ; count[1] ; count[0] ; clk        ; clk      ; None                        ; None                      ; 0.541 ns                ;
; N/A   ; Restricted to 420.17 MHz ( period = 2.380 ns ) ; count[2] ; count[2] ; clk        ; clk      ; None                        ; None                      ; 0.407 ns                ;
; N/A   ; Restricted to 420.17 MHz ( period = 2.380 ns ) ; count[1] ; count[1] ; clk        ; clk      ; None                        ; None                      ; 0.407 ns                ;
; N/A   ; Restricted to 420.17 MHz ( period = 2.380 ns ) ; count[0] ; count[0] ; clk        ; clk      ; None                        ; None                      ; 0.407 ns                ;
+-------+------------------------------------------------+----------+----------+------------+----------+-----------------------------+---------------------------+-------------------------+


+----------------------------------------------------------------+
; tsu                                                            ;
+-------+--------------+------------+------+----------+----------+
; Slack ; Required tsu ; Actual tsu ; From ; To       ; To Clock ;
+-------+--------------+------------+------+----------+----------+
; N/A   ; None         ; -0.123 ns  ; clr  ; count[0] ; clk      ;
; N/A   ; None         ; -0.125 ns  ; clr  ; count[1] ; clk      ;
; N/A   ; None         ; -0.432 ns  ; clr  ; count[2] ; clk      ;
+-------+--------------+------------+------+----------+----------+


+------------------------------------------------------------------+
; tco                                                              ;
+-------+--------------+------------+----------+------+------------+
; Slack ; Required tco ; Actual tco ; From     ; To   ; From Clock ;
+-------+--------------+------------+----------+------+------------+
; N/A   ; None         ; 8.582 ns   ; count[1] ; q[1] ; clk        ;
; N/A   ; None         ; 7.729 ns   ; count[0] ; q[0] ; clk        ;
; N/A   ; None         ; 6.687 ns   ; count[2] ; q[2] ; clk        ;
+-------+--------------+------------+----------+------+------------+


+----------------------------------------------------------------------+
; th                                                                   ;
+---------------+-------------+-----------+------+----------+----------+
; Minimum Slack ; Required th ; Actual th ; From ; To       ; To Clock ;
+---------------+-------------+-----------+------+----------+----------+
; N/A           ; None        ; 0.662 ns  ; clr  ; count[2] ; clk      ;
; N/A           ; None        ; 0.355 ns  ; clr  ; count[1] ; clk      ;
; N/A           ; None        ; 0.353 ns  ; clr  ; count[0] ; clk      ;
+---------------+-------------+-----------+------+----------+----------+


+--------------------------+
; Timing Analyzer Messages ;
+--------------------------+
Info: *******************************************************************
Info: Running Quartus II Classic Timing Analyzer
    Info: Version 9.1 Build 350 03/24/2010 Service Pack 2 SJ Web Edition
    Info: Processing started: Tue May 24 14:36:45 2011
Info: Command: quartus_tan --read_settings_files=off --write_settings_files=off contador -c contador --timing_analysis_only
Warning: Found pins functioning as undefined clocks and/or memory enables
    Info: Assuming node "clk" is an undefined clock
Info: Clock "clk" Internal fmax is restricted to 420.17 MHz between source register "count[2]" and destination register "count[0]"
    Info: fmax restricted to clock pin edge rate 2.38 ns. Expand message to see actual delay path.
        Info: + Longest register to register delay is 0.824 ns
            Info: 1: + IC(0.000 ns) + CELL(0.000 ns) = 0.000 ns; Loc. = LCFF_X29_Y30_N1; Fanout = 4; REG Node = 'count[2]'
            Info: 2: + IC(0.321 ns) + CELL(0.419 ns) = 0.740 ns; Loc. = LCCOMB_X29_Y30_N20; Fanout = 1; COMB Node = 'count[0]~2'
            Info: 3: + IC(0.000 ns) + CELL(0.084 ns) = 0.824 ns; Loc. = LCFF_X29_Y30_N21; Fanout = 2; REG Node = 'count[0]'
            Info: Total cell delay = 0.503 ns ( 61.04 % )
            Info: Total interconnect delay = 0.321 ns ( 38.96 % )
        Info: - Smallest clock skew is 0.000 ns
            Info: + Shortest clock path from clock "clk" to destination register is 2.681 ns
                Info: 1: + IC(0.000 ns) + CELL(0.999 ns) = 0.999 ns; Loc. = PIN_P2; Fanout = 1; CLK Node = 'clk'
                Info: 2: + IC(0.118 ns) + CELL(0.000 ns) = 1.117 ns; Loc. = CLKCTRL_G3; Fanout = 3; COMB Node = 'clk~clkctrl'
                Info: 3: + IC(1.027 ns) + CELL(0.537 ns) = 2.681 ns; Loc. = LCFF_X29_Y30_N21; Fanout = 2; REG Node = 'count[0]'
                Info: Total cell delay = 1.536 ns ( 57.29 % )
                Info: Total interconnect delay = 1.145 ns ( 42.71 % )
            Info: - Longest clock path from clock "clk" to source register is 2.681 ns
                Info: 1: + IC(0.000 ns) + CELL(0.999 ns) = 0.999 ns; Loc. = PIN_P2; Fanout = 1; CLK Node = 'clk'
                Info: 2: + IC(0.118 ns) + CELL(0.000 ns) = 1.117 ns; Loc. = CLKCTRL_G3; Fanout = 3; COMB Node = 'clk~clkctrl'
                Info: 3: + IC(1.027 ns) + CELL(0.537 ns) = 2.681 ns; Loc. = LCFF_X29_Y30_N1; Fanout = 4; REG Node = 'count[2]'
                Info: Total cell delay = 1.536 ns ( 57.29 % )
                Info: Total interconnect delay = 1.145 ns ( 42.71 % )
        Info: + Micro clock to output delay of source is 0.250 ns
        Info: + Micro setup delay of destination is -0.036 ns
Info: tsu for register "count[0]" (data pin = "clr", clock pin = "clk") is -0.123 ns
    Info: + Longest pin to register delay is 2.594 ns
        Info: 1: + IC(0.000 ns) + CELL(0.979 ns) = 0.979 ns; Loc. = PIN_C13; Fanout = 3; PIN Node = 'clr'
        Info: 2: + IC(1.093 ns) + CELL(0.438 ns) = 2.510 ns; Loc. = LCCOMB_X29_Y30_N20; Fanout = 1; COMB Node = 'count[0]~2'
        Info: 3: + IC(0.000 ns) + CELL(0.084 ns) = 2.594 ns; Loc. = LCFF_X29_Y30_N21; Fanout = 2; REG Node = 'count[0]'
        Info: Total cell delay = 1.501 ns ( 57.86 % )
        Info: Total interconnect delay = 1.093 ns ( 42.14 % )
    Info: + Micro setup delay of destination is -0.036 ns
    Info: - Shortest clock path from clock "clk" to destination register is 2.681 ns
        Info: 1: + IC(0.000 ns) + CELL(0.999 ns) = 0.999 ns; Loc. = PIN_P2; Fanout = 1; CLK Node = 'clk'
        Info: 2: + IC(0.118 ns) + CELL(0.000 ns) = 1.117 ns; Loc. = CLKCTRL_G3; Fanout = 3; COMB Node = 'clk~clkctrl'
        Info: 3: + IC(1.027 ns) + CELL(0.537 ns) = 2.681 ns; Loc. = LCFF_X29_Y30_N21; Fanout = 2; REG Node = 'count[0]'
        Info: Total cell delay = 1.536 ns ( 57.29 % )
        Info: Total interconnect delay = 1.145 ns ( 42.71 % )
Info: tco from clock "clk" to destination pin "q[1]" through register "count[1]" is 8.582 ns
    Info: + Longest clock path from clock "clk" to source register is 2.681 ns
        Info: 1: + IC(0.000 ns) + CELL(0.999 ns) = 0.999 ns; Loc. = PIN_P2; Fanout = 1; CLK Node = 'clk'
        Info: 2: + IC(0.118 ns) + CELL(0.000 ns) = 1.117 ns; Loc. = CLKCTRL_G3; Fanout = 3; COMB Node = 'clk~clkctrl'
        Info: 3: + IC(1.027 ns) + CELL(0.537 ns) = 2.681 ns; Loc. = LCFF_X29_Y30_N3; Fanout = 3; REG Node = 'count[1]'
        Info: Total cell delay = 1.536 ns ( 57.29 % )
        Info: Total interconnect delay = 1.145 ns ( 42.71 % )
    Info: + Micro clock to output delay of source is 0.250 ns
    Info: + Longest register to pin delay is 5.651 ns
        Info: 1: + IC(0.000 ns) + CELL(0.000 ns) = 0.000 ns; Loc. = LCFF_X29_Y30_N3; Fanout = 3; REG Node = 'count[1]'
        Info: 2: + IC(2.863 ns) + CELL(2.788 ns) = 5.651 ns; Loc. = PIN_V11; Fanout = 0; PIN Node = 'q[1]'
        Info: Total cell delay = 2.788 ns ( 49.34 % )
        Info: Total interconnect delay = 2.863 ns ( 50.66 % )
Info: th for register "count[2]" (data pin = "clr", clock pin = "clk") is 0.662 ns
    Info: + Longest clock path from clock "clk" to destination register is 2.681 ns
        Info: 1: + IC(0.000 ns) + CELL(0.999 ns) = 0.999 ns; Loc. = PIN_P2; Fanout = 1; CLK Node = 'clk'
        Info: 2: + IC(0.118 ns) + CELL(0.000 ns) = 1.117 ns; Loc. = CLKCTRL_G3; Fanout = 3; COMB Node = 'clk~clkctrl'
        Info: 3: + IC(1.027 ns) + CELL(0.537 ns) = 2.681 ns; Loc. = LCFF_X29_Y30_N1; Fanout = 4; REG Node = 'count[2]'
        Info: Total cell delay = 1.536 ns ( 57.29 % )
        Info: Total interconnect delay = 1.145 ns ( 42.71 % )
    Info: + Micro hold delay of destination is 0.266 ns
    Info: - Shortest pin to register delay is 2.285 ns
        Info: 1: + IC(0.000 ns) + CELL(0.979 ns) = 0.979 ns; Loc. = PIN_C13; Fanout = 3; PIN Node = 'clr'
        Info: 2: + IC(1.072 ns) + CELL(0.150 ns) = 2.201 ns; Loc. = LCCOMB_X29_Y30_N0; Fanout = 1; COMB Node = 'count[2]~0'
        Info: 3: + IC(0.000 ns) + CELL(0.084 ns) = 2.285 ns; Loc. = LCFF_X29_Y30_N1; Fanout = 4; REG Node = 'count[2]'
        Info: Total cell delay = 1.213 ns ( 53.09 % )
        Info: Total interconnect delay = 1.072 ns ( 46.91 % )
Info: Quartus II Classic Timing Analyzer was successful. 0 errors, 1 warning
    Info: Peak virtual memory: 168 megabytes
    Info: Processing ended: Tue May 24 14:36:45 2011
    Info: Elapsed time: 00:00:00
    Info: Total CPU time (on all processors): 00:00:01


