Classic Timing Analyzer report for latch_d
Mon May 02 14:16:52 2011
Quartus II Version 9.1 Build 350 03/24/2010 Service Pack 2 SJ Web Edition


---------------------
; Table of Contents ;
---------------------
  1. Legal Notice
  2. Timing Analyzer Summary
  3. Timing Analyzer Settings
  4. Clock Settings Summary
  5. Parallel Compilation
  6. tsu
  7. tco
  8. th
  9. Timing Analyzer Messages



----------------
; Legal Notice ;
----------------
Copyright (C) 1991-2010 Altera Corporation
Your use of Altera Corporation's design tools, logic functions 
and other software and tools, and its AMPP partner logic 
functions, and any output files from any of the foregoing 
(including device programming or simulation files), and any 
associated documentation or information are expressly subject 
to the terms and conditions of the Altera Program License 
Subscription Agreement, Altera MegaCore Function License 
Agreement, or other applicable license agreement, including, 
without limitation, that your use is for the sole purpose of 
programming logic devices manufactured by Altera and sold by 
Altera or its authorized distributors.  Please refer to the 
applicable agreement for further details.



+--------------------------------------------------------------------------------------------------------------------------------+
; Timing Analyzer Summary                                                                                                        ;
+------------------------------+-------+---------------+-------------+---------+----------+------------+----------+--------------+
; Type                         ; Slack ; Required Time ; Actual Time ; From    ; To       ; From Clock ; To Clock ; Failed Paths ;
+------------------------------+-------+---------------+-------------+---------+----------+------------+----------+--------------+
; Worst-case tsu               ; N/A   ; None          ; -0.058 ns   ; d       ; q$latch  ; --         ; c        ; 0            ;
; Worst-case tco               ; N/A   ; None          ; 6.145 ns    ; q$latch ; q        ; c          ; --       ; 0            ;
; Worst-case th                ; N/A   ; None          ; 0.758 ns    ; d       ; qb$latch ; --         ; c        ; 0            ;
; Total number of failed paths ;       ;               ;             ;         ;          ;            ;          ; 0            ;
+------------------------------+-------+---------------+-------------+---------+----------+------------+----------+--------------+


+-----------------------------------------------------------------------------------------------------------------------------------------------------+
; Timing Analyzer Settings                                                                                                                            ;
+------------------------------------------------------------------------------------------------------+--------------------+------+----+-------------+
; Option                                                                                               ; Setting            ; From ; To ; Entity Name ;
+------------------------------------------------------------------------------------------------------+--------------------+------+----+-------------+
; Device Name                                                                                          ; EP2C35F672C6       ;      ;    ;             ;
; Timing Models                                                                                        ; Final              ;      ;    ;             ;
; Default hold multicycle                                                                              ; Same as Multicycle ;      ;    ;             ;
; Cut paths between unrelated clock domains                                                            ; On                 ;      ;    ;             ;
; Cut off read during write signal paths                                                               ; On                 ;      ;    ;             ;
; Cut off feedback from I/O pins                                                                       ; On                 ;      ;    ;             ;
; Report Combined Fast/Slow Timing                                                                     ; Off                ;      ;    ;             ;
; Ignore Clock Settings                                                                                ; Off                ;      ;    ;             ;
; Analyze latches as synchronous elements                                                              ; On                 ;      ;    ;             ;
; Enable Recovery/Removal analysis                                                                     ; Off                ;      ;    ;             ;
; Enable Clock Latency                                                                                 ; Off                ;      ;    ;             ;
; Use TimeQuest Timing Analyzer                                                                        ; Off                ;      ;    ;             ;
; Minimum Core Junction Temperature                                                                    ; 0                  ;      ;    ;             ;
; Maximum Core Junction Temperature                                                                    ; 85                 ;      ;    ;             ;
; Number of source nodes to report per destination node                                                ; 10                 ;      ;    ;             ;
; Number of destination nodes to report                                                                ; 10                 ;      ;    ;             ;
; Number of paths to report                                                                            ; 200                ;      ;    ;             ;
; Report Minimum Timing Checks                                                                         ; Off                ;      ;    ;             ;
; Use Fast Timing Models                                                                               ; Off                ;      ;    ;             ;
; Report IO Paths Separately                                                                           ; Off                ;      ;    ;             ;
; Perform Multicorner Analysis                                                                         ; On                 ;      ;    ;             ;
; Reports the worst-case path for each clock domain and analysis                                       ; Off                ;      ;    ;             ;
; Reports worst-case timing paths for each clock domain and analysis                                   ; On                 ;      ;    ;             ;
; Specifies the maximum number of worst-case timing paths to report for each clock domain and analysis ; 100                ;      ;    ;             ;
; Removes common clock path pessimism (CCPP) during slack computation                                  ; Off                ;      ;    ;             ;
; Output I/O Timing Endpoint                                                                           ; Near End           ;      ;    ;             ;
+------------------------------------------------------------------------------------------------------+--------------------+------+----+-------------+


+------------------------------------------------------------------------------------------------------------------------------------------------------------------------------------+
; Clock Settings Summary                                                                                                                                                             ;
+-----------------+--------------------+----------+------------------+---------------+--------------+----------+-----------------------+---------------------+--------+--------------+
; Clock Node Name ; Clock Setting Name ; Type     ; Fmax Requirement ; Early Latency ; Late Latency ; Based on ; Multiply Base Fmax by ; Divide Base Fmax by ; Offset ; Phase offset ;
+-----------------+--------------------+----------+------------------+---------------+--------------+----------+-----------------------+---------------------+--------+--------------+
; c               ;                    ; User Pin ; None             ; 0.000 ns      ; 0.000 ns     ; --       ; N/A                   ; N/A                 ; N/A    ;              ;
+-----------------+--------------------+----------+------------------+---------------+--------------+----------+-----------------------+---------------------+--------+--------------+


Parallel compilation was disabled, but you have multiple processors available. Enable parallel compilation to reduce compilation time.
+-------------------------------------+
; Parallel Compilation                ;
+----------------------------+--------+
; Processors                 ; Number ;
+----------------------------+--------+
; Number detected on machine ; 2      ;
; Maximum allowed            ; 1      ;
+----------------------------+--------+


+----------------------------------------------------------------+
; tsu                                                            ;
+-------+--------------+------------+------+----------+----------+
; Slack ; Required tsu ; Actual tsu ; From ; To       ; To Clock ;
+-------+--------------+------------+------+----------+----------+
; N/A   ; None         ; -0.058 ns  ; d    ; q$latch  ; c        ;
; N/A   ; None         ; -0.090 ns  ; d    ; qb$latch ; c        ;
+-------+--------------+------------+------+----------+----------+


+----------------------------------------------------------------+
; tco                                                            ;
+-------+--------------+------------+----------+----+------------+
; Slack ; Required tco ; Actual tco ; From     ; To ; From Clock ;
+-------+--------------+------------+----------+----+------------+
; N/A   ; None         ; 6.145 ns   ; q$latch  ; q  ; c          ;
; N/A   ; None         ; 6.134 ns   ; qb$latch ; qb ; c          ;
+-------+--------------+------------+----------+----+------------+


+----------------------------------------------------------------------+
; th                                                                   ;
+---------------+-------------+-----------+------+----------+----------+
; Minimum Slack ; Required th ; Actual th ; From ; To       ; To Clock ;
+---------------+-------------+-----------+------+----------+----------+
; N/A           ; None        ; 0.758 ns  ; d    ; qb$latch ; c        ;
; N/A           ; None        ; 0.726 ns  ; d    ; q$latch  ; c        ;
+---------------+-------------+-----------+------+----------+----------+


+--------------------------+
; Timing Analyzer Messages ;
+--------------------------+
Info: *******************************************************************
Info: Running Quartus II Classic Timing Analyzer
    Info: Version 9.1 Build 350 03/24/2010 Service Pack 2 SJ Web Edition
    Info: Processing started: Mon May 02 14:16:52 2011
Info: Command: quartus_tan --read_settings_files=off --write_settings_files=off latch_d -c latch_d --timing_analysis_only
Warning: Timing Analysis is analyzing one or more combinational loops as latches
    Warning: Node "q$latch" is a latch
    Warning: Node "qb$latch" is a latch
Warning: Found pins functioning as undefined clocks and/or memory enables
    Info: Assuming node "c" is a latch enable. Will not compute fmax for this pin.
Info: tsu for register "q$latch" (data pin = "d", clock pin = "c") is -0.058 ns
    Info: + Longest pin to register delay is 2.045 ns
        Info: 1: + IC(0.000 ns) + CELL(0.979 ns) = 0.979 ns; Loc. = PIN_C13; Fanout = 2; PIN Node = 'd'
        Info: 2: + IC(0.647 ns) + CELL(0.419 ns) = 2.045 ns; Loc. = LCCOMB_X30_Y35_N0; Fanout = 1; REG Node = 'q$latch'
        Info: Total cell delay = 1.398 ns ( 68.36 % )
        Info: Total interconnect delay = 0.647 ns ( 31.64 % )
    Info: + Micro setup delay of destination is 0.668 ns
    Info: - Shortest clock path from clock "c" to destination register is 2.771 ns
        Info: 1: + IC(0.000 ns) + CELL(0.999 ns) = 0.999 ns; Loc. = PIN_P2; Fanout = 1; CLK Node = 'c'
        Info: 2: + IC(0.118 ns) + CELL(0.000 ns) = 1.117 ns; Loc. = CLKCTRL_G3; Fanout = 2; COMB Node = 'c~clkctrl'
        Info: 3: + IC(1.379 ns) + CELL(0.275 ns) = 2.771 ns; Loc. = LCCOMB_X30_Y35_N0; Fanout = 1; REG Node = 'q$latch'
        Info: Total cell delay = 1.274 ns ( 45.98 % )
        Info: Total interconnect delay = 1.497 ns ( 54.02 % )
Info: tco from clock "c" to destination pin "q" through register "q$latch" is 6.145 ns
    Info: + Longest clock path from clock "c" to source register is 2.771 ns
        Info: 1: + IC(0.000 ns) + CELL(0.999 ns) = 0.999 ns; Loc. = PIN_P2; Fanout = 1; CLK Node = 'c'
        Info: 2: + IC(0.118 ns) + CELL(0.000 ns) = 1.117 ns; Loc. = CLKCTRL_G3; Fanout = 2; COMB Node = 'c~clkctrl'
        Info: 3: + IC(1.379 ns) + CELL(0.275 ns) = 2.771 ns; Loc. = LCCOMB_X30_Y35_N0; Fanout = 1; REG Node = 'q$latch'
        Info: Total cell delay = 1.274 ns ( 45.98 % )
        Info: Total interconnect delay = 1.497 ns ( 54.02 % )
    Info: + Micro clock to output delay of source is 0.000 ns
    Info: + Longest register to pin delay is 3.374 ns
        Info: 1: + IC(0.000 ns) + CELL(0.000 ns) = 0.000 ns; Loc. = LCCOMB_X30_Y35_N0; Fanout = 1; REG Node = 'q$latch'
        Info: 2: + IC(0.576 ns) + CELL(2.798 ns) = 3.374 ns; Loc. = PIN_C11; Fanout = 0; PIN Node = 'q'
        Info: Total cell delay = 2.798 ns ( 82.93 % )
        Info: Total interconnect delay = 0.576 ns ( 17.07 % )
Info: th for register "qb$latch" (data pin = "d", clock pin = "c") is 0.758 ns
    Info: + Longest clock path from clock "c" to destination register is 2.771 ns
        Info: 1: + IC(0.000 ns) + CELL(0.999 ns) = 0.999 ns; Loc. = PIN_P2; Fanout = 1; CLK Node = 'c'
        Info: 2: + IC(0.118 ns) + CELL(0.000 ns) = 1.117 ns; Loc. = CLKCTRL_G3; Fanout = 2; COMB Node = 'c~clkctrl'
        Info: 3: + IC(1.379 ns) + CELL(0.275 ns) = 2.771 ns; Loc. = LCCOMB_X30_Y35_N2; Fanout = 1; REG Node = 'qb$latch'
        Info: Total cell delay = 1.274 ns ( 45.98 % )
        Info: Total interconnect delay = 1.497 ns ( 54.02 % )
    Info: + Micro hold delay of destination is 0.000 ns
    Info: - Shortest pin to register delay is 2.013 ns
        Info: 1: + IC(0.000 ns) + CELL(0.979 ns) = 0.979 ns; Loc. = PIN_C13; Fanout = 2; PIN Node = 'd'
        Info: 2: + IC(0.646 ns) + CELL(0.388 ns) = 2.013 ns; Loc. = LCCOMB_X30_Y35_N2; Fanout = 1; REG Node = 'qb$latch'
        Info: Total cell delay = 1.367 ns ( 67.91 % )
        Info: Total interconnect delay = 0.646 ns ( 32.09 % )
Info: Quartus II Classic Timing Analyzer was successful. 0 errors, 4 warnings
    Info: Peak virtual memory: 168 megabytes
    Info: Processing ended: Mon May 02 14:16:52 2011
    Info: Elapsed time: 00:00:00
    Info: Total CPU time (on all processors): 00:00:00


