Classic Timing Analyzer report for reg4bit
Mon May 16 14:28:11 2011
Quartus II Version 9.1 Build 350 03/24/2010 Service Pack 2 SJ Web Edition


---------------------
; Table of Contents ;
---------------------
  1. Legal Notice
  2. Timing Analyzer Summary
  3. Timing Analyzer Settings
  4. Clock Settings Summary
  5. Parallel Compilation
  6. tsu
  7. tco
  8. th
  9. Timing Analyzer Messages



----------------
; Legal Notice ;
----------------
Copyright (C) 1991-2010 Altera Corporation
Your use of Altera Corporation's design tools, logic functions 
and other software and tools, and its AMPP partner logic 
functions, and any output files from any of the foregoing 
(including device programming or simulation files), and any 
associated documentation or information are expressly subject 
to the terms and conditions of the Altera Program License 
Subscription Agreement, Altera MegaCore Function License 
Agreement, or other applicable license agreement, including, 
without limitation, that your use is for the sole purpose of 
programming logic devices manufactured by Altera and sold by 
Altera or its authorized distributors.  Please refer to the 
applicable agreement for further details.



+-------------------------------------------------------------------------------------------------------------------------------------------------------+
; Timing Analyzer Summary                                                                                                                               ;
+------------------------------+-------+---------------+-------------+---------------------+---------------------+------------+----------+--------------+
; Type                         ; Slack ; Required Time ; Actual Time ; From                ; To                  ; From Clock ; To Clock ; Failed Paths ;
+------------------------------+-------+---------------+-------------+---------------------+---------------------+------------+----------+--------------+
; Worst-case tsu               ; N/A   ; None          ; 3.570 ns    ; load                ; reg1bit:reg4|q_temp ; --         ; clk      ; 0            ;
; Worst-case tco               ; N/A   ; None          ; 7.619 ns    ; reg1bit:reg1|q_temp ; q[0]                ; clk        ; --       ; 0            ;
; Worst-case th                ; N/A   ; None          ; -2.440 ns   ; d[3]                ; reg1bit:reg4|q_temp ; --         ; clk      ; 0            ;
; Total number of failed paths ;       ;               ;             ;                     ;                     ;            ;          ; 0            ;
+------------------------------+-------+---------------+-------------+---------------------+---------------------+------------+----------+--------------+


+-----------------------------------------------------------------------------------------------------------------------------------------------------+
; Timing Analyzer Settings                                                                                                                            ;
+------------------------------------------------------------------------------------------------------+--------------------+------+----+-------------+
; Option                                                                                               ; Setting            ; From ; To ; Entity Name ;
+------------------------------------------------------------------------------------------------------+--------------------+------+----+-------------+
; Device Name                                                                                          ; EP2S15F484C3       ;      ;    ;             ;
; Timing Models                                                                                        ; Final              ;      ;    ;             ;
; Default hold multicycle                                                                              ; Same as Multicycle ;      ;    ;             ;
; Cut paths between unrelated clock domains                                                            ; On                 ;      ;    ;             ;
; Cut off read during write signal paths                                                               ; On                 ;      ;    ;             ;
; Cut off feedback from I/O pins                                                                       ; On                 ;      ;    ;             ;
; Report Combined Fast/Slow Timing                                                                     ; Off                ;      ;    ;             ;
; Ignore Clock Settings                                                                                ; Off                ;      ;    ;             ;
; Analyze latches as synchronous elements                                                              ; On                 ;      ;    ;             ;
; Enable Recovery/Removal analysis                                                                     ; Off                ;      ;    ;             ;
; Enable Clock Latency                                                                                 ; Off                ;      ;    ;             ;
; Use TimeQuest Timing Analyzer                                                                        ; Off                ;      ;    ;             ;
; Number of source nodes to report per destination node                                                ; 10                 ;      ;    ;             ;
; Number of destination nodes to report                                                                ; 10                 ;      ;    ;             ;
; Number of paths to report                                                                            ; 200                ;      ;    ;             ;
; Report Minimum Timing Checks                                                                         ; Off                ;      ;    ;             ;
; Use Fast Timing Models                                                                               ; Off                ;      ;    ;             ;
; Report IO Paths Separately                                                                           ; Off                ;      ;    ;             ;
; Perform Multicorner Analysis                                                                         ; On                 ;      ;    ;             ;
; Reports the worst-case path for each clock domain and analysis                                       ; Off                ;      ;    ;             ;
; Reports worst-case timing paths for each clock domain and analysis                                   ; Off                ;      ;    ;             ;
; Specifies the maximum number of worst-case timing paths to report for each clock domain and analysis ; 100                ;      ;    ;             ;
; Removes common clock path pessimism (CCPP) during slack computation                                  ; Off                ;      ;    ;             ;
; Output I/O Timing Endpoint                                                                           ; Near End           ;      ;    ;             ;
+------------------------------------------------------------------------------------------------------+--------------------+------+----+-------------+


+------------------------------------------------------------------------------------------------------------------------------------------------------------------------------------+
; Clock Settings Summary                                                                                                                                                             ;
+-----------------+--------------------+----------+------------------+---------------+--------------+----------+-----------------------+---------------------+--------+--------------+
; Clock Node Name ; Clock Setting Name ; Type     ; Fmax Requirement ; Early Latency ; Late Latency ; Based on ; Multiply Base Fmax by ; Divide Base Fmax by ; Offset ; Phase offset ;
+-----------------+--------------------+----------+------------------+---------------+--------------+----------+-----------------------+---------------------+--------+--------------+
; clk             ;                    ; User Pin ; None             ; 0.000 ns      ; 0.000 ns     ; --       ; N/A                   ; N/A                 ; N/A    ;              ;
+-----------------+--------------------+----------+------------------+---------------+--------------+----------+-----------------------+---------------------+--------+--------------+


Parallel compilation was disabled, but you have multiple processors available. Enable parallel compilation to reduce compilation time.
+-------------------------------------+
; Parallel Compilation                ;
+----------------------------+--------+
; Processors                 ; Number ;
+----------------------------+--------+
; Number detected on machine ; 2      ;
; Maximum allowed            ; 1      ;
+----------------------------+--------+


+---------------------------------------------------------------------------+
; tsu                                                                       ;
+-------+--------------+------------+------+---------------------+----------+
; Slack ; Required tsu ; Actual tsu ; From ; To                  ; To Clock ;
+-------+--------------+------------+------+---------------------+----------+
; N/A   ; None         ; 3.570 ns   ; load ; reg1bit:reg1|q_temp ; clk      ;
; N/A   ; None         ; 3.570 ns   ; load ; reg1bit:reg2|q_temp ; clk      ;
; N/A   ; None         ; 3.570 ns   ; load ; reg1bit:reg3|q_temp ; clk      ;
; N/A   ; None         ; 3.570 ns   ; load ; reg1bit:reg4|q_temp ; clk      ;
; N/A   ; None         ; 3.287 ns   ; d[1] ; reg1bit:reg2|q_temp ; clk      ;
; N/A   ; None         ; 3.136 ns   ; d[0] ; reg1bit:reg1|q_temp ; clk      ;
; N/A   ; None         ; 3.081 ns   ; d[2] ; reg1bit:reg3|q_temp ; clk      ;
; N/A   ; None         ; 2.679 ns   ; d[3] ; reg1bit:reg4|q_temp ; clk      ;
+-------+--------------+------------+------+---------------------+----------+


+-----------------------------------------------------------------------------+
; tco                                                                         ;
+-------+--------------+------------+---------------------+------+------------+
; Slack ; Required tco ; Actual tco ; From                ; To   ; From Clock ;
+-------+--------------+------------+---------------------+------+------------+
; N/A   ; None         ; 7.619 ns   ; reg1bit:reg1|q_temp ; q[0] ; clk        ;
; N/A   ; None         ; 6.612 ns   ; reg1bit:reg2|q_temp ; q[1] ; clk        ;
; N/A   ; None         ; 6.097 ns   ; reg1bit:reg4|q_temp ; q[3] ; clk        ;
; N/A   ; None         ; 5.566 ns   ; reg1bit:reg3|q_temp ; q[2] ; clk        ;
+-------+--------------+------------+---------------------+------+------------+


+---------------------------------------------------------------------------------+
; th                                                                              ;
+---------------+-------------+-----------+------+---------------------+----------+
; Minimum Slack ; Required th ; Actual th ; From ; To                  ; To Clock ;
+---------------+-------------+-----------+------+---------------------+----------+
; N/A           ; None        ; -2.440 ns ; d[3] ; reg1bit:reg4|q_temp ; clk      ;
; N/A           ; None        ; -2.842 ns ; d[2] ; reg1bit:reg3|q_temp ; clk      ;
; N/A           ; None        ; -2.897 ns ; d[0] ; reg1bit:reg1|q_temp ; clk      ;
; N/A           ; None        ; -3.048 ns ; d[1] ; reg1bit:reg2|q_temp ; clk      ;
; N/A           ; None        ; -3.331 ns ; load ; reg1bit:reg1|q_temp ; clk      ;
; N/A           ; None        ; -3.331 ns ; load ; reg1bit:reg2|q_temp ; clk      ;
; N/A           ; None        ; -3.331 ns ; load ; reg1bit:reg3|q_temp ; clk      ;
; N/A           ; None        ; -3.331 ns ; load ; reg1bit:reg4|q_temp ; clk      ;
+---------------+-------------+-----------+------+---------------------+----------+


+--------------------------+
; Timing Analyzer Messages ;
+--------------------------+
Info: *******************************************************************
Info: Running Quartus II Classic Timing Analyzer
    Info: Version 9.1 Build 350 03/24/2010 Service Pack 2 SJ Web Edition
    Info: Processing started: Mon May 16 14:28:11 2011
Info: Command: quartus_tan --read_settings_files=off --write_settings_files=off reg4bit -c reg4bit --timing_analysis_only
Warning: Found pins functioning as undefined clocks and/or memory enables
    Info: Assuming node "clk" is an undefined clock
Info: No valid register-to-register data paths exist for clock "clk"
Info: tsu for register "reg1bit:reg1|q_temp" (data pin = "load", clock pin = "clk") is 3.570 ns
    Info: + Longest pin to register delay is 5.963 ns
        Info: 1: + IC(0.000 ns) + CELL(0.827 ns) = 0.827 ns; Loc. = PIN_E8; Fanout = 4; PIN Node = 'load'
        Info: 2: + IC(4.390 ns) + CELL(0.746 ns) = 5.963 ns; Loc. = LCFF_X22_Y22_N19; Fanout = 1; REG Node = 'reg1bit:reg1|q_temp'
        Info: Total cell delay = 1.573 ns ( 26.38 % )
        Info: Total interconnect delay = 4.390 ns ( 73.62 % )
    Info: + Micro setup delay of destination is 0.090 ns
    Info: - Shortest clock path from clock "clk" to destination register is 2.483 ns
        Info: 1: + IC(0.000 ns) + CELL(0.854 ns) = 0.854 ns; Loc. = PIN_N20; Fanout = 1; CLK Node = 'clk'
        Info: 2: + IC(0.343 ns) + CELL(0.000 ns) = 1.197 ns; Loc. = CLKCTRL_G3; Fanout = 4; COMB Node = 'clk~clkctrl'
        Info: 3: + IC(0.668 ns) + CELL(0.618 ns) = 2.483 ns; Loc. = LCFF_X22_Y22_N19; Fanout = 1; REG Node = 'reg1bit:reg1|q_temp'
        Info: Total cell delay = 1.472 ns ( 59.28 % )
        Info: Total interconnect delay = 1.011 ns ( 40.72 % )
Info: tco from clock "clk" to destination pin "q[0]" through register "reg1bit:reg1|q_temp" is 7.619 ns
    Info: + Longest clock path from clock "clk" to source register is 2.483 ns
        Info: 1: + IC(0.000 ns) + CELL(0.854 ns) = 0.854 ns; Loc. = PIN_N20; Fanout = 1; CLK Node = 'clk'
        Info: 2: + IC(0.343 ns) + CELL(0.000 ns) = 1.197 ns; Loc. = CLKCTRL_G3; Fanout = 4; COMB Node = 'clk~clkctrl'
        Info: 3: + IC(0.668 ns) + CELL(0.618 ns) = 2.483 ns; Loc. = LCFF_X22_Y22_N19; Fanout = 1; REG Node = 'reg1bit:reg1|q_temp'
        Info: Total cell delay = 1.472 ns ( 59.28 % )
        Info: Total interconnect delay = 1.011 ns ( 40.72 % )
    Info: + Micro clock to output delay of source is 0.094 ns
    Info: + Longest register to pin delay is 5.042 ns
        Info: 1: + IC(0.000 ns) + CELL(0.000 ns) = 0.000 ns; Loc. = LCFF_X22_Y22_N19; Fanout = 1; REG Node = 'reg1bit:reg1|q_temp'
        Info: 2: + IC(3.090 ns) + CELL(1.952 ns) = 5.042 ns; Loc. = PIN_V15; Fanout = 0; PIN Node = 'q[0]'
        Info: Total cell delay = 1.952 ns ( 38.71 % )
        Info: Total interconnect delay = 3.090 ns ( 61.29 % )
Info: th for register "reg1bit:reg4|q_temp" (data pin = "d[3]", clock pin = "clk") is -2.440 ns
    Info: + Longest clock path from clock "clk" to destination register is 2.483 ns
        Info: 1: + IC(0.000 ns) + CELL(0.854 ns) = 0.854 ns; Loc. = PIN_N20; Fanout = 1; CLK Node = 'clk'
        Info: 2: + IC(0.343 ns) + CELL(0.000 ns) = 1.197 ns; Loc. = CLKCTRL_G3; Fanout = 4; COMB Node = 'clk~clkctrl'
        Info: 3: + IC(0.668 ns) + CELL(0.618 ns) = 2.483 ns; Loc. = LCFF_X22_Y22_N23; Fanout = 1; REG Node = 'reg1bit:reg4|q_temp'
        Info: Total cell delay = 1.472 ns ( 59.28 % )
        Info: Total interconnect delay = 1.011 ns ( 40.72 % )
    Info: + Micro hold delay of destination is 0.149 ns
    Info: - Shortest pin to register delay is 5.072 ns
        Info: 1: + IC(0.000 ns) + CELL(0.809 ns) = 0.809 ns; Loc. = PIN_B12; Fanout = 1; PIN Node = 'd[3]'
        Info: 2: + IC(3.954 ns) + CELL(0.309 ns) = 5.072 ns; Loc. = LCFF_X22_Y22_N23; Fanout = 1; REG Node = 'reg1bit:reg4|q_temp'
        Info: Total cell delay = 1.118 ns ( 22.04 % )
        Info: Total interconnect delay = 3.954 ns ( 77.96 % )
Info: Quartus II Classic Timing Analyzer was successful. 0 errors, 1 warning
    Info: Peak virtual memory: 164 megabytes
    Info: Processing ended: Mon May 16 14:28:12 2011
    Info: Elapsed time: 00:00:01
    Info: Total CPU time (on all processors): 00:00:00


