Analysis & Synthesis report for DE2_Clock
Tue Jun 14 16:20:57 2011
Quartus II Version 9.1 Build 350 03/24/2010 Service Pack 2 SJ Web Edition


---------------------
; Table of Contents ;
---------------------
  1. Legal Notice
  2. Analysis & Synthesis Summary
  3. Analysis & Synthesis Settings
  4. Parallel Compilation
  5. Analysis & Synthesis Source Files Read
  6. Analysis & Synthesis Resource Usage Summary
  7. Analysis & Synthesis Resource Utilization by Entity
  8. State Machine - |DE2_CLOCK|next_command
  9. State Machine - |DE2_CLOCK|state
 10. Registers Removed During Synthesis
 11. General Register Statistics
 12. Inverted Register Statistics
 13. Multiplexer Restructuring Statistics (Restructuring Performed)
 14. Analysis & Synthesis Messages



----------------
; Legal Notice ;
----------------
Copyright (C) 1991-2010 Altera Corporation
Your use of Altera Corporation's design tools, logic functions 
and other software and tools, and its AMPP partner logic 
functions, and any output files from any of the foregoing 
(including device programming or simulation files), and any 
associated documentation or information are expressly subject 
to the terms and conditions of the Altera Program License 
Subscription Agreement, Altera MegaCore Function License 
Agreement, or other applicable license agreement, including, 
without limitation, that your use is for the sole purpose of 
programming logic devices manufactured by Altera and sold by 
Altera or its authorized distributors.  Please refer to the 
applicable agreement for further details.



+-----------------------------------------------------------------------------------+
; Analysis & Synthesis Summary                                                      ;
+------------------------------------+----------------------------------------------+
; Analysis & Synthesis Status        ; Successful - Tue Jun 14 16:20:57 2011        ;
; Quartus II Version                 ; 9.1 Build 350 03/24/2010 SP 2 SJ Web Edition ;
; Revision Name                      ; DE2_Clock                                    ;
; Top-level Entity Name              ; DE2_CLOCK                                    ;
; Family                             ; Cyclone II                                   ;
; Total logic elements               ; 158                                          ;
;     Total combinational functions  ; 156                                          ;
;     Dedicated logic registers      ; 104                                          ;
; Total registers                    ; 104                                          ;
; Total pins                         ; 16                                           ;
; Total virtual pins                 ; 0                                            ;
; Total memory bits                  ; 0                                            ;
; Embedded Multiplier 9-bit elements ; 0                                            ;
; Total PLLs                         ; 0                                            ;
+------------------------------------+----------------------------------------------+


+----------------------------------------------------------------------------------------------------------------------+
; Analysis & Synthesis Settings                                                                                        ;
+----------------------------------------------------------------------------+--------------------+--------------------+
; Option                                                                     ; Setting            ; Default Value      ;
+----------------------------------------------------------------------------+--------------------+--------------------+
; Device                                                                     ; EP2C35F672C6       ;                    ;
; Top-level entity name                                                      ; DE2_Clock          ; DE2_Clock          ;
; Family name                                                                ; Cyclone II         ; Stratix            ;
; Use smart compilation                                                      ; Off                ; Off                ;
; Enable parallel Assembler and TimeQuest Timing Analyzer during compilation ; On                 ; On                 ;
; Enable compact report table                                                ; Off                ; Off                ;
; Restructure Multiplexers                                                   ; Auto               ; Auto               ;
; Create Debugging Nodes for IP Cores                                        ; Off                ; Off                ;
; Preserve fewer node names                                                  ; On                 ; On                 ;
; Disable OpenCore Plus hardware evaluation                                  ; Off                ; Off                ;
; Verilog Version                                                            ; Verilog_2001       ; Verilog_2001       ;
; VHDL Version                                                               ; VHDL_1993          ; VHDL_1993          ;
; State Machine Processing                                                   ; Auto               ; Auto               ;
; Safe State Machine                                                         ; Off                ; Off                ;
; Extract Verilog State Machines                                             ; On                 ; On                 ;
; Extract VHDL State Machines                                                ; On                 ; On                 ;
; Ignore Verilog initial constructs                                          ; Off                ; Off                ;
; Iteration limit for constant Verilog loops                                 ; 5000               ; 5000               ;
; Iteration limit for non-constant Verilog loops                             ; 250                ; 250                ;
; Add Pass-Through Logic to Inferred RAMs                                    ; On                 ; On                 ;
; Parallel Synthesis                                                         ; Off                ; Off                ;
; DSP Block Balancing                                                        ; Auto               ; Auto               ;
; NOT Gate Push-Back                                                         ; On                 ; On                 ;
; Power-Up Don't Care                                                        ; On                 ; On                 ;
; Remove Redundant Logic Cells                                               ; Off                ; Off                ;
; Remove Duplicate Registers                                                 ; On                 ; On                 ;
; Ignore CARRY Buffers                                                       ; Off                ; Off                ;
; Ignore CASCADE Buffers                                                     ; Off                ; Off                ;
; Ignore GLOBAL Buffers                                                      ; Off                ; Off                ;
; Ignore ROW GLOBAL Buffers                                                  ; Off                ; Off                ;
; Ignore LCELL Buffers                                                       ; Off                ; Off                ;
; Ignore SOFT Buffers                                                        ; On                 ; On                 ;
; Limit AHDL Integers to 32 Bits                                             ; Off                ; Off                ;
; Optimization Technique                                                     ; Balanced           ; Balanced           ;
; Carry Chain Length                                                         ; 70                 ; 70                 ;
; Auto Carry Chains                                                          ; On                 ; On                 ;
; Auto Open-Drain Pins                                                       ; On                 ; On                 ;
; Perform WYSIWYG Primitive Resynthesis                                      ; Off                ; Off                ;
; Auto ROM Replacement                                                       ; On                 ; On                 ;
; Auto RAM Replacement                                                       ; On                 ; On                 ;
; Auto Shift Register Replacement                                            ; Auto               ; Auto               ;
; Auto Clock Enable Replacement                                              ; On                 ; On                 ;
; Strict RAM Replacement                                                     ; Off                ; Off                ;
; Allow Synchronous Control Signals                                          ; On                 ; On                 ;
; Force Use of Synchronous Clear Signals                                     ; Off                ; Off                ;
; Auto RAM to Logic Cell Conversion                                          ; Off                ; Off                ;
; Auto Resource Sharing                                                      ; Off                ; Off                ;
; Allow Any RAM Size For Recognition                                         ; Off                ; Off                ;
; Allow Any ROM Size For Recognition                                         ; Off                ; Off                ;
; Allow Any Shift Register Size For Recognition                              ; Off                ; Off                ;
; Use LogicLock Constraints during Resource Balancing                        ; On                 ; On                 ;
; Ignore translate_off and synthesis_off directives                          ; Off                ; Off                ;
; Timing-Driven Synthesis                                                    ; Off                ; Off                ;
; Show Parameter Settings Tables in Synthesis Report                         ; On                 ; On                 ;
; Ignore Maximum Fan-Out Assignments                                         ; Off                ; Off                ;
; Synchronization Register Chain Length                                      ; 2                  ; 2                  ;
; PowerPlay Power Optimization                                               ; Normal compilation ; Normal compilation ;
; HDL message level                                                          ; Level2             ; Level2             ;
; Suppress Register Optimization Related Messages                            ; Off                ; Off                ;
; Number of Removed Registers Reported in Synthesis Report                   ; 5000               ; 5000               ;
; Number of Inverted Registers Reported in Synthesis Report                  ; 100                ; 100                ;
; Clock MUX Protection                                                       ; On                 ; On                 ;
; Auto Gated Clock Conversion                                                ; Off                ; Off                ;
; Block Design Naming                                                        ; Auto               ; Auto               ;
; SDC constraint protection                                                  ; Off                ; Off                ;
; Synthesis Effort                                                           ; Auto               ; Auto               ;
; Shift Register Replacement - Allow Asynchronous Clear Signal               ; On                 ; On                 ;
; Analysis & Synthesis Message Level                                         ; Medium             ; Medium             ;
; Disable Register Merging Across Hierarchies                                ; Auto               ; Auto               ;
; Resource Aware Inference For Block RAM                                     ; On                 ; On                 ;
+----------------------------------------------------------------------------+--------------------+--------------------+


Parallel compilation was disabled, but you have multiple processors available. Enable parallel compilation to reduce compilation time.
+-------------------------------------+
; Parallel Compilation                ;
+----------------------------+--------+
; Processors                 ; Number ;
+----------------------------+--------+
; Number detected on machine ; 2      ;
; Maximum allowed            ; 1      ;
+----------------------------+--------+


+---------------------------------------------------------------------------------------------------------------------------------------+
; Analysis & Synthesis Source Files Read                                                                                                ;
+----------------------------------+-----------------+-----------------+----------------------------------------------------------------+
; File Name with User-Entered Path ; Used in Netlist ; File Type       ; File Name with Absolute Path                                   ;
+----------------------------------+-----------------+-----------------+----------------------------------------------------------------+
; DE2_CLOCK.vhd                    ; yes             ; User VHDL File  ; E:/UFPEL/Circuitos Digitais 2/Projetos/de2_clock/DE2_CLOCK.vhd ;
+----------------------------------+-----------------+-----------------+----------------------------------------------------------------+


+-----------------------------------------------------+
; Analysis & Synthesis Resource Usage Summary         ;
+---------------------------------------------+-------+
; Resource                                    ; Usage ;
+---------------------------------------------+-------+
; Estimated Total logic elements              ; 158   ;
;                                             ;       ;
; Total combinational functions               ; 156   ;
; Logic element usage by number of LUT inputs ;       ;
;     -- 4 input functions                    ; 83    ;
;     -- 3 input functions                    ; 20    ;
;     -- <=2 input functions                  ; 53    ;
;                                             ;       ;
; Logic elements by mode                      ;       ;
;     -- normal mode                          ; 130   ;
;     -- arithmetic mode                      ; 26    ;
;                                             ;       ;
; Total registers                             ; 104   ;
;     -- Dedicated logic registers            ; 104   ;
;     -- I/O registers                        ; 0     ;
;                                             ;       ;
; I/O pins                                    ; 16    ;
; Maximum fan-out node                        ; reset ;
; Maximum fan-out                             ; 86    ;
; Total fan-out                               ; 843   ;
; Average fan-out                             ; 3.05  ;
+---------------------------------------------+-------+


+-----------------------------------------------------------------------------------------------------------------------------------------------------------------------------+
; Analysis & Synthesis Resource Utilization by Entity                                                                                                                         ;
+----------------------------+-------------------+--------------+-------------+--------------+---------+-----------+------+--------------+---------------------+--------------+
; Compilation Hierarchy Node ; LC Combinationals ; LC Registers ; Memory Bits ; DSP Elements ; DSP 9x9 ; DSP 18x18 ; Pins ; Virtual Pins ; Full Hierarchy Name ; Library Name ;
+----------------------------+-------------------+--------------+-------------+--------------+---------+-----------+------+--------------+---------------------+--------------+
; |DE2_CLOCK                 ; 156 (156)         ; 104 (104)    ; 0           ; 0            ; 0       ; 0         ; 16   ; 0            ; |DE2_CLOCK          ; work         ;
+----------------------------+-------------------+--------------+-------------+--------------+---------+-----------+------+--------------+---------------------+--------------+
Note: For table entries with two numbers listed, the numbers in parentheses indicate the number of resources of the given type used by the specific entity alone. The numbers listed outside of parentheses indicate the total resources of the given type used by the specific entity and all of its sub-entities in the hierarchy.


Encoding Type:  One-Hot
+--------------------------------------------------------------------------------------------------------------------------------------------------------------------------------------------------------------------------------------------------------------------------------------------------------------------------------------------------------------------------------------------------------------------------------------------------------------------------------------------------------------------------------------------------------------------------------------+
; State Machine - |DE2_CLOCK|next_command                                                                                                                                                                                                                                                                                                                                                                                                                                                                                                                                              ;
+----------------------------+----------------------------+--------------------------+---------------------+-------------------+---------------------+-----------------------+--------------------------+---------------------------+--------------------------+--------------------------+--------------------------+--------------------------+--------------------------+--------------------------+--------------------------+--------------------------+--------------------------+-----------------------+-------------------------+-----------------------+---------------------+
; Name                       ; next_command.DISPLAY_CLEAR ; next_command.DISPLAY_OFF ; next_command.RESET3 ; next_command.HOLD ; next_command.RESET1 ; next_command.TOGGLE_E ; next_command.RETURN_HOME ; next_command.WRITE_CHAR10 ; next_command.WRITE_CHAR9 ; next_command.WRITE_CHAR8 ; next_command.WRITE_CHAR7 ; next_command.WRITE_CHAR6 ; next_command.WRITE_CHAR5 ; next_command.WRITE_CHAR4 ; next_command.WRITE_CHAR3 ; next_command.WRITE_CHAR2 ; next_command.WRITE_CHAR1 ; next_command.MODE_SET ; next_command.DISPLAY_ON ; next_command.FUNC_SET ; next_command.RESET2 ;
+----------------------------+----------------------------+--------------------------+---------------------+-------------------+---------------------+-----------------------+--------------------------+---------------------------+--------------------------+--------------------------+--------------------------+--------------------------+--------------------------+--------------------------+--------------------------+--------------------------+--------------------------+-----------------------+-------------------------+-----------------------+---------------------+
; next_command.RESET2        ; 0                          ; 0                        ; 0                   ; 0                 ; 0                   ; 0                     ; 0                        ; 0                         ; 0                        ; 0                        ; 0                        ; 0                        ; 0                        ; 0                        ; 0                        ; 0                        ; 0                        ; 0                     ; 0                       ; 0                     ; 0                   ;
; next_command.FUNC_SET      ; 0                          ; 0                        ; 0                   ; 0                 ; 0                   ; 0                     ; 0                        ; 0                         ; 0                        ; 0                        ; 0                        ; 0                        ; 0                        ; 0                        ; 0                        ; 0                        ; 0                        ; 0                     ; 0                       ; 1                     ; 1                   ;
; next_command.DISPLAY_ON    ; 0                          ; 0                        ; 0                   ; 0                 ; 0                   ; 0                     ; 0                        ; 0                         ; 0                        ; 0                        ; 0                        ; 0                        ; 0                        ; 0                        ; 0                        ; 0                        ; 0                        ; 0                     ; 1                       ; 0                     ; 1                   ;
; next_command.MODE_SET      ; 0                          ; 0                        ; 0                   ; 0                 ; 0                   ; 0                     ; 0                        ; 0                         ; 0                        ; 0                        ; 0                        ; 0                        ; 0                        ; 0                        ; 0                        ; 0                        ; 0                        ; 1                     ; 0                       ; 0                     ; 1                   ;
; next_command.WRITE_CHAR1   ; 0                          ; 0                        ; 0                   ; 0                 ; 0                   ; 0                     ; 0                        ; 0                         ; 0                        ; 0                        ; 0                        ; 0                        ; 0                        ; 0                        ; 0                        ; 0                        ; 1                        ; 0                     ; 0                       ; 0                     ; 1                   ;
; next_command.WRITE_CHAR2   ; 0                          ; 0                        ; 0                   ; 0                 ; 0                   ; 0                     ; 0                        ; 0                         ; 0                        ; 0                        ; 0                        ; 0                        ; 0                        ; 0                        ; 0                        ; 1                        ; 0                        ; 0                     ; 0                       ; 0                     ; 1                   ;
; next_command.WRITE_CHAR3   ; 0                          ; 0                        ; 0                   ; 0                 ; 0                   ; 0                     ; 0                        ; 0                         ; 0                        ; 0                        ; 0                        ; 0                        ; 0                        ; 0                        ; 1                        ; 0                        ; 0                        ; 0                     ; 0                       ; 0                     ; 1                   ;
; next_command.WRITE_CHAR4   ; 0                          ; 0                        ; 0                   ; 0                 ; 0                   ; 0                     ; 0                        ; 0                         ; 0                        ; 0                        ; 0                        ; 0                        ; 0                        ; 1                        ; 0                        ; 0                        ; 0                        ; 0                     ; 0                       ; 0                     ; 1                   ;
; next_command.WRITE_CHAR5   ; 0                          ; 0                        ; 0                   ; 0                 ; 0                   ; 0                     ; 0                        ; 0                         ; 0                        ; 0                        ; 0                        ; 0                        ; 1                        ; 0                        ; 0                        ; 0                        ; 0                        ; 0                     ; 0                       ; 0                     ; 1                   ;
; next_command.WRITE_CHAR6   ; 0                          ; 0                        ; 0                   ; 0                 ; 0                   ; 0                     ; 0                        ; 0                         ; 0                        ; 0                        ; 0                        ; 1                        ; 0                        ; 0                        ; 0                        ; 0                        ; 0                        ; 0                     ; 0                       ; 0                     ; 1                   ;
; next_command.WRITE_CHAR7   ; 0                          ; 0                        ; 0                   ; 0                 ; 0                   ; 0                     ; 0                        ; 0                         ; 0                        ; 0                        ; 1                        ; 0                        ; 0                        ; 0                        ; 0                        ; 0                        ; 0                        ; 0                     ; 0                       ; 0                     ; 1                   ;
; next_command.WRITE_CHAR8   ; 0                          ; 0                        ; 0                   ; 0                 ; 0                   ; 0                     ; 0                        ; 0                         ; 0                        ; 1                        ; 0                        ; 0                        ; 0                        ; 0                        ; 0                        ; 0                        ; 0                        ; 0                     ; 0                       ; 0                     ; 1                   ;
; next_command.WRITE_CHAR9   ; 0                          ; 0                        ; 0                   ; 0                 ; 0                   ; 0                     ; 0                        ; 0                         ; 1                        ; 0                        ; 0                        ; 0                        ; 0                        ; 0                        ; 0                        ; 0                        ; 0                        ; 0                     ; 0                       ; 0                     ; 1                   ;
; next_command.WRITE_CHAR10  ; 0                          ; 0                        ; 0                   ; 0                 ; 0                   ; 0                     ; 0                        ; 1                         ; 0                        ; 0                        ; 0                        ; 0                        ; 0                        ; 0                        ; 0                        ; 0                        ; 0                        ; 0                     ; 0                       ; 0                     ; 1                   ;
; next_command.RETURN_HOME   ; 0                          ; 0                        ; 0                   ; 0                 ; 0                   ; 0                     ; 1                        ; 0                         ; 0                        ; 0                        ; 0                        ; 0                        ; 0                        ; 0                        ; 0                        ; 0                        ; 0                        ; 0                     ; 0                       ; 0                     ; 1                   ;
; next_command.TOGGLE_E      ; 0                          ; 0                        ; 0                   ; 0                 ; 0                   ; 1                     ; 0                        ; 0                         ; 0                        ; 0                        ; 0                        ; 0                        ; 0                        ; 0                        ; 0                        ; 0                        ; 0                        ; 0                     ; 0                       ; 0                     ; 1                   ;
; next_command.RESET1        ; 0                          ; 0                        ; 0                   ; 0                 ; 1                   ; 0                     ; 0                        ; 0                         ; 0                        ; 0                        ; 0                        ; 0                        ; 0                        ; 0                        ; 0                        ; 0                        ; 0                        ; 0                     ; 0                       ; 0                     ; 1                   ;
; next_command.HOLD          ; 0                          ; 0                        ; 0                   ; 1                 ; 0                   ; 0                     ; 0                        ; 0                         ; 0                        ; 0                        ; 0                        ; 0                        ; 0                        ; 0                        ; 0                        ; 0                        ; 0                        ; 0                     ; 0                       ; 0                     ; 1                   ;
; next_command.RESET3        ; 0                          ; 0                        ; 1                   ; 0                 ; 0                   ; 0                     ; 0                        ; 0                         ; 0                        ; 0                        ; 0                        ; 0                        ; 0                        ; 0                        ; 0                        ; 0                        ; 0                        ; 0                     ; 0                       ; 0                     ; 1                   ;
; next_command.DISPLAY_OFF   ; 0                          ; 1                        ; 0                   ; 0                 ; 0                   ; 0                     ; 0                        ; 0                         ; 0                        ; 0                        ; 0                        ; 0                        ; 0                        ; 0                        ; 0                        ; 0                        ; 0                        ; 0                     ; 0                       ; 0                     ; 1                   ;
; next_command.DISPLAY_CLEAR ; 1                          ; 0                        ; 0                   ; 0                 ; 0                   ; 0                     ; 0                        ; 0                         ; 0                        ; 0                        ; 0                        ; 0                        ; 0                        ; 0                        ; 0                        ; 0                        ; 0                        ; 0                     ; 0                       ; 0                     ; 1                   ;
+----------------------------+----------------------------+--------------------------+---------------------+-------------------+---------------------+-----------------------+--------------------------+---------------------------+--------------------------+--------------------------+--------------------------+--------------------------+--------------------------+--------------------------+--------------------------+--------------------------+--------------------------+-----------------------+-------------------------+-----------------------+---------------------+


Encoding Type:  One-Hot
+----------------------------------------------------------------------------------------------------------------------------------------------------------------------------------------------------------------------------------------------------------------------------------------------------------------------------------------------------------------------------------------------------------------------------+
; State Machine - |DE2_CLOCK|state                                                                                                                                                                                                                                                                                                                                                                                           ;
+---------------------+---------------------+-------------------+--------------+--------------+------------+----------------+-------------------+--------------------+-------------------+-------------------+-------------------+-------------------+-------------------+-------------------+-------------------+-------------------+-------------------+----------------+------------------+----------------+--------------+
; Name                ; state.DISPLAY_CLEAR ; state.DISPLAY_OFF ; state.RESET3 ; state.RESET2 ; state.HOLD ; state.TOGGLE_E ; state.RETURN_HOME ; state.WRITE_CHAR10 ; state.WRITE_CHAR9 ; state.WRITE_CHAR8 ; state.WRITE_CHAR7 ; state.WRITE_CHAR6 ; state.WRITE_CHAR5 ; state.WRITE_CHAR4 ; state.WRITE_CHAR3 ; state.WRITE_CHAR2 ; state.WRITE_CHAR1 ; state.MODE_SET ; state.DISPLAY_ON ; state.FUNC_SET ; state.RESET1 ;
+---------------------+---------------------+-------------------+--------------+--------------+------------+----------------+-------------------+--------------------+-------------------+-------------------+-------------------+-------------------+-------------------+-------------------+-------------------+-------------------+-------------------+----------------+------------------+----------------+--------------+
; state.RESET1        ; 0                   ; 0                 ; 0            ; 0            ; 0          ; 0              ; 0                 ; 0                  ; 0                 ; 0                 ; 0                 ; 0                 ; 0                 ; 0                 ; 0                 ; 0                 ; 0                 ; 0              ; 0                ; 0              ; 0            ;
; state.FUNC_SET      ; 0                   ; 0                 ; 0            ; 0            ; 0          ; 0              ; 0                 ; 0                  ; 0                 ; 0                 ; 0                 ; 0                 ; 0                 ; 0                 ; 0                 ; 0                 ; 0                 ; 0              ; 0                ; 1              ; 1            ;
; state.DISPLAY_ON    ; 0                   ; 0                 ; 0            ; 0            ; 0          ; 0              ; 0                 ; 0                  ; 0                 ; 0                 ; 0                 ; 0                 ; 0                 ; 0                 ; 0                 ; 0                 ; 0                 ; 0              ; 1                ; 0              ; 1            ;
; state.MODE_SET      ; 0                   ; 0                 ; 0            ; 0            ; 0          ; 0              ; 0                 ; 0                  ; 0                 ; 0                 ; 0                 ; 0                 ; 0                 ; 0                 ; 0                 ; 0                 ; 0                 ; 1              ; 0                ; 0              ; 1            ;
; state.WRITE_CHAR1   ; 0                   ; 0                 ; 0            ; 0            ; 0          ; 0              ; 0                 ; 0                  ; 0                 ; 0                 ; 0                 ; 0                 ; 0                 ; 0                 ; 0                 ; 0                 ; 1                 ; 0              ; 0                ; 0              ; 1            ;
; state.WRITE_CHAR2   ; 0                   ; 0                 ; 0            ; 0            ; 0          ; 0              ; 0                 ; 0                  ; 0                 ; 0                 ; 0                 ; 0                 ; 0                 ; 0                 ; 0                 ; 1                 ; 0                 ; 0              ; 0                ; 0              ; 1            ;
; state.WRITE_CHAR3   ; 0                   ; 0                 ; 0            ; 0            ; 0          ; 0              ; 0                 ; 0                  ; 0                 ; 0                 ; 0                 ; 0                 ; 0                 ; 0                 ; 1                 ; 0                 ; 0                 ; 0              ; 0                ; 0              ; 1            ;
; state.WRITE_CHAR4   ; 0                   ; 0                 ; 0            ; 0            ; 0          ; 0              ; 0                 ; 0                  ; 0                 ; 0                 ; 0                 ; 0                 ; 0                 ; 1                 ; 0                 ; 0                 ; 0                 ; 0              ; 0                ; 0              ; 1            ;
; state.WRITE_CHAR5   ; 0                   ; 0                 ; 0            ; 0            ; 0          ; 0              ; 0                 ; 0                  ; 0                 ; 0                 ; 0                 ; 0                 ; 1                 ; 0                 ; 0                 ; 0                 ; 0                 ; 0              ; 0                ; 0              ; 1            ;
; state.WRITE_CHAR6   ; 0                   ; 0                 ; 0            ; 0            ; 0          ; 0              ; 0                 ; 0                  ; 0                 ; 0                 ; 0                 ; 1                 ; 0                 ; 0                 ; 0                 ; 0                 ; 0                 ; 0              ; 0                ; 0              ; 1            ;
; state.WRITE_CHAR7   ; 0                   ; 0                 ; 0            ; 0            ; 0          ; 0              ; 0                 ; 0                  ; 0                 ; 0                 ; 1                 ; 0                 ; 0                 ; 0                 ; 0                 ; 0                 ; 0                 ; 0              ; 0                ; 0              ; 1            ;
; state.WRITE_CHAR8   ; 0                   ; 0                 ; 0            ; 0            ; 0          ; 0              ; 0                 ; 0                  ; 0                 ; 1                 ; 0                 ; 0                 ; 0                 ; 0                 ; 0                 ; 0                 ; 0                 ; 0              ; 0                ; 0              ; 1            ;
; state.WRITE_CHAR9   ; 0                   ; 0                 ; 0            ; 0            ; 0          ; 0              ; 0                 ; 0                  ; 1                 ; 0                 ; 0                 ; 0                 ; 0                 ; 0                 ; 0                 ; 0                 ; 0                 ; 0              ; 0                ; 0              ; 1            ;
; state.WRITE_CHAR10  ; 0                   ; 0                 ; 0            ; 0            ; 0          ; 0              ; 0                 ; 1                  ; 0                 ; 0                 ; 0                 ; 0                 ; 0                 ; 0                 ; 0                 ; 0                 ; 0                 ; 0              ; 0                ; 0              ; 1            ;
; state.RETURN_HOME   ; 0                   ; 0                 ; 0            ; 0            ; 0          ; 0              ; 1                 ; 0                  ; 0                 ; 0                 ; 0                 ; 0                 ; 0                 ; 0                 ; 0                 ; 0                 ; 0                 ; 0              ; 0                ; 0              ; 1            ;
; state.TOGGLE_E      ; 0                   ; 0                 ; 0            ; 0            ; 0          ; 1              ; 0                 ; 0                  ; 0                 ; 0                 ; 0                 ; 0                 ; 0                 ; 0                 ; 0                 ; 0                 ; 0                 ; 0              ; 0                ; 0              ; 1            ;
; state.HOLD          ; 0                   ; 0                 ; 0            ; 0            ; 1          ; 0              ; 0                 ; 0                  ; 0                 ; 0                 ; 0                 ; 0                 ; 0                 ; 0                 ; 0                 ; 0                 ; 0                 ; 0              ; 0                ; 0              ; 1            ;
; state.RESET2        ; 0                   ; 0                 ; 0            ; 1            ; 0          ; 0              ; 0                 ; 0                  ; 0                 ; 0                 ; 0                 ; 0                 ; 0                 ; 0                 ; 0                 ; 0                 ; 0                 ; 0              ; 0                ; 0              ; 1            ;
; state.RESET3        ; 0                   ; 0                 ; 1            ; 0            ; 0          ; 0              ; 0                 ; 0                  ; 0                 ; 0                 ; 0                 ; 0                 ; 0                 ; 0                 ; 0                 ; 0                 ; 0                 ; 0              ; 0                ; 0              ; 1            ;
; state.DISPLAY_OFF   ; 0                   ; 1                 ; 0            ; 0            ; 0          ; 0              ; 0                 ; 0                  ; 0                 ; 0                 ; 0                 ; 0                 ; 0                 ; 0                 ; 0                 ; 0                 ; 0                 ; 0              ; 0                ; 0              ; 1            ;
; state.DISPLAY_CLEAR ; 1                   ; 0                 ; 0            ; 0            ; 0          ; 0              ; 0                 ; 0                  ; 0                 ; 0                 ; 0                 ; 0                 ; 0                 ; 0                 ; 0                 ; 0                 ; 0                 ; 0              ; 0                ; 0              ; 1            ;
+---------------------+---------------------+-------------------+--------------+--------------+------------+----------------+-------------------+--------------------+-------------------+-------------------+-------------------+-------------------+-------------------+-------------------+-------------------+-------------------+-------------------+----------------+------------------+----------------+--------------+


+--------------------------------------------------------------------------------+
; Registers Removed During Synthesis                                             ;
+---------------------------------------+----------------------------------------+
; Register name                         ; Reason for Removal                     ;
+---------------------------------------+----------------------------------------+
; DATA_BUS_VALUE[6]                     ; Stuck at GND due to stuck port data_in ;
; LCD_RW~reg0                           ; Stuck at GND due to stuck port data_in ;
; next_command.TOGGLE_E                 ; Stuck at GND due to stuck port data_in ;
; next_command.HOLD                     ; Stuck at GND due to stuck port data_in ;
; next_command.RESET1                   ; Stuck at GND due to stuck port data_in ;
; BCD_SECD1[3]                          ; Stuck at GND due to stuck port data_in ;
; BCD_MIND1[3]                          ; Stuck at GND due to stuck port data_in ;
; Total Number of Removed Registers = 7 ;                                        ;
+---------------------------------------+----------------------------------------+


+------------------------------------------------------+
; General Register Statistics                          ;
+----------------------------------------------+-------+
; Statistic                                    ; Value ;
+----------------------------------------------+-------+
; Total registers                              ; 104   ;
; Number of registers using Synchronous Clear  ; 29    ;
; Number of registers using Synchronous Load   ; 0     ;
; Number of registers using Asynchronous Clear ; 74    ;
; Number of registers using Asynchronous Load  ; 0     ;
; Number of registers using Clock Enable       ; 26    ;
; Number of registers using Preset             ; 0     ;
+----------------------------------------------+-------+


+--------------------------------------------------+
; Inverted Register Statistics                     ;
+----------------------------------------+---------+
; Inverted Register                      ; Fan out ;
+----------------------------------------+---------+
; LCD_E~reg0                             ; 2       ;
; DATA_BUS_VALUE[3]                      ; 2       ;
; DATA_BUS_VALUE[4]                      ; 2       ;
; DATA_BUS_VALUE[5]                      ; 2       ;
; Total number of inverted registers = 4 ;         ;
+----------------------------------------+---------+


+---------------------------------------------------------------------------------------------------------------------------------------------+
; Multiplexer Restructuring Statistics (Restructuring Performed)                                                                              ;
+--------------------+-----------+---------------+----------------------+------------------------+------------+-------------------------------+
; Multiplexer Inputs ; Bus Width ; Baseline Area ; Area if Restructured ; Saving if Restructured ; Registered ; Example Multiplexer Output    ;
+--------------------+-----------+---------------+----------------------+------------------------+------------+-------------------------------+
; 3:1                ; 20 bits   ; 40 LEs        ; 20 LEs               ; 20 LEs                 ; Yes        ; |DE2_CLOCK|CLK_COUNT_400HZ[9] ;
; 3:1                ; 4 bits    ; 8 LEs         ; 4 LEs                ; 4 LEs                  ; Yes        ; |DE2_CLOCK|BCD_HRD1[0]        ;
+--------------------+-----------+---------------+----------------------+------------------------+------------+-------------------------------+


+-------------------------------+
; Analysis & Synthesis Messages ;
+-------------------------------+
Info: *******************************************************************
Info: Running Quartus II Analysis & Synthesis
    Info: Version 9.1 Build 350 03/24/2010 Service Pack 2 SJ Web Edition
    Info: Processing started: Tue Jun 14 16:20:51 2011
Info: Command: quartus_map --read_settings_files=on --write_settings_files=off DE2_Clock -c DE2_Clock
Info: Found 2 design units, including 1 entities, in source file de2_clock.vhd
    Info: Found design unit 1: DE2_CLOCK-a
    Info: Found entity 1: DE2_CLOCK
Info: Elaborating entity "DE2_Clock" for the top level hierarchy
Info: Registers with preset signals will power-up high
Info: DEV_CLRn pin will set, and not reset, register with preset signal due to NOT Gate Push-Back
Warning: TRI or OPNDRN buffers permanently enabled
    Warning: Node "DATA_BUS[0]~synth"
    Warning: Node "DATA_BUS[1]~synth"
    Warning: Node "DATA_BUS[2]~synth"
    Warning: Node "DATA_BUS[3]~synth"
    Warning: Node "DATA_BUS[4]~synth"
    Warning: Node "DATA_BUS[5]~synth"
    Warning: Node "DATA_BUS[7]~synth"
Warning: Output pins are stuck at VCC or GND
    Warning (13410): Pin "LCD_ON" is stuck at VCC
    Warning (13410): Pin "LCD_RW" is stuck at GND
Info: Implemented 175 device resources after synthesis - the final resource count might be different
    Info: Implemented 2 input pins
    Info: Implemented 6 output pins
    Info: Implemented 8 bidirectional pins
    Info: Implemented 159 logic cells
Info: Quartus II Analysis & Synthesis was successful. 0 errors, 11 warnings
    Info: Peak virtual memory: 230 megabytes
    Info: Processing ended: Tue Jun 14 16:20:57 2011
    Info: Elapsed time: 00:00:06
    Info: Total CPU time (on all processors): 00:00:05


