Analysis & Synthesis report for Relogio
Mon Jun 20 14:50:10 2011
Quartus II Version 9.1 Build 350 03/24/2010 Service Pack 2 SJ Web Edition


---------------------
; Table of Contents ;
---------------------
  1. Legal Notice
  2. Analysis & Synthesis Summary
  3. Analysis & Synthesis Settings
  4. Parallel Compilation
  5. Analysis & Synthesis Source Files Read
  6. Analysis & Synthesis Resource Usage Summary
  7. Analysis & Synthesis Resource Utilization by Entity
  8. General Register Statistics
  9. Inverted Register Statistics
 10. Multiplexer Restructuring Statistics (Restructuring Performed)
 11. Analysis & Synthesis Messages



----------------
; Legal Notice ;
----------------
Copyright (C) 1991-2010 Altera Corporation
Your use of Altera Corporation's design tools, logic functions 
and other software and tools, and its AMPP partner logic 
functions, and any output files from any of the foregoing 
(including device programming or simulation files), and any 
associated documentation or information are expressly subject 
to the terms and conditions of the Altera Program License 
Subscription Agreement, Altera MegaCore Function License 
Agreement, or other applicable license agreement, including, 
without limitation, that your use is for the sole purpose of 
programming logic devices manufactured by Altera and sold by 
Altera or its authorized distributors.  Please refer to the 
applicable agreement for further details.



+-----------------------------------------------------------------------------------+
; Analysis & Synthesis Summary                                                      ;
+------------------------------------+----------------------------------------------+
; Analysis & Synthesis Status        ; Successful - Mon Jun 20 14:50:10 2011        ;
; Quartus II Version                 ; 9.1 Build 350 03/24/2010 SP 2 SJ Web Edition ;
; Revision Name                      ; Relogio                                      ;
; Top-level Entity Name              ; Relogio                                      ;
; Family                             ; Cyclone II                                   ;
; Total logic elements               ; 345                                          ;
;     Total combinational functions  ; 345                                          ;
;     Dedicated logic registers      ; 120                                          ;
; Total registers                    ; 120                                          ;
; Total pins                         ; 63                                           ;
; Total virtual pins                 ; 0                                            ;
; Total memory bits                  ; 0                                            ;
; Embedded Multiplier 9-bit elements ; 0                                            ;
; Total PLLs                         ; 0                                            ;
+------------------------------------+----------------------------------------------+


+----------------------------------------------------------------------------------------------------------------------+
; Analysis & Synthesis Settings                                                                                        ;
+----------------------------------------------------------------------------+--------------------+--------------------+
; Option                                                                     ; Setting            ; Default Value      ;
+----------------------------------------------------------------------------+--------------------+--------------------+
; Device                                                                     ; EP2C35F672C6       ;                    ;
; Top-level entity name                                                      ; Relogio            ; Relogio            ;
; Family name                                                                ; Cyclone II         ; Stratix II         ;
; Use Generated Physical Constraints File                                    ; Off                ;                    ;
; Use smart compilation                                                      ; Off                ; Off                ;
; Enable parallel Assembler and TimeQuest Timing Analyzer during compilation ; On                 ; On                 ;
; Enable compact report table                                                ; Off                ; Off                ;
; Restructure Multiplexers                                                   ; Auto               ; Auto               ;
; Create Debugging Nodes for IP Cores                                        ; Off                ; Off                ;
; Preserve fewer node names                                                  ; On                 ; On                 ;
; Disable OpenCore Plus hardware evaluation                                  ; Off                ; Off                ;
; Verilog Version                                                            ; Verilog_2001       ; Verilog_2001       ;
; VHDL Version                                                               ; VHDL_1993          ; VHDL_1993          ;
; State Machine Processing                                                   ; Auto               ; Auto               ;
; Safe State Machine                                                         ; Off                ; Off                ;
; Extract Verilog State Machines                                             ; On                 ; On                 ;
; Extract VHDL State Machines                                                ; On                 ; On                 ;
; Ignore Verilog initial constructs                                          ; Off                ; Off                ;
; Iteration limit for constant Verilog loops                                 ; 5000               ; 5000               ;
; Iteration limit for non-constant Verilog loops                             ; 250                ; 250                ;
; Add Pass-Through Logic to Inferred RAMs                                    ; On                 ; On                 ;
; Parallel Synthesis                                                         ; On                 ; On                 ;
; DSP Block Balancing                                                        ; Auto               ; Auto               ;
; NOT Gate Push-Back                                                         ; On                 ; On                 ;
; Power-Up Don't Care                                                        ; On                 ; On                 ;
; Remove Redundant Logic Cells                                               ; Off                ; Off                ;
; Remove Duplicate Registers                                                 ; On                 ; On                 ;
; Ignore CARRY Buffers                                                       ; Off                ; Off                ;
; Ignore CASCADE Buffers                                                     ; Off                ; Off                ;
; Ignore GLOBAL Buffers                                                      ; Off                ; Off                ;
; Ignore ROW GLOBAL Buffers                                                  ; Off                ; Off                ;
; Ignore LCELL Buffers                                                       ; Off                ; Off                ;
; Ignore SOFT Buffers                                                        ; On                 ; On                 ;
; Limit AHDL Integers to 32 Bits                                             ; Off                ; Off                ;
; Optimization Technique                                                     ; Balanced           ; Balanced           ;
; Carry Chain Length                                                         ; 70                 ; 70                 ;
; Auto Carry Chains                                                          ; On                 ; On                 ;
; Auto Open-Drain Pins                                                       ; On                 ; On                 ;
; Perform WYSIWYG Primitive Resynthesis                                      ; Off                ; Off                ;
; Auto ROM Replacement                                                       ; On                 ; On                 ;
; Auto RAM Replacement                                                       ; On                 ; On                 ;
; Auto Shift Register Replacement                                            ; Auto               ; Auto               ;
; Auto Clock Enable Replacement                                              ; On                 ; On                 ;
; Strict RAM Replacement                                                     ; Off                ; Off                ;
; Allow Synchronous Control Signals                                          ; On                 ; On                 ;
; Force Use of Synchronous Clear Signals                                     ; Off                ; Off                ;
; Auto RAM to Logic Cell Conversion                                          ; Off                ; Off                ;
; Auto Resource Sharing                                                      ; Off                ; Off                ;
; Allow Any RAM Size For Recognition                                         ; Off                ; Off                ;
; Allow Any ROM Size For Recognition                                         ; Off                ; Off                ;
; Allow Any Shift Register Size For Recognition                              ; Off                ; Off                ;
; Use LogicLock Constraints during Resource Balancing                        ; On                 ; On                 ;
; Ignore translate_off and synthesis_off directives                          ; Off                ; Off                ;
; Timing-Driven Synthesis                                                    ; Off                ; Off                ;
; Show Parameter Settings Tables in Synthesis Report                         ; On                 ; On                 ;
; Ignore Maximum Fan-Out Assignments                                         ; Off                ; Off                ;
; Synchronization Register Chain Length                                      ; 2                  ; 2                  ;
; PowerPlay Power Optimization                                               ; Normal compilation ; Normal compilation ;
; HDL message level                                                          ; Level2             ; Level2             ;
; Suppress Register Optimization Related Messages                            ; Off                ; Off                ;
; Number of Removed Registers Reported in Synthesis Report                   ; 5000               ; 5000               ;
; Number of Inverted Registers Reported in Synthesis Report                  ; 100                ; 100                ;
; Clock MUX Protection                                                       ; On                 ; On                 ;
; Auto Gated Clock Conversion                                                ; Off                ; Off                ;
; Block Design Naming                                                        ; Auto               ; Auto               ;
; SDC constraint protection                                                  ; Off                ; Off                ;
; Synthesis Effort                                                           ; Auto               ; Auto               ;
; Shift Register Replacement - Allow Asynchronous Clear Signal               ; On                 ; On                 ;
; Analysis & Synthesis Message Level                                         ; Medium             ; Medium             ;
; Disable Register Merging Across Hierarchies                                ; Auto               ; Auto               ;
; Resource Aware Inference For Block RAM                                     ; On                 ; On                 ;
+----------------------------------------------------------------------------+--------------------+--------------------+


Parallel compilation was disabled, but you have multiple processors available. Enable parallel compilation to reduce compilation time.
+-------------------------------------+
; Parallel Compilation                ;
+----------------------------+--------+
; Processors                 ; Number ;
+----------------------------+--------+
; Number detected on machine ; 2      ;
; Maximum allowed            ; 1      ;
+----------------------------+--------+


+------------------------------------------------------------------------------------------------------------------------------------------+
; Analysis & Synthesis Source Files Read                                                                                                   ;
+----------------------------------+-----------------+-----------------+-------------------------------------------------------------------+
; File Name with User-Entered Path ; Used in Netlist ; File Type       ; File Name with Absolute Path                                      ;
+----------------------------------+-----------------+-----------------+-------------------------------------------------------------------+
; Relogio.vhd                      ; yes             ; User VHDL File  ; E:/UFPEL/Circuitos Digitais 2/Projetos/CD2_Relogio/Relogio.vhd    ;
; tempo_data.vhd                   ; yes             ; User VHDL File  ; E:/UFPEL/Circuitos Digitais 2/Projetos/CD2_Relogio/tempo_data.vhd ;
; contador.vhd                     ; yes             ; User VHDL File  ; E:/UFPEL/Circuitos Digitais 2/Projetos/CD2_Relogio/contador.vhd   ;
; divider.vhd                      ; yes             ; User VHDL File  ; E:/UFPEL/Circuitos Digitais 2/Projetos/CD2_Relogio/divider.vhd    ;
; seg7.vhd                         ; yes             ; User VHDL File  ; E:/UFPEL/Circuitos Digitais 2/Projetos/CD2_Relogio/seg7.vhd       ;
+----------------------------------+-----------------+-----------------+-------------------------------------------------------------------+


+-----------------------------------------------------+
; Analysis & Synthesis Resource Usage Summary         ;
+---------------------------------------------+-------+
; Resource                                    ; Usage ;
+---------------------------------------------+-------+
; Estimated Total logic elements              ; 345   ;
;                                             ;       ;
; Total combinational functions               ; 345   ;
; Logic element usage by number of LUT inputs ;       ;
;     -- 4 input functions                    ; 192   ;
;     -- 3 input functions                    ; 77    ;
;     -- <=2 input functions                  ; 76    ;
;                                             ;       ;
; Logic elements by mode                      ;       ;
;     -- normal mode                          ; 309   ;
;     -- arithmetic mode                      ; 36    ;
;                                             ;       ;
; Total registers                             ; 120   ;
;     -- Dedicated logic registers            ; 120   ;
;     -- I/O registers                        ; 0     ;
;                                             ;       ;
; I/O pins                                    ; 63    ;
; Maximum fan-out node                        ; reset ;
; Maximum fan-out                             ; 90    ;
; Total fan-out                               ; 1589  ;
; Average fan-out                             ; 3.01  ;
+---------------------------------------------+-------+


+-----------------------------------------------------------------------------------------------------------------------------------------------------------------------------------------------------------+
; Analysis & Synthesis Resource Utilization by Entity                                                                                                                                                       ;
+-----------------------------+-------------------+--------------+-------------+--------------+---------+-----------+------+--------------+--------------------------------------------------+--------------+
; Compilation Hierarchy Node  ; LC Combinationals ; LC Registers ; Memory Bits ; DSP Elements ; DSP 9x9 ; DSP 18x18 ; Pins ; Virtual Pins ; Full Hierarchy Name                              ; Library Name ;
+-----------------------------+-------------------+--------------+-------------+--------------+---------+-----------+------+--------------+--------------------------------------------------+--------------+
; |Relogio                    ; 345 (0)           ; 120 (0)      ; 0           ; 0            ; 0       ; 0         ; 63   ; 0            ; |Relogio                                         ; work         ;
;    |Divider:div_clk|        ; 60 (60)           ; 41 (41)      ; 0           ; 0            ; 0       ; 0         ; 0    ; 0            ; |Relogio|Divider:div_clk                         ;              ;
;    |seg7:conversor0|        ; 14 (14)           ; 0 (0)        ; 0           ; 0            ; 0       ; 0         ; 0    ; 0            ; |Relogio|seg7:conversor0                         ;              ;
;    |seg7:conversor1|        ; 14 (14)           ; 0 (0)        ; 0           ; 0            ; 0       ; 0         ; 0    ; 0            ; |Relogio|seg7:conversor1                         ;              ;
;    |seg7:conversor2|        ; 7 (7)             ; 0 (0)        ; 0           ; 0            ; 0       ; 0         ; 0    ; 0            ; |Relogio|seg7:conversor2                         ;              ;
;    |seg7:conversor3|        ; 7 (7)             ; 0 (0)        ; 0           ; 0            ; 0       ; 0         ; 0    ; 0            ; |Relogio|seg7:conversor3                         ;              ;
;    |seg7:conversor4|        ; 7 (7)             ; 0 (0)        ; 0           ; 0            ; 0       ; 0         ; 0    ; 0            ; |Relogio|seg7:conversor4                         ;              ;
;    |seg7:conversor5|        ; 7 (7)             ; 0 (0)        ; 0           ; 0            ; 0       ; 0         ; 0    ; 0            ; |Relogio|seg7:conversor5                         ;              ;
;    |seg7:conversor6|        ; 7 (7)             ; 0 (0)        ; 0           ; 0            ; 0       ; 0         ; 0    ; 0            ; |Relogio|seg7:conversor6                         ;              ;
;    |seg7:conversor7|        ; 7 (7)             ; 0 (0)        ; 0           ; 0            ; 0       ; 0         ; 0    ; 0            ; |Relogio|seg7:conversor7                         ;              ;
;    |tempo_data:tempo_data0| ; 215 (24)          ; 79 (0)       ; 0           ; 0            ; 0       ; 0         ; 0    ; 0            ; |Relogio|tempo_data:tempo_data0                  ;              ;
;       |contador:Selecao|    ; 191 (191)         ; 79 (79)      ; 0           ; 0            ; 0       ; 0         ; 0    ; 0            ; |Relogio|tempo_data:tempo_data0|contador:Selecao ;              ;
+-----------------------------+-------------------+--------------+-------------+--------------+---------+-----------+------+--------------+--------------------------------------------------+--------------+
Note: For table entries with two numbers listed, the numbers in parentheses indicate the number of resources of the given type used by the specific entity alone. The numbers listed outside of parentheses indicate the total resources of the given type used by the specific entity and all of its sub-entities in the hierarchy.


+------------------------------------------------------+
; General Register Statistics                          ;
+----------------------------------------------+-------+
; Statistic                                    ; Value ;
+----------------------------------------------+-------+
; Total registers                              ; 120   ;
; Number of registers using Synchronous Clear  ; 47    ;
; Number of registers using Synchronous Load   ; 0     ;
; Number of registers using Asynchronous Clear ; 0     ;
; Number of registers using Asynchronous Load  ; 0     ;
; Number of registers using Clock Enable       ; 101   ;
; Number of registers using Preset             ; 0     ;
+----------------------------------------------+-------+


+----------------------------------------------------------------+
; Inverted Register Statistics                                   ;
+------------------------------------------------------+---------+
; Inverted Register                                    ; Fan out ;
+------------------------------------------------------+---------+
; tempo_data:tempo_data0|contador:Selecao|anos3[2]     ; 6       ;
; tempo_data:tempo_data0|contador:Selecao|mese0[3]     ; 7       ;
; tempo_data:tempo_data0|contador:Selecao|dias0[3]     ; 7       ;
; tempo_data:tempo_data0|contador:Selecao|aux_meses[4] ; 7       ;
; tempo_data:tempo_data0|contador:Selecao|aux_dias[4]  ; 7       ;
; Total number of inverted registers = 5               ;         ;
+------------------------------------------------------+---------+


+-----------------------------------------------------------------------------------------------------------------------------------------------------------------------------+
; Multiplexer Restructuring Statistics (Restructuring Performed)                                                                                                              ;
+--------------------+-----------+---------------+----------------------+------------------------+------------+---------------------------------------------------------------+
; Multiplexer Inputs ; Bus Width ; Baseline Area ; Area if Restructured ; Saving if Restructured ; Registered ; Example Multiplexer Output                                    ;
+--------------------+-----------+---------------+----------------------+------------------------+------------+---------------------------------------------------------------+
; 3:1                ; 10 bits   ; 20 LEs        ; 10 LEs               ; 10 LEs                 ; Yes        ; |Relogio|Divider:div_clk|count1[6]                            ;
; 3:1                ; 10 bits   ; 20 LEs        ; 10 LEs               ; 10 LEs                 ; Yes        ; |Relogio|Divider:div_clk|count2[7]                            ;
; 3:1                ; 10 bits   ; 20 LEs        ; 10 LEs               ; 10 LEs                 ; Yes        ; |Relogio|Divider:div_clk|count3[1]                            ;
; 4:1                ; 4 bits    ; 8 LEs         ; 4 LEs                ; 4 LEs                  ; Yes        ; |Relogio|tempo_data:tempo_data0|contador:Selecao|dec[3]       ;
; 4:1                ; 4 bits    ; 8 LEs         ; 4 LEs                ; 4 LEs                  ; Yes        ; |Relogio|tempo_data:tempo_data0|contador:Selecao|aux[0]       ;
; 7:1                ; 4 bits    ; 16 LEs        ; 4 LEs                ; 12 LEs                 ; Yes        ; |Relogio|tempo_data:tempo_data0|contador:Selecao|segu0[2]     ;
; 8:1                ; 4 bits    ; 20 LEs        ; 4 LEs                ; 16 LEs                 ; Yes        ; |Relogio|tempo_data:tempo_data0|contador:Selecao|segu1[0]     ;
; 14:1               ; 4 bits    ; 36 LEs        ; 4 LEs                ; 32 LEs                 ; Yes        ; |Relogio|tempo_data:tempo_data0|contador:Selecao|dias1[1]     ;
; 14:1               ; 3 bits    ; 27 LEs        ; 3 LEs                ; 24 LEs                 ; Yes        ; |Relogio|tempo_data:tempo_data0|contador:Selecao|dias0[1]     ;
; 14:1               ; 4 bits    ; 36 LEs        ; 4 LEs                ; 32 LEs                 ; Yes        ; |Relogio|tempo_data:tempo_data0|contador:Selecao|aux_dias[2]  ;
; 14:1               ; 4 bits    ; 36 LEs        ; 4 LEs                ; 32 LEs                 ; Yes        ; |Relogio|tempo_data:tempo_data0|contador:Selecao|hora1[2]     ;
; 17:1               ; 4 bits    ; 44 LEs        ; 4 LEs                ; 40 LEs                 ; Yes        ; |Relogio|tempo_data:tempo_data0|contador:Selecao|mese1[0]     ;
; 17:1               ; 3 bits    ; 33 LEs        ; 3 LEs                ; 30 LEs                 ; Yes        ; |Relogio|tempo_data:tempo_data0|contador:Selecao|mese0[2]     ;
; 17:1               ; 4 bits    ; 44 LEs        ; 4 LEs                ; 40 LEs                 ; Yes        ; |Relogio|tempo_data:tempo_data0|contador:Selecao|aux_meses[3] ;
; 19:1               ; 4 bits    ; 48 LEs        ; 4 LEs                ; 44 LEs                 ; Yes        ; |Relogio|tempo_data:tempo_data0|contador:Selecao|anos0[0]     ;
; 20:1               ; 4 bits    ; 52 LEs        ; 4 LEs                ; 48 LEs                 ; Yes        ; |Relogio|tempo_data:tempo_data0|contador:Selecao|anos1[1]     ;
; 21:1               ; 4 bits    ; 56 LEs        ; 4 LEs                ; 52 LEs                 ; Yes        ; |Relogio|tempo_data:tempo_data0|contador:Selecao|anos2[3]     ;
; 22:1               ; 3 bits    ; 42 LEs        ; 3 LEs                ; 39 LEs                 ; Yes        ; |Relogio|tempo_data:tempo_data0|contador:Selecao|anos3[3]     ;
+--------------------+-----------+---------------+----------------------+------------------------+------------+---------------------------------------------------------------+


+-------------------------------+
; Analysis & Synthesis Messages ;
+-------------------------------+
Info: *******************************************************************
Info: Running Quartus II Analysis & Synthesis
    Info: Version 9.1 Build 350 03/24/2010 Service Pack 2 SJ Web Edition
    Info: Processing started: Mon Jun 20 14:50:02 2011
Info: Command: quartus_map --read_settings_files=on --write_settings_files=off Relogio -c Relogio
Info: Found 2 design units, including 1 entities, in source file relogio.vhd
    Info: Found design unit 1: Relogio-arq_Relogio
    Info: Found entity 1: Relogio
Info: Found 2 design units, including 1 entities, in source file tempo_data.vhd
    Info: Found design unit 1: tempo_data-arq_tempo_data
    Info: Found entity 1: tempo_data
Info: Found 2 design units, including 1 entities, in source file contador.vhd
    Info: Found design unit 1: contador-arq_contador
    Info: Found entity 1: contador
Info: Found 2 design units, including 1 entities, in source file divider.vhd
    Info: Found design unit 1: Divider-Divider
    Info: Found entity 1: Divider
Info: Found 2 design units, including 1 entities, in source file seg7.vhd
    Info: Found design unit 1: seg7-arq_seg7
    Info: Found entity 1: seg7
Info: Elaborating entity "Relogio" for the top level hierarchy
Info: Elaborating entity "Divider" for hierarchy "Divider:div_clk"
Warning (10492): VHDL Process Statement warning at divider.vhd(36): signal "D" is read inside the Process Statement but isn't in the Process Statement's sensitivity list
Info: Elaborating entity "tempo_data" for hierarchy "tempo_data:tempo_data0"
Info: Elaborating entity "contador" for hierarchy "tempo_data:tempo_data0|contador:Selecao"
Info: Elaborating entity "seg7" for hierarchy "seg7:conversor0"
Info: Implemented 408 device resources after synthesis - the final resource count might be different
    Info: Implemented 7 input pins
    Info: Implemented 56 output pins
    Info: Implemented 345 logic cells
Info: Quartus II Analysis & Synthesis was successful. 0 errors, 1 warning
    Info: Peak virtual memory: 232 megabytes
    Info: Processing ended: Mon Jun 20 14:50:10 2011
    Info: Elapsed time: 00:00:08
    Info: Total CPU time (on all processors): 00:00:06


