Flow report for Contador_display
Mon Jun 13 11:03:25 2011
Quartus II Version 9.1 Build 350 03/24/2010 Service Pack 2 SJ Web Edition


---------------------
; Table of Contents ;
---------------------
  1. Legal Notice
  2. Flow Summary
  3. Flow Settings
  4. Flow Non-Default Global Settings
  5. Flow Elapsed Time
  6. Flow OS Summary
  7. Flow Log



----------------
; Legal Notice ;
----------------
Copyright (C) 1991-2010 Altera Corporation
Your use of Altera Corporation's design tools, logic functions 
and other software and tools, and its AMPP partner logic 
functions, and any output files from any of the foregoing 
(including device programming or simulation files), and any 
associated documentation or information are expressly subject 
to the terms and conditions of the Altera Program License 
Subscription Agreement, Altera MegaCore Function License 
Agreement, or other applicable license agreement, including, 
without limitation, that your use is for the sole purpose of 
programming logic devices manufactured by Altera and sold by 
Altera or its authorized distributors.  Please refer to the 
applicable agreement for further details.



+-----------------------------------------------------------------------------------+
; Flow Summary                                                                      ;
+------------------------------------+----------------------------------------------+
; Flow Status                        ; Successful - Mon Jun 13 11:03:25 2011        ;
; Quartus II Version                 ; 9.1 Build 350 03/24/2010 SP 2 SJ Web Edition ;
; Revision Name                      ; Contador_display                             ;
; Top-level Entity Name              ; Contador_display                             ;
; Family                             ; Cyclone II                                   ;
; Device                             ; EP2C35F672C6                                 ;
; Timing Models                      ; Final                                        ;
; Met timing requirements            ; Yes                                          ;
; Total logic elements               ; 70 / 33,216 ( < 1 % )                        ;
;     Total combinational functions  ; 70 / 33,216 ( < 1 % )                        ;
;     Dedicated logic registers      ; 44 / 33,216 ( < 1 % )                        ;
; Total registers                    ; 44                                           ;
; Total pins                         ; 9 / 475 ( 2 % )                              ;
; Total virtual pins                 ; 0                                            ;
; Total memory bits                  ; 0 / 483,840 ( 0 % )                          ;
; Embedded Multiplier 9-bit elements ; 0 / 70 ( 0 % )                               ;
; Total PLLs                         ; 0 / 4 ( 0 % )                                ;
+------------------------------------+----------------------------------------------+


+-----------------------------------------+
; Flow Settings                           ;
+-------------------+---------------------+
; Option            ; Setting             ;
+-------------------+---------------------+
; Start date & time ; 06/13/2011 11:02:59 ;
; Main task         ; Compilation         ;
; Revision Name     ; Contador_display    ;
+-------------------+---------------------+


+-------------------------------------------------------------------------------------------------------------------------------------------------------------------+
; Flow Non-Default Global Settings                                                                                                                                  ;
+------------------------------------+-------------------------------------------------------------------------------+---------------+-------------+----------------+
; Assignment Name                    ; Value                                                                         ; Default Value ; Entity Name ; Section Id     ;
+------------------------------------+-------------------------------------------------------------------------------+---------------+-------------+----------------+
; COMPILER_SIGNATURE_ID              ; 151620794892.130797377801876                                                  ; --            ; --          ; --             ;
; MAX_CORE_JUNCTION_TEMP             ; 85                                                                            ; --            ; --          ; --             ;
; MIN_CORE_JUNCTION_TEMP             ; 0                                                                             ; --            ; --          ; --             ;
; MISC_FILE                          ; E:/UFPEL/Circuitos Digitais 2/Projetos/CD2_conta_display/Contador_display.dpf ; --            ; --          ; --             ;
; PARTITION_COLOR                    ; 16764057                                                                      ; --            ; --          ; Top            ;
; PARTITION_NETLIST_TYPE             ; SOURCE                                                                        ; --            ; --          ; Top            ;
; USE_GENERATED_PHYSICAL_CONSTRAINTS ; Off                                                                           ; --            ; --          ; eda_blast_fpga ;
+------------------------------------+-------------------------------------------------------------------------------+---------------+-------------+----------------+


+-----------------------------------------------------------------------------------------------------------------------------+
; Flow Elapsed Time                                                                                                           ;
+-------------------------+--------------+-------------------------+---------------------+------------------------------------+
; Module Name             ; Elapsed Time ; Average Processors Used ; Peak Virtual Memory ; Total CPU Time (on all processors) ;
+-------------------------+--------------+-------------------------+---------------------+------------------------------------+
; Analysis & Synthesis    ; 00:00:04     ; 1.0                     ; 230 MB              ; 00:00:04                           ;
; Fitter                  ; 00:00:15     ; 1.0                     ; 263 MB              ; 00:00:16                           ;
; Assembler               ; 00:00:04     ; 1.0                     ; 249 MB              ; 00:00:04                           ;
; Classic Timing Analyzer ; 00:00:00     ; 1.0                     ; 153 MB              ; 00:00:01                           ;
; Total                   ; 00:00:23     ; --                      ; --                  ; 00:00:25                           ;
+-------------------------+--------------+-------------------------+---------------------+------------------------------------+


+------------------------------------------------------------------------------------------+
; Flow OS Summary                                                                          ;
+-------------------------+------------------+---------------+------------+----------------+
; Module Name             ; Machine Hostname ; OS Name       ; OS Version ; Processor type ;
+-------------------------+------------------+---------------+------------+----------------+
; Analysis & Synthesis    ; grp-PC           ; Windows Vista ; 6.1        ; x86_64         ;
; Fitter                  ; grp-PC           ; Windows Vista ; 6.1        ; x86_64         ;
; Assembler               ; grp-PC           ; Windows Vista ; 6.1        ; x86_64         ;
; Classic Timing Analyzer ; grp-PC           ; Windows Vista ; 6.1        ; x86_64         ;
+-------------------------+------------------+---------------+------------+----------------+


------------
; Flow Log ;
------------
quartus_map --read_settings_files=on --write_settings_files=off Contador_display -c Contador_display
quartus_fit --read_settings_files=off --write_settings_files=off Contador_display -c Contador_display
quartus_asm --read_settings_files=off --write_settings_files=off Contador_display -c Contador_display
quartus_tan --read_settings_files=off --write_settings_files=off Contador_display -c Contador_display --timing_analysis_only



