Classic Timing Analyzer report for reg1bit
Mon May 09 14:56:42 2011
Quartus II Version 9.1 Build 350 03/24/2010 Service Pack 2 SJ Web Edition


---------------------
; Table of Contents ;
---------------------
  1. Legal Notice
  2. Timing Analyzer Summary
  3. Timing Analyzer Settings
  4. Clock Settings Summary
  5. Parallel Compilation
  6. Clock Setup: 'clk'
  7. tsu
  8. tco
  9. th
 10. Timing Analyzer Messages



----------------
; Legal Notice ;
----------------
Copyright (C) 1991-2010 Altera Corporation
Your use of Altera Corporation's design tools, logic functions 
and other software and tools, and its AMPP partner logic 
functions, and any output files from any of the foregoing 
(including device programming or simulation files), and any 
associated documentation or information are expressly subject 
to the terms and conditions of the Altera Program License 
Subscription Agreement, Altera MegaCore Function License 
Agreement, or other applicable license agreement, including, 
without limitation, that your use is for the sole purpose of 
programming logic devices manufactured by Altera and sold by 
Altera or its authorized distributors.  Please refer to the 
applicable agreement for further details.



+----------------------------------------------------------------------------------------------------------------------------------------------------------------+
; Timing Analyzer Summary                                                                                                                                        ;
+------------------------------+-------+---------------+------------------------------------------------+--------+--------+------------+----------+--------------+
; Type                         ; Slack ; Required Time ; Actual Time                                    ; From   ; To     ; From Clock ; To Clock ; Failed Paths ;
+------------------------------+-------+---------------+------------------------------------------------+--------+--------+------------+----------+--------------+
; Worst-case tsu               ; N/A   ; None          ; -1.742 ns                                      ; carga  ; q_temp ; --         ; clk      ; 0            ;
; Worst-case tco               ; N/A   ; None          ; 10.045 ns                                      ; q_temp ; q      ; clk        ; --       ; 0            ;
; Worst-case th                ; N/A   ; None          ; 2.005 ns                                       ; d      ; q_temp ; --         ; clk      ; 0            ;
; Clock Setup: 'clk'           ; N/A   ; None          ; Restricted to 450.05 MHz ( period = 2.222 ns ) ; q_temp ; q_temp ; clk        ; clk      ; 0            ;
; Total number of failed paths ;       ;               ;                                                ;        ;        ;            ;          ; 0            ;
+------------------------------+-------+---------------+------------------------------------------------+--------+--------+------------+----------+--------------+


+-----------------------------------------------------------------------------------------------------------------------------------------------------+
; Timing Analyzer Settings                                                                                                                            ;
+------------------------------------------------------------------------------------------------------+--------------------+------+----+-------------+
; Option                                                                                               ; Setting            ; From ; To ; Entity Name ;
+------------------------------------------------------------------------------------------------------+--------------------+------+----+-------------+
; Device Name                                                                                          ; EP2C35F672C6       ;      ;    ;             ;
; Timing Models                                                                                        ; Final              ;      ;    ;             ;
; Default hold multicycle                                                                              ; Same as Multicycle ;      ;    ;             ;
; Cut paths between unrelated clock domains                                                            ; On                 ;      ;    ;             ;
; Cut off read during write signal paths                                                               ; On                 ;      ;    ;             ;
; Cut off feedback from I/O pins                                                                       ; On                 ;      ;    ;             ;
; Report Combined Fast/Slow Timing                                                                     ; Off                ;      ;    ;             ;
; Ignore Clock Settings                                                                                ; Off                ;      ;    ;             ;
; Analyze latches as synchronous elements                                                              ; On                 ;      ;    ;             ;
; Enable Recovery/Removal analysis                                                                     ; Off                ;      ;    ;             ;
; Enable Clock Latency                                                                                 ; Off                ;      ;    ;             ;
; Use TimeQuest Timing Analyzer                                                                        ; Off                ;      ;    ;             ;
; Minimum Core Junction Temperature                                                                    ; 0                  ;      ;    ;             ;
; Maximum Core Junction Temperature                                                                    ; 85                 ;      ;    ;             ;
; Number of source nodes to report per destination node                                                ; 10                 ;      ;    ;             ;
; Number of destination nodes to report                                                                ; 10                 ;      ;    ;             ;
; Number of paths to report                                                                            ; 200                ;      ;    ;             ;
; Report Minimum Timing Checks                                                                         ; Off                ;      ;    ;             ;
; Use Fast Timing Models                                                                               ; Off                ;      ;    ;             ;
; Report IO Paths Separately                                                                           ; Off                ;      ;    ;             ;
; Perform Multicorner Analysis                                                                         ; On                 ;      ;    ;             ;
; Reports the worst-case path for each clock domain and analysis                                       ; Off                ;      ;    ;             ;
; Reports worst-case timing paths for each clock domain and analysis                                   ; On                 ;      ;    ;             ;
; Specifies the maximum number of worst-case timing paths to report for each clock domain and analysis ; 100                ;      ;    ;             ;
; Removes common clock path pessimism (CCPP) during slack computation                                  ; Off                ;      ;    ;             ;
; Output I/O Timing Endpoint                                                                           ; Near End           ;      ;    ;             ;
+------------------------------------------------------------------------------------------------------+--------------------+------+----+-------------+


+------------------------------------------------------------------------------------------------------------------------------------------------------------------------------------+
; Clock Settings Summary                                                                                                                                                             ;
+-----------------+--------------------+----------+------------------+---------------+--------------+----------+-----------------------+---------------------+--------+--------------+
; Clock Node Name ; Clock Setting Name ; Type     ; Fmax Requirement ; Early Latency ; Late Latency ; Based on ; Multiply Base Fmax by ; Divide Base Fmax by ; Offset ; Phase offset ;
+-----------------+--------------------+----------+------------------+---------------+--------------+----------+-----------------------+---------------------+--------+--------------+
; clk             ;                    ; User Pin ; None             ; 0.000 ns      ; 0.000 ns     ; --       ; N/A                   ; N/A                 ; N/A    ;              ;
+-----------------+--------------------+----------+------------------+---------------+--------------+----------+-----------------------+---------------------+--------+--------------+


Parallel compilation was disabled, but you have multiple processors available. Enable parallel compilation to reduce compilation time.
+-------------------------------------+
; Parallel Compilation                ;
+----------------------------+--------+
; Processors                 ; Number ;
+----------------------------+--------+
; Number detected on machine ; 2      ;
; Maximum allowed            ; 1      ;
+----------------------------+--------+


+--------------------------------------------------------------------------------------------------------------------------------------------------------------------------------------+
; Clock Setup: 'clk'                                                                                                                                                                   ;
+-------+------------------------------------------------+--------+--------+------------+----------+-----------------------------+---------------------------+-------------------------+
; Slack ; Actual fmax (period)                           ; From   ; To     ; From Clock ; To Clock ; Required Setup Relationship ; Required Longest P2P Time ; Actual Longest P2P Time ;
+-------+------------------------------------------------+--------+--------+------------+----------+-----------------------------+---------------------------+-------------------------+
; N/A   ; Restricted to 450.05 MHz ( period = 2.222 ns ) ; q_temp ; q_temp ; clk        ; clk      ; None                        ; None                      ; 0.407 ns                ;
+-------+------------------------------------------------+--------+--------+------------+----------+-----------------------------+---------------------------+-------------------------+


+---------------------------------------------------------------+
; tsu                                                           ;
+-------+--------------+------------+-------+--------+----------+
; Slack ; Required tsu ; Actual tsu ; From  ; To     ; To Clock ;
+-------+--------------+------------+-------+--------+----------+
; N/A   ; None         ; -1.742 ns  ; carga ; q_temp ; clk      ;
; N/A   ; None         ; -1.775 ns  ; d     ; q_temp ; clk      ;
+-------+--------------+------------+-------+--------+----------+


+--------------------------------------------------------------+
; tco                                                          ;
+-------+--------------+------------+--------+----+------------+
; Slack ; Required tco ; Actual tco ; From   ; To ; From Clock ;
+-------+--------------+------------+--------+----+------------+
; N/A   ; None         ; 10.045 ns  ; q_temp ; q  ; clk        ;
+-------+--------------+------------+--------+----+------------+


+---------------------------------------------------------------------+
; th                                                                  ;
+---------------+-------------+-----------+-------+--------+----------+
; Minimum Slack ; Required th ; Actual th ; From  ; To     ; To Clock ;
+---------------+-------------+-----------+-------+--------+----------+
; N/A           ; None        ; 2.005 ns  ; d     ; q_temp ; clk      ;
; N/A           ; None        ; 1.972 ns  ; carga ; q_temp ; clk      ;
+---------------+-------------+-----------+-------+--------+----------+


+--------------------------+
; Timing Analyzer Messages ;
+--------------------------+
Info: *******************************************************************
Info: Running Quartus II Classic Timing Analyzer
    Info: Version 9.1 Build 350 03/24/2010 Service Pack 2 SJ Web Edition
    Info: Processing started: Mon May 09 14:56:42 2011
Info: Command: quartus_tan --read_settings_files=off --write_settings_files=off reg1bit -c reg1bit --timing_analysis_only
Warning: Found pins functioning as undefined clocks and/or memory enables
    Info: Assuming node "clk" is an undefined clock
Info: Clock "clk" Internal fmax is restricted to 450.05 MHz between source register "q_temp" and destination register "q_temp"
    Info: fmax restricted to clock pin edge rate 2.222 ns. Expand message to see actual delay path.
        Info: + Longest register to register delay is 0.407 ns
            Info: 1: + IC(0.000 ns) + CELL(0.000 ns) = 0.000 ns; Loc. = LCFF_X31_Y35_N1; Fanout = 2; REG Node = 'q_temp'
            Info: 2: + IC(0.000 ns) + CELL(0.323 ns) = 0.323 ns; Loc. = LCCOMB_X31_Y35_N0; Fanout = 1; COMB Node = 'q_temp~0'
            Info: 3: + IC(0.000 ns) + CELL(0.084 ns) = 0.407 ns; Loc. = LCFF_X31_Y35_N1; Fanout = 2; REG Node = 'q_temp'
            Info: Total cell delay = 0.407 ns ( 100.00 % )
        Info: - Smallest clock skew is 0.000 ns
            Info: + Shortest clock path from clock "clk" to destination register is 3.852 ns
                Info: 1: + IC(0.000 ns) + CELL(0.850 ns) = 0.850 ns; Loc. = PIN_AD12; Fanout = 1; CLK Node = 'clk'
                Info: 2: + IC(2.465 ns) + CELL(0.537 ns) = 3.852 ns; Loc. = LCFF_X31_Y35_N1; Fanout = 2; REG Node = 'q_temp'
                Info: Total cell delay = 1.387 ns ( 36.01 % )
                Info: Total interconnect delay = 2.465 ns ( 63.99 % )
            Info: - Longest clock path from clock "clk" to source register is 3.852 ns
                Info: 1: + IC(0.000 ns) + CELL(0.850 ns) = 0.850 ns; Loc. = PIN_AD12; Fanout = 1; CLK Node = 'clk'
                Info: 2: + IC(2.465 ns) + CELL(0.537 ns) = 3.852 ns; Loc. = LCFF_X31_Y35_N1; Fanout = 2; REG Node = 'q_temp'
                Info: Total cell delay = 1.387 ns ( 36.01 % )
                Info: Total interconnect delay = 2.465 ns ( 63.99 % )
        Info: + Micro clock to output delay of source is 0.250 ns
        Info: + Micro setup delay of destination is -0.036 ns
Info: tsu for register "q_temp" (data pin = "carga", clock pin = "clk") is -1.742 ns
    Info: + Longest pin to register delay is 2.146 ns
        Info: 1: + IC(0.000 ns) + CELL(0.979 ns) = 0.979 ns; Loc. = PIN_D13; Fanout = 1; PIN Node = 'carga'
        Info: 2: + IC(0.646 ns) + CELL(0.437 ns) = 2.062 ns; Loc. = LCCOMB_X31_Y35_N0; Fanout = 1; COMB Node = 'q_temp~0'
        Info: 3: + IC(0.000 ns) + CELL(0.084 ns) = 2.146 ns; Loc. = LCFF_X31_Y35_N1; Fanout = 2; REG Node = 'q_temp'
        Info: Total cell delay = 1.500 ns ( 69.90 % )
        Info: Total interconnect delay = 0.646 ns ( 30.10 % )
    Info: + Micro setup delay of destination is -0.036 ns
    Info: - Shortest clock path from clock "clk" to destination register is 3.852 ns
        Info: 1: + IC(0.000 ns) + CELL(0.850 ns) = 0.850 ns; Loc. = PIN_AD12; Fanout = 1; CLK Node = 'clk'
        Info: 2: + IC(2.465 ns) + CELL(0.537 ns) = 3.852 ns; Loc. = LCFF_X31_Y35_N1; Fanout = 2; REG Node = 'q_temp'
        Info: Total cell delay = 1.387 ns ( 36.01 % )
        Info: Total interconnect delay = 2.465 ns ( 63.99 % )
Info: tco from clock "clk" to destination pin "q" through register "q_temp" is 10.045 ns
    Info: + Longest clock path from clock "clk" to source register is 3.852 ns
        Info: 1: + IC(0.000 ns) + CELL(0.850 ns) = 0.850 ns; Loc. = PIN_AD12; Fanout = 1; CLK Node = 'clk'
        Info: 2: + IC(2.465 ns) + CELL(0.537 ns) = 3.852 ns; Loc. = LCFF_X31_Y35_N1; Fanout = 2; REG Node = 'q_temp'
        Info: Total cell delay = 1.387 ns ( 36.01 % )
        Info: Total interconnect delay = 2.465 ns ( 63.99 % )
    Info: + Micro clock to output delay of source is 0.250 ns
    Info: + Longest register to pin delay is 5.943 ns
        Info: 1: + IC(0.000 ns) + CELL(0.000 ns) = 0.000 ns; Loc. = LCFF_X31_Y35_N1; Fanout = 2; REG Node = 'q_temp'
        Info: 2: + IC(3.185 ns) + CELL(2.758 ns) = 5.943 ns; Loc. = PIN_Y12; Fanout = 0; PIN Node = 'q'
        Info: Total cell delay = 2.758 ns ( 46.41 % )
        Info: Total interconnect delay = 3.185 ns ( 53.59 % )
Info: th for register "q_temp" (data pin = "d", clock pin = "clk") is 2.005 ns
    Info: + Longest clock path from clock "clk" to destination register is 3.852 ns
        Info: 1: + IC(0.000 ns) + CELL(0.850 ns) = 0.850 ns; Loc. = PIN_AD12; Fanout = 1; CLK Node = 'clk'
        Info: 2: + IC(2.465 ns) + CELL(0.537 ns) = 3.852 ns; Loc. = LCFF_X31_Y35_N1; Fanout = 2; REG Node = 'q_temp'
        Info: Total cell delay = 1.387 ns ( 36.01 % )
        Info: Total interconnect delay = 2.465 ns ( 63.99 % )
    Info: + Micro hold delay of destination is 0.266 ns
    Info: - Shortest pin to register delay is 2.113 ns
        Info: 1: + IC(0.000 ns) + CELL(0.979 ns) = 0.979 ns; Loc. = PIN_C13; Fanout = 1; PIN Node = 'd'
        Info: 2: + IC(0.630 ns) + CELL(0.420 ns) = 2.029 ns; Loc. = LCCOMB_X31_Y35_N0; Fanout = 1; COMB Node = 'q_temp~0'
        Info: 3: + IC(0.000 ns) + CELL(0.084 ns) = 2.113 ns; Loc. = LCFF_X31_Y35_N1; Fanout = 2; REG Node = 'q_temp'
        Info: Total cell delay = 1.483 ns ( 70.18 % )
        Info: Total interconnect delay = 0.630 ns ( 29.82 % )
Info: Quartus II Classic Timing Analyzer was successful. 0 errors, 1 warning
    Info: Peak virtual memory: 168 megabytes
    Info: Processing ended: Mon May 09 14:56:43 2011
    Info: Elapsed time: 00:00:01
    Info: Total CPU time (on all processors): 00:00:01


