Classic Timing Analyzer report for flip_flop_jk
Mon May 02 15:24:04 2011
Quartus II Version 9.1 Build 350 03/24/2010 Service Pack 2 SJ Web Edition


---------------------
; Table of Contents ;
---------------------
  1. Legal Notice
  2. Timing Analyzer Summary
  3. Timing Analyzer Settings
  4. Clock Settings Summary
  5. Parallel Compilation
  6. Clock Setup: 'clk'
  7. tsu
  8. tco
  9. th
 10. Timing Analyzer Messages



----------------
; Legal Notice ;
----------------
Copyright (C) 1991-2010 Altera Corporation
Your use of Altera Corporation's design tools, logic functions 
and other software and tools, and its AMPP partner logic 
functions, and any output files from any of the foregoing 
(including device programming or simulation files), and any 
associated documentation or information are expressly subject 
to the terms and conditions of the Altera Program License 
Subscription Agreement, Altera MegaCore Function License 
Agreement, or other applicable license agreement, including, 
without limitation, that your use is for the sole purpose of 
programming logic devices manufactured by Altera and sold by 
Altera or its authorized distributors.  Please refer to the 
applicable agreement for further details.



+------------------------------------------------------------------------------------------------------------------------------------------------------------------+
; Timing Analyzer Summary                                                                                                                                          ;
+------------------------------+-------+---------------+------------------------------------------------+---------+---------+------------+----------+--------------+
; Type                         ; Slack ; Required Time ; Actual Time                                    ; From    ; To      ; From Clock ; To Clock ; Failed Paths ;
+------------------------------+-------+---------------+------------------------------------------------+---------+---------+------------+----------+--------------+
; Worst-case tsu               ; N/A   ; None          ; 3.870 ns                                       ; k       ; qb_temp ; --         ; clk      ; 0            ;
; Worst-case tco               ; N/A   ; None          ; 6.092 ns                                       ; qb_temp ; qb      ; clk        ; --       ; 0            ;
; Worst-case th                ; N/A   ; None          ; -2.442 ns                                      ; j       ; qb_temp ; --         ; clk      ; 0            ;
; Clock Setup: 'clk'           ; N/A   ; None          ; Restricted to 500.00 MHz ( period = 2.000 ns ) ; q_temp  ; qb_temp ; clk        ; clk      ; 0            ;
; Total number of failed paths ;       ;               ;                                                ;         ;         ;            ;          ; 0            ;
+------------------------------+-------+---------------+------------------------------------------------+---------+---------+------------+----------+--------------+


+-----------------------------------------------------------------------------------------------------------------------------------------------------+
; Timing Analyzer Settings                                                                                                                            ;
+------------------------------------------------------------------------------------------------------+--------------------+------+----+-------------+
; Option                                                                                               ; Setting            ; From ; To ; Entity Name ;
+------------------------------------------------------------------------------------------------------+--------------------+------+----+-------------+
; Device Name                                                                                          ; EP2S15F484C3       ;      ;    ;             ;
; Timing Models                                                                                        ; Final              ;      ;    ;             ;
; Default hold multicycle                                                                              ; Same as Multicycle ;      ;    ;             ;
; Cut paths between unrelated clock domains                                                            ; On                 ;      ;    ;             ;
; Cut off read during write signal paths                                                               ; On                 ;      ;    ;             ;
; Cut off feedback from I/O pins                                                                       ; On                 ;      ;    ;             ;
; Report Combined Fast/Slow Timing                                                                     ; Off                ;      ;    ;             ;
; Ignore Clock Settings                                                                                ; Off                ;      ;    ;             ;
; Analyze latches as synchronous elements                                                              ; On                 ;      ;    ;             ;
; Enable Recovery/Removal analysis                                                                     ; Off                ;      ;    ;             ;
; Enable Clock Latency                                                                                 ; Off                ;      ;    ;             ;
; Use TimeQuest Timing Analyzer                                                                        ; Off                ;      ;    ;             ;
; Number of source nodes to report per destination node                                                ; 10                 ;      ;    ;             ;
; Number of destination nodes to report                                                                ; 10                 ;      ;    ;             ;
; Number of paths to report                                                                            ; 200                ;      ;    ;             ;
; Report Minimum Timing Checks                                                                         ; Off                ;      ;    ;             ;
; Use Fast Timing Models                                                                               ; Off                ;      ;    ;             ;
; Report IO Paths Separately                                                                           ; Off                ;      ;    ;             ;
; Perform Multicorner Analysis                                                                         ; On                 ;      ;    ;             ;
; Reports the worst-case path for each clock domain and analysis                                       ; Off                ;      ;    ;             ;
; Reports worst-case timing paths for each clock domain and analysis                                   ; Off                ;      ;    ;             ;
; Specifies the maximum number of worst-case timing paths to report for each clock domain and analysis ; 100                ;      ;    ;             ;
; Removes common clock path pessimism (CCPP) during slack computation                                  ; Off                ;      ;    ;             ;
; Output I/O Timing Endpoint                                                                           ; Near End           ;      ;    ;             ;
+------------------------------------------------------------------------------------------------------+--------------------+------+----+-------------+


+------------------------------------------------------------------------------------------------------------------------------------------------------------------------------------+
; Clock Settings Summary                                                                                                                                                             ;
+-----------------+--------------------+----------+------------------+---------------+--------------+----------+-----------------------+---------------------+--------+--------------+
; Clock Node Name ; Clock Setting Name ; Type     ; Fmax Requirement ; Early Latency ; Late Latency ; Based on ; Multiply Base Fmax by ; Divide Base Fmax by ; Offset ; Phase offset ;
+-----------------+--------------------+----------+------------------+---------------+--------------+----------+-----------------------+---------------------+--------+--------------+
; clk             ;                    ; User Pin ; None             ; 0.000 ns      ; 0.000 ns     ; --       ; N/A                   ; N/A                 ; N/A    ;              ;
+-----------------+--------------------+----------+------------------+---------------+--------------+----------+-----------------------+---------------------+--------+--------------+


Parallel compilation was disabled, but you have multiple processors available. Enable parallel compilation to reduce compilation time.
+-------------------------------------+
; Parallel Compilation                ;
+----------------------------+--------+
; Processors                 ; Number ;
+----------------------------+--------+
; Number detected on machine ; 2      ;
; Maximum allowed            ; 1      ;
+----------------------------+--------+


+----------------------------------------------------------------------------------------------------------------------------------------------------------------------------------------+
; Clock Setup: 'clk'                                                                                                                                                                     ;
+-------+------------------------------------------------+---------+---------+------------+----------+-----------------------------+---------------------------+-------------------------+
; Slack ; Actual fmax (period)                           ; From    ; To      ; From Clock ; To Clock ; Required Setup Relationship ; Required Longest P2P Time ; Actual Longest P2P Time ;
+-------+------------------------------------------------+---------+---------+------------+----------+-----------------------------+---------------------------+-------------------------+
; N/A   ; Restricted to 500.00 MHz ( period = 2.000 ns ) ; q_temp  ; qb_temp ; clk        ; clk      ; None                        ; None                      ; 0.508 ns                ;
; N/A   ; Restricted to 500.00 MHz ( period = 2.000 ns ) ; qb_temp ; q_temp  ; clk        ; clk      ; None                        ; None                      ; 0.503 ns                ;
+-------+------------------------------------------------+---------+---------+------------+----------+-----------------------------+---------------------------+-------------------------+


+---------------------------------------------------------------+
; tsu                                                           ;
+-------+--------------+------------+------+---------+----------+
; Slack ; Required tsu ; Actual tsu ; From ; To      ; To Clock ;
+-------+--------------+------------+------+---------+----------+
; N/A   ; None         ; 3.870 ns   ; k    ; qb_temp ; clk      ;
; N/A   ; None         ; 3.782 ns   ; k    ; q_temp  ; clk      ;
; N/A   ; None         ; 3.489 ns   ; j    ; qb_temp ; clk      ;
; N/A   ; None         ; 3.401 ns   ; j    ; q_temp  ; clk      ;
+-------+--------------+------------+------+---------+----------+


+---------------------------------------------------------------+
; tco                                                           ;
+-------+--------------+------------+---------+----+------------+
; Slack ; Required tco ; Actual tco ; From    ; To ; From Clock ;
+-------+--------------+------------+---------+----+------------+
; N/A   ; None         ; 6.092 ns   ; qb_temp ; qb ; clk        ;
; N/A   ; None         ; 5.514 ns   ; q_temp  ; q  ; clk        ;
+-------+--------------+------------+---------+----+------------+


+---------------------------------------------------------------------+
; th                                                                  ;
+---------------+-------------+-----------+------+---------+----------+
; Minimum Slack ; Required th ; Actual th ; From ; To      ; To Clock ;
+---------------+-------------+-----------+------+---------+----------+
; N/A           ; None        ; -2.442 ns ; j    ; qb_temp ; clk      ;
; N/A           ; None        ; -2.555 ns ; j    ; q_temp  ; clk      ;
; N/A           ; None        ; -2.618 ns ; k    ; qb_temp ; clk      ;
; N/A           ; None        ; -2.724 ns ; k    ; q_temp  ; clk      ;
+---------------+-------------+-----------+------+---------+----------+


+--------------------------+
; Timing Analyzer Messages ;
+--------------------------+
Info: *******************************************************************
Info: Running Quartus II Classic Timing Analyzer
    Info: Version 9.1 Build 350 03/24/2010 Service Pack 2 SJ Web Edition
    Info: Processing started: Mon May 02 15:24:04 2011
Info: Command: quartus_tan --read_settings_files=off --write_settings_files=off flip_flop_jk -c flip_flop_jk --timing_analysis_only
Warning: Found pins functioning as undefined clocks and/or memory enables
    Info: Assuming node "clk" is an undefined clock
Info: Clock "clk" Internal fmax is restricted to 500.0 MHz between source register "q_temp" and destination register "qb_temp"
    Info: fmax restricted to clock pin edge rate 2.0 ns. Expand message to see actual delay path.
        Info: + Longest register to register delay is 0.508 ns
            Info: 1: + IC(0.000 ns) + CELL(0.000 ns) = 0.000 ns; Loc. = LCFF_X9_Y26_N17; Fanout = 2; REG Node = 'q_temp'
            Info: 2: + IC(0.300 ns) + CELL(0.053 ns) = 0.353 ns; Loc. = LCCOMB_X10_Y26_N16; Fanout = 1; COMB Node = 'qb_temp~0'
            Info: 3: + IC(0.000 ns) + CELL(0.155 ns) = 0.508 ns; Loc. = LCFF_X10_Y26_N17; Fanout = 2; REG Node = 'qb_temp'
            Info: Total cell delay = 0.208 ns ( 40.94 % )
            Info: Total interconnect delay = 0.300 ns ( 59.06 % )
        Info: - Smallest clock skew is 0.000 ns
            Info: + Shortest clock path from clock "clk" to destination register is 2.500 ns
                Info: 1: + IC(0.000 ns) + CELL(0.854 ns) = 0.854 ns; Loc. = PIN_N20; Fanout = 1; CLK Node = 'clk'
                Info: 2: + IC(0.343 ns) + CELL(0.000 ns) = 1.197 ns; Loc. = CLKCTRL_G3; Fanout = 2; COMB Node = 'clk~clkctrl'
                Info: 3: + IC(0.685 ns) + CELL(0.618 ns) = 2.500 ns; Loc. = LCFF_X10_Y26_N17; Fanout = 2; REG Node = 'qb_temp'
                Info: Total cell delay = 1.472 ns ( 58.88 % )
                Info: Total interconnect delay = 1.028 ns ( 41.12 % )
            Info: - Longest clock path from clock "clk" to source register is 2.500 ns
                Info: 1: + IC(0.000 ns) + CELL(0.854 ns) = 0.854 ns; Loc. = PIN_N20; Fanout = 1; CLK Node = 'clk'
                Info: 2: + IC(0.343 ns) + CELL(0.000 ns) = 1.197 ns; Loc. = CLKCTRL_G3; Fanout = 2; COMB Node = 'clk~clkctrl'
                Info: 3: + IC(0.685 ns) + CELL(0.618 ns) = 2.500 ns; Loc. = LCFF_X9_Y26_N17; Fanout = 2; REG Node = 'q_temp'
                Info: Total cell delay = 1.472 ns ( 58.88 % )
                Info: Total interconnect delay = 1.028 ns ( 41.12 % )
        Info: + Micro clock to output delay of source is 0.094 ns
        Info: + Micro setup delay of destination is 0.090 ns
Info: tsu for register "qb_temp" (data pin = "k", clock pin = "clk") is 3.870 ns
    Info: + Longest pin to register delay is 6.280 ns
        Info: 1: + IC(0.000 ns) + CELL(0.827 ns) = 0.827 ns; Loc. = PIN_D15; Fanout = 3; PIN Node = 'k'
        Info: 2: + IC(4.025 ns) + CELL(0.366 ns) = 5.218 ns; Loc. = LCCOMB_X9_Y26_N18; Fanout = 2; COMB Node = 'q_temp~2'
        Info: 3: + IC(0.316 ns) + CELL(0.746 ns) = 6.280 ns; Loc. = LCFF_X10_Y26_N17; Fanout = 2; REG Node = 'qb_temp'
        Info: Total cell delay = 1.939 ns ( 30.88 % )
        Info: Total interconnect delay = 4.341 ns ( 69.12 % )
    Info: + Micro setup delay of destination is 0.090 ns
    Info: - Shortest clock path from clock "clk" to destination register is 2.500 ns
        Info: 1: + IC(0.000 ns) + CELL(0.854 ns) = 0.854 ns; Loc. = PIN_N20; Fanout = 1; CLK Node = 'clk'
        Info: 2: + IC(0.343 ns) + CELL(0.000 ns) = 1.197 ns; Loc. = CLKCTRL_G3; Fanout = 2; COMB Node = 'clk~clkctrl'
        Info: 3: + IC(0.685 ns) + CELL(0.618 ns) = 2.500 ns; Loc. = LCFF_X10_Y26_N17; Fanout = 2; REG Node = 'qb_temp'
        Info: Total cell delay = 1.472 ns ( 58.88 % )
        Info: Total interconnect delay = 1.028 ns ( 41.12 % )
Info: tco from clock "clk" to destination pin "qb" through register "qb_temp" is 6.092 ns
    Info: + Longest clock path from clock "clk" to source register is 2.500 ns
        Info: 1: + IC(0.000 ns) + CELL(0.854 ns) = 0.854 ns; Loc. = PIN_N20; Fanout = 1; CLK Node = 'clk'
        Info: 2: + IC(0.343 ns) + CELL(0.000 ns) = 1.197 ns; Loc. = CLKCTRL_G3; Fanout = 2; COMB Node = 'clk~clkctrl'
        Info: 3: + IC(0.685 ns) + CELL(0.618 ns) = 2.500 ns; Loc. = LCFF_X10_Y26_N17; Fanout = 2; REG Node = 'qb_temp'
        Info: Total cell delay = 1.472 ns ( 58.88 % )
        Info: Total interconnect delay = 1.028 ns ( 41.12 % )
    Info: + Micro clock to output delay of source is 0.094 ns
    Info: + Longest register to pin delay is 3.498 ns
        Info: 1: + IC(0.000 ns) + CELL(0.000 ns) = 0.000 ns; Loc. = LCFF_X10_Y26_N17; Fanout = 2; REG Node = 'qb_temp'
        Info: 2: + IC(1.344 ns) + CELL(2.154 ns) = 3.498 ns; Loc. = PIN_C1; Fanout = 0; PIN Node = 'qb'
        Info: Total cell delay = 2.154 ns ( 61.58 % )
        Info: Total interconnect delay = 1.344 ns ( 38.42 % )
Info: th for register "qb_temp" (data pin = "j", clock pin = "clk") is -2.442 ns
    Info: + Longest clock path from clock "clk" to destination register is 2.500 ns
        Info: 1: + IC(0.000 ns) + CELL(0.854 ns) = 0.854 ns; Loc. = PIN_N20; Fanout = 1; CLK Node = 'clk'
        Info: 2: + IC(0.343 ns) + CELL(0.000 ns) = 1.197 ns; Loc. = CLKCTRL_G3; Fanout = 2; COMB Node = 'clk~clkctrl'
        Info: 3: + IC(0.685 ns) + CELL(0.618 ns) = 2.500 ns; Loc. = LCFF_X10_Y26_N17; Fanout = 2; REG Node = 'qb_temp'
        Info: Total cell delay = 1.472 ns ( 58.88 % )
        Info: Total interconnect delay = 1.028 ns ( 41.12 % )
    Info: + Micro hold delay of destination is 0.149 ns
    Info: - Shortest pin to register delay is 5.091 ns
        Info: 1: + IC(0.000 ns) + CELL(0.827 ns) = 0.827 ns; Loc. = PIN_E14; Fanout = 3; PIN Node = 'j'
        Info: 2: + IC(3.955 ns) + CELL(0.154 ns) = 4.936 ns; Loc. = LCCOMB_X10_Y26_N16; Fanout = 1; COMB Node = 'qb_temp~0'
        Info: 3: + IC(0.000 ns) + CELL(0.155 ns) = 5.091 ns; Loc. = LCFF_X10_Y26_N17; Fanout = 2; REG Node = 'qb_temp'
        Info: Total cell delay = 1.136 ns ( 22.31 % )
        Info: Total interconnect delay = 3.955 ns ( 77.69 % )
Info: Quartus II Classic Timing Analyzer was successful. 0 errors, 1 warning
    Info: Peak virtual memory: 168 megabytes
    Info: Processing ended: Mon May 02 15:24:04 2011
    Info: Elapsed time: 00:00:00
    Info: Total CPU time (on all processors): 00:00:00


