Flow report for DE2_Clock
Mon Jun 13 14:45:05 2011
Quartus II Version 9.1 Build 350 03/24/2010 Service Pack 2 SJ Web Edition


---------------------
; Table of Contents ;
---------------------
  1. Legal Notice
  2. Flow Summary
  3. Flow Settings
  4. Flow Non-Default Global Settings
  5. Flow Elapsed Time
  6. Flow OS Summary
  7. Flow Log



----------------
; Legal Notice ;
----------------
Copyright (C) 1991-2010 Altera Corporation
Your use of Altera Corporation's design tools, logic functions 
and other software and tools, and its AMPP partner logic 
functions, and any output files from any of the foregoing 
(including device programming or simulation files), and any 
associated documentation or information are expressly subject 
to the terms and conditions of the Altera Program License 
Subscription Agreement, Altera MegaCore Function License 
Agreement, or other applicable license agreement, including, 
without limitation, that your use is for the sole purpose of 
programming logic devices manufactured by Altera and sold by 
Altera or its authorized distributors.  Please refer to the 
applicable agreement for further details.



+-----------------------------------------------------------------------------------+
; Flow Summary                                                                      ;
+------------------------------------+----------------------------------------------+
; Flow Status                        ; Successful - Mon Jun 13 14:45:05 2011        ;
; Quartus II Version                 ; 9.1 Build 350 03/24/2010 SP 2 SJ Web Edition ;
; Revision Name                      ; DE2_Clock                                    ;
; Top-level Entity Name              ; DE2_CLOCK                                    ;
; Family                             ; Cyclone II                                   ;
; Device                             ; EP2C35F672C6                                 ;
; Timing Models                      ; Final                                        ;
; Met timing requirements            ; Yes                                          ;
; Total logic elements               ; 290 / 33,216 ( < 1 % )                       ;
;     Total combinational functions  ; 290 / 33,216 ( < 1 % )                       ;
;     Dedicated logic registers      ; 70 / 33,216 ( < 1 % )                        ;
; Total registers                    ; 70                                           ;
; Total pins                         ; 20 / 475 ( 4 % )                             ;
; Total virtual pins                 ; 0                                            ;
; Total memory bits                  ; 0 / 483,840 ( 0 % )                          ;
; Embedded Multiplier 9-bit elements ; 0 / 70 ( 0 % )                               ;
; Total PLLs                         ; 0 / 4 ( 0 % )                                ;
+------------------------------------+----------------------------------------------+


+-----------------------------------------+
; Flow Settings                           ;
+-------------------+---------------------+
; Option            ; Setting             ;
+-------------------+---------------------+
; Start date & time ; 06/13/2011 14:44:36 ;
; Main task         ; Compilation         ;
; Revision Name     ; DE2_Clock           ;
+-------------------+---------------------+


+---------------------------------------------------------------------------------------------------------------------------+
; Flow Non-Default Global Settings                                                                                          ;
+-----------------------+--------------------------------------------------------+---------------+-------------+------------+
; Assignment Name       ; Value                                                  ; Default Value ; Entity Name ; Section Id ;
+-----------------------+--------------------------------------------------------+---------------+-------------+------------+
; COMPILER_SIGNATURE_ID ; 151620794892.130798707603192                           ; --            ; --          ; --         ;
; MISC_FILE             ; C:/Users/Daniel/Desktop/Daniel/de2_clock/DE2_Clock.dpf ; --            ; --          ; --         ;
; MISC_FILE             ; E:/SDownload/de2_clock/DE2_Clock.dpf                   ; --            ; --          ; --         ;
+-----------------------+--------------------------------------------------------+---------------+-------------+------------+


+-----------------------------------------------------------------------------------------------------------------------------+
; Flow Elapsed Time                                                                                                           ;
+-------------------------+--------------+-------------------------+---------------------+------------------------------------+
; Module Name             ; Elapsed Time ; Average Processors Used ; Peak Virtual Memory ; Total CPU Time (on all processors) ;
+-------------------------+--------------+-------------------------+---------------------+------------------------------------+
; Analysis & Synthesis    ; 00:00:08     ; 1.0                     ; 231 MB              ; 00:00:07                           ;
; Fitter                  ; 00:00:11     ; 1.0                     ; 264 MB              ; 00:00:11                           ;
; Assembler               ; 00:00:03     ; 1.0                     ; 249 MB              ; 00:00:03                           ;
; Classic Timing Analyzer ; 00:00:01     ; 1.0                     ; 155 MB              ; 00:00:00                           ;
; Total                   ; 00:00:23     ; --                      ; --                  ; 00:00:21                           ;
+-------------------------+--------------+-------------------------+---------------------+------------------------------------+


+------------------------------------------------------------------------------------------+
; Flow OS Summary                                                                          ;
+-------------------------+------------------+---------------+------------+----------------+
; Module Name             ; Machine Hostname ; OS Name       ; OS Version ; Processor type ;
+-------------------------+------------------+---------------+------------+----------------+
; Analysis & Synthesis    ; grp-PC           ; Windows Vista ; 6.1        ; x86_64         ;
; Fitter                  ; grp-PC           ; Windows Vista ; 6.1        ; x86_64         ;
; Assembler               ; grp-PC           ; Windows Vista ; 6.1        ; x86_64         ;
; Classic Timing Analyzer ; grp-PC           ; Windows Vista ; 6.1        ; x86_64         ;
+-------------------------+------------------+---------------+------------+----------------+


------------
; Flow Log ;
------------
quartus_map --read_settings_files=on --write_settings_files=off DE2_Clock -c DE2_Clock
quartus_fit --read_settings_files=off --write_settings_files=off DE2_Clock -c DE2_Clock
quartus_asm --read_settings_files=off --write_settings_files=off DE2_Clock -c DE2_Clock
quartus_tan --read_settings_files=off --write_settings_files=off DE2_Clock -c DE2_Clock --timing_analysis_only



