Classic Timing Analyzer report for exemplo13_somador4bits
Tue May 24 14:30:18 2011
Quartus II Version 9.1 Build 350 03/24/2010 Service Pack 2 SJ Web Edition


---------------------
; Table of Contents ;
---------------------
  1. Legal Notice
  2. Timing Analyzer Summary
  3. Timing Analyzer Settings
  4. Parallel Compilation
  5. tpd
  6. Timing Analyzer Messages



----------------
; Legal Notice ;
----------------
Copyright (C) 1991-2010 Altera Corporation
Your use of Altera Corporation's design tools, logic functions 
and other software and tools, and its AMPP partner logic 
functions, and any output files from any of the foregoing 
(including device programming or simulation files), and any 
associated documentation or information are expressly subject 
to the terms and conditions of the Altera Program License 
Subscription Agreement, Altera MegaCore Function License 
Agreement, or other applicable license agreement, including, 
without limitation, that your use is for the sole purpose of 
programming logic devices manufactured by Altera and sold by 
Altera or its authorized distributors.  Please refer to the 
applicable agreement for further details.



+-------------------------------------------------------------------------------------------------------------------------+
; Timing Analyzer Summary                                                                                                 ;
+------------------------------+-------+---------------+-------------+------+------+------------+----------+--------------+
; Type                         ; Slack ; Required Time ; Actual Time ; From ; To   ; From Clock ; To Clock ; Failed Paths ;
+------------------------------+-------+---------------+-------------+------+------+------------+----------+--------------+
; Worst-case tpd               ; N/A   ; None          ; 14.689 ns   ; a[1] ; s[3] ; --         ; --       ; 0            ;
; Total number of failed paths ;       ;               ;             ;      ;      ;            ;          ; 0            ;
+------------------------------+-------+---------------+-------------+------+------+------------+----------+--------------+


+-----------------------------------------------------------------------------------------------------------------------------------------------------+
; Timing Analyzer Settings                                                                                                                            ;
+------------------------------------------------------------------------------------------------------+--------------------+------+----+-------------+
; Option                                                                                               ; Setting            ; From ; To ; Entity Name ;
+------------------------------------------------------------------------------------------------------+--------------------+------+----+-------------+
; Device Name                                                                                          ; EP2C35F672C6       ;      ;    ;             ;
; Timing Models                                                                                        ; Final              ;      ;    ;             ;
; Default hold multicycle                                                                              ; Same as Multicycle ;      ;    ;             ;
; Cut paths between unrelated clock domains                                                            ; On                 ;      ;    ;             ;
; Cut off read during write signal paths                                                               ; On                 ;      ;    ;             ;
; Cut off feedback from I/O pins                                                                       ; On                 ;      ;    ;             ;
; Report Combined Fast/Slow Timing                                                                     ; Off                ;      ;    ;             ;
; Ignore Clock Settings                                                                                ; Off                ;      ;    ;             ;
; Analyze latches as synchronous elements                                                              ; On                 ;      ;    ;             ;
; Enable Recovery/Removal analysis                                                                     ; Off                ;      ;    ;             ;
; Enable Clock Latency                                                                                 ; Off                ;      ;    ;             ;
; Use TimeQuest Timing Analyzer                                                                        ; Off                ;      ;    ;             ;
; Minimum Core Junction Temperature                                                                    ; 0                  ;      ;    ;             ;
; Maximum Core Junction Temperature                                                                    ; 85                 ;      ;    ;             ;
; Number of source nodes to report per destination node                                                ; 10                 ;      ;    ;             ;
; Number of destination nodes to report                                                                ; 10                 ;      ;    ;             ;
; Number of paths to report                                                                            ; 200                ;      ;    ;             ;
; Report Minimum Timing Checks                                                                         ; Off                ;      ;    ;             ;
; Use Fast Timing Models                                                                               ; Off                ;      ;    ;             ;
; Report IO Paths Separately                                                                           ; Off                ;      ;    ;             ;
; Perform Multicorner Analysis                                                                         ; On                 ;      ;    ;             ;
; Reports the worst-case path for each clock domain and analysis                                       ; Off                ;      ;    ;             ;
; Reports worst-case timing paths for each clock domain and analysis                                   ; On                 ;      ;    ;             ;
; Specifies the maximum number of worst-case timing paths to report for each clock domain and analysis ; 100                ;      ;    ;             ;
; Removes common clock path pessimism (CCPP) during slack computation                                  ; Off                ;      ;    ;             ;
; Output I/O Timing Endpoint                                                                           ; Near End           ;      ;    ;             ;
+------------------------------------------------------------------------------------------------------+--------------------+------+----+-------------+


Parallel compilation was disabled, but you have multiple processors available. Enable parallel compilation to reduce compilation time.
+-------------------------------------+
; Parallel Compilation                ;
+----------------------------+--------+
; Processors                 ; Number ;
+----------------------------+--------+
; Number detected on machine ; 2      ;
; Maximum allowed            ; 1      ;
+----------------------------+--------+


+-----------------------------------------------------------+
; tpd                                                       ;
+-------+-------------------+-----------------+------+------+
; Slack ; Required P2P Time ; Actual P2P Time ; From ; To   ;
+-------+-------------------+-----------------+------+------+
; N/A   ; None              ; 14.689 ns       ; a[1] ; s[3] ;
; N/A   ; None              ; 14.014 ns       ; a[2] ; s[3] ;
; N/A   ; None              ; 13.673 ns       ; b[1] ; s[3] ;
; N/A   ; None              ; 13.007 ns       ; a[1] ; c4   ;
; N/A   ; None              ; 12.773 ns       ; b[2] ; s[3] ;
; N/A   ; None              ; 12.481 ns       ; b[3] ; s[3] ;
; N/A   ; None              ; 12.332 ns       ; a[2] ; c4   ;
; N/A   ; None              ; 12.046 ns       ; a[3] ; s[3] ;
; N/A   ; None              ; 11.991 ns       ; b[1] ; c4   ;
; N/A   ; None              ; 11.966 ns       ; a[1] ; s[1] ;
; N/A   ; None              ; 11.690 ns       ; a[1] ; s[2] ;
; N/A   ; None              ; 11.091 ns       ; b[2] ; c4   ;
; N/A   ; None              ; 11.016 ns       ; a[2] ; s[2] ;
; N/A   ; None              ; 10.949 ns       ; b[1] ; s[1] ;
; N/A   ; None              ; 10.797 ns       ; b[3] ; c4   ;
; N/A   ; None              ; 10.674 ns       ; b[1] ; s[2] ;
; N/A   ; None              ; 10.362 ns       ; a[3] ; c4   ;
; N/A   ; None              ; 9.774 ns        ; b[2] ; s[2] ;
; N/A   ; None              ; 9.448 ns        ; a[0] ; s[3] ;
; N/A   ; None              ; 9.324 ns        ; b[0] ; s[3] ;
; N/A   ; None              ; 8.050 ns        ; a[0] ; s[0] ;
; N/A   ; None              ; 7.920 ns        ; b[0] ; s[0] ;
; N/A   ; None              ; 7.766 ns        ; a[0] ; c4   ;
; N/A   ; None              ; 7.642 ns        ; b[0] ; c4   ;
; N/A   ; None              ; 6.730 ns        ; a[0] ; s[1] ;
; N/A   ; None              ; 6.600 ns        ; b[0] ; s[1] ;
; N/A   ; None              ; 6.449 ns        ; a[0] ; s[2] ;
; N/A   ; None              ; 6.325 ns        ; b[0] ; s[2] ;
+-------+-------------------+-----------------+------+------+


+--------------------------+
; Timing Analyzer Messages ;
+--------------------------+
Info: *******************************************************************
Info: Running Quartus II Classic Timing Analyzer
    Info: Version 9.1 Build 350 03/24/2010 Service Pack 2 SJ Web Edition
    Info: Processing started: Tue May 24 14:30:17 2011
Info: Command: quartus_tan --read_settings_files=off --write_settings_files=off exemplo13_somador4bits -c exemplo13_somador4bits --timing_analysis_only
Info: Longest tpd from source pin "a[1]" to destination pin "s[3]" is 14.689 ns
    Info: 1: + IC(0.000 ns) + CELL(0.850 ns) = 0.850 ns; Loc. = PIN_AE10; Fanout = 2; PIN Node = 'a[1]'
    Info: 2: + IC(6.117 ns) + CELL(0.420 ns) = 7.387 ns; Loc. = LCCOMB_X27_Y34_N28; Fanout = 2; COMB Node = 'exemplo13_somador_completo:soma2|c_out~0'
    Info: 3: + IC(0.252 ns) + CELL(0.420 ns) = 8.059 ns; Loc. = LCCOMB_X27_Y34_N24; Fanout = 2; COMB Node = 'exemplo13_somador_completo:soma3|c_out~0'
    Info: 4: + IC(0.266 ns) + CELL(0.438 ns) = 8.763 ns; Loc. = LCCOMB_X27_Y34_N26; Fanout = 1; COMB Node = 'exemplo13_somador_completo:soma4|s'
    Info: 5: + IC(3.128 ns) + CELL(2.798 ns) = 14.689 ns; Loc. = PIN_AE11; Fanout = 0; PIN Node = 's[3]'
    Info: Total cell delay = 4.926 ns ( 33.54 % )
    Info: Total interconnect delay = 9.763 ns ( 66.46 % )
Info: Quartus II Classic Timing Analyzer was successful. 0 errors, 0 warnings
    Info: Peak virtual memory: 168 megabytes
    Info: Processing ended: Tue May 24 14:30:18 2011
    Info: Elapsed time: 00:00:01
    Info: Total CPU time (on all processors): 00:00:00


