Analysis & Synthesis report for Fechadura
Mon Jul 11 14:32:25 2011
Quartus II Version 9.1 Build 350 03/24/2010 Service Pack 2 SJ Web Edition


---------------------
; Table of Contents ;
---------------------
  1. Legal Notice
  2. Analysis & Synthesis Summary
  3. Analysis & Synthesis Settings
  4. Parallel Compilation
  5. Analysis & Synthesis Source Files Read
  6. Analysis & Synthesis Resource Usage Summary
  7. Analysis & Synthesis Resource Utilization by Entity
  8. State Machine - |fechadura|Operativa:op1|next_command
  9. State Machine - |fechadura|Operativa:op1|state
 10. State Machine - |fechadura|Controle:ct1|estado
 11. Registers Removed During Synthesis
 12. Removed Registers Triggering Further Register Optimizations
 13. General Register Statistics
 14. Inverted Register Statistics
 15. Multiplexer Restructuring Statistics (Restructuring Performed)
 16. Port Connectivity Checks: "Controle:ct1"
 17. Analysis & Synthesis Messages



----------------
; Legal Notice ;
----------------
Copyright (C) 1991-2010 Altera Corporation
Your use of Altera Corporation's design tools, logic functions 
and other software and tools, and its AMPP partner logic 
functions, and any output files from any of the foregoing 
(including device programming or simulation files), and any 
associated documentation or information are expressly subject 
to the terms and conditions of the Altera Program License 
Subscription Agreement, Altera MegaCore Function License 
Agreement, or other applicable license agreement, including, 
without limitation, that your use is for the sole purpose of 
programming logic devices manufactured by Altera and sold by 
Altera or its authorized distributors.  Please refer to the 
applicable agreement for further details.



+-----------------------------------------------------------------------------------+
; Analysis & Synthesis Summary                                                      ;
+------------------------------------+----------------------------------------------+
; Analysis & Synthesis Status        ; Successful - Mon Jul 11 14:32:25 2011        ;
; Quartus II Version                 ; 9.1 Build 350 03/24/2010 SP 2 SJ Web Edition ;
; Revision Name                      ; Fechadura                                    ;
; Top-level Entity Name              ; fechadura                                    ;
; Family                             ; Cyclone II                                   ;
; Total logic elements               ; 588                                          ;
;     Total combinational functions  ; 465                                          ;
;     Dedicated logic registers      ; 345                                          ;
; Total registers                    ; 345                                          ;
; Total pins                         ; 26                                           ;
; Total virtual pins                 ; 0                                            ;
; Total memory bits                  ; 0                                            ;
; Embedded Multiplier 9-bit elements ; 0                                            ;
; Total PLLs                         ; 0                                            ;
+------------------------------------+----------------------------------------------+


+----------------------------------------------------------------------------------------------------------------------+
; Analysis & Synthesis Settings                                                                                        ;
+----------------------------------------------------------------------------+--------------------+--------------------+
; Option                                                                     ; Setting            ; Default Value      ;
+----------------------------------------------------------------------------+--------------------+--------------------+
; Device                                                                     ; EP2C35F672C6       ;                    ;
; Top-level entity name                                                      ; Fechadura          ; Fechadura          ;
; Family name                                                                ; Cyclone II         ; Stratix II         ;
; Use Generated Physical Constraints File                                    ; Off                ;                    ;
; Use smart compilation                                                      ; Off                ; Off                ;
; Enable parallel Assembler and TimeQuest Timing Analyzer during compilation ; On                 ; On                 ;
; Enable compact report table                                                ; Off                ; Off                ;
; Restructure Multiplexers                                                   ; Auto               ; Auto               ;
; Create Debugging Nodes for IP Cores                                        ; Off                ; Off                ;
; Preserve fewer node names                                                  ; On                 ; On                 ;
; Disable OpenCore Plus hardware evaluation                                  ; Off                ; Off                ;
; Verilog Version                                                            ; Verilog_2001       ; Verilog_2001       ;
; VHDL Version                                                               ; VHDL_1993          ; VHDL_1993          ;
; State Machine Processing                                                   ; Auto               ; Auto               ;
; Safe State Machine                                                         ; Off                ; Off                ;
; Extract Verilog State Machines                                             ; On                 ; On                 ;
; Extract VHDL State Machines                                                ; On                 ; On                 ;
; Ignore Verilog initial constructs                                          ; Off                ; Off                ;
; Iteration limit for constant Verilog loops                                 ; 5000               ; 5000               ;
; Iteration limit for non-constant Verilog loops                             ; 250                ; 250                ;
; Add Pass-Through Logic to Inferred RAMs                                    ; On                 ; On                 ;
; Parallel Synthesis                                                         ; On                 ; On                 ;
; DSP Block Balancing                                                        ; Auto               ; Auto               ;
; NOT Gate Push-Back                                                         ; On                 ; On                 ;
; Power-Up Don't Care                                                        ; On                 ; On                 ;
; Remove Redundant Logic Cells                                               ; Off                ; Off                ;
; Remove Duplicate Registers                                                 ; On                 ; On                 ;
; Ignore CARRY Buffers                                                       ; Off                ; Off                ;
; Ignore CASCADE Buffers                                                     ; Off                ; Off                ;
; Ignore GLOBAL Buffers                                                      ; Off                ; Off                ;
; Ignore ROW GLOBAL Buffers                                                  ; Off                ; Off                ;
; Ignore LCELL Buffers                                                       ; Off                ; Off                ;
; Ignore SOFT Buffers                                                        ; On                 ; On                 ;
; Limit AHDL Integers to 32 Bits                                             ; Off                ; Off                ;
; Optimization Technique                                                     ; Balanced           ; Balanced           ;
; Carry Chain Length                                                         ; 70                 ; 70                 ;
; Auto Carry Chains                                                          ; On                 ; On                 ;
; Auto Open-Drain Pins                                                       ; On                 ; On                 ;
; Perform WYSIWYG Primitive Resynthesis                                      ; Off                ; Off                ;
; Auto ROM Replacement                                                       ; On                 ; On                 ;
; Auto RAM Replacement                                                       ; On                 ; On                 ;
; Auto Shift Register Replacement                                            ; Auto               ; Auto               ;
; Auto Clock Enable Replacement                                              ; On                 ; On                 ;
; Strict RAM Replacement                                                     ; Off                ; Off                ;
; Allow Synchronous Control Signals                                          ; On                 ; On                 ;
; Force Use of Synchronous Clear Signals                                     ; Off                ; Off                ;
; Auto RAM to Logic Cell Conversion                                          ; Off                ; Off                ;
; Auto Resource Sharing                                                      ; Off                ; Off                ;
; Allow Any RAM Size For Recognition                                         ; Off                ; Off                ;
; Allow Any ROM Size For Recognition                                         ; Off                ; Off                ;
; Allow Any Shift Register Size For Recognition                              ; Off                ; Off                ;
; Use LogicLock Constraints during Resource Balancing                        ; On                 ; On                 ;
; Ignore translate_off and synthesis_off directives                          ; Off                ; Off                ;
; Timing-Driven Synthesis                                                    ; Off                ; Off                ;
; Show Parameter Settings Tables in Synthesis Report                         ; On                 ; On                 ;
; Ignore Maximum Fan-Out Assignments                                         ; Off                ; Off                ;
; Synchronization Register Chain Length                                      ; 2                  ; 2                  ;
; PowerPlay Power Optimization                                               ; Normal compilation ; Normal compilation ;
; HDL message level                                                          ; Level2             ; Level2             ;
; Suppress Register Optimization Related Messages                            ; Off                ; Off                ;
; Number of Removed Registers Reported in Synthesis Report                   ; 5000               ; 5000               ;
; Number of Inverted Registers Reported in Synthesis Report                  ; 100                ; 100                ;
; Clock MUX Protection                                                       ; On                 ; On                 ;
; Auto Gated Clock Conversion                                                ; Off                ; Off                ;
; Block Design Naming                                                        ; Auto               ; Auto               ;
; SDC constraint protection                                                  ; Off                ; Off                ;
; Synthesis Effort                                                           ; Auto               ; Auto               ;
; Shift Register Replacement - Allow Asynchronous Clear Signal               ; On                 ; On                 ;
; Analysis & Synthesis Message Level                                         ; Medium             ; Medium             ;
; Disable Register Merging Across Hierarchies                                ; Auto               ; Auto               ;
; Resource Aware Inference For Block RAM                                     ; On                 ; On                 ;
+----------------------------------------------------------------------------+--------------------+--------------------+


Parallel compilation was disabled, but you have multiple processors available. Enable parallel compilation to reduce compilation time.
+-------------------------------------+
; Parallel Compilation                ;
+----------------------------+--------+
; Processors                 ; Number ;
+----------------------------+--------+
; Number detected on machine ; 2      ;
; Maximum allowed            ; 1      ;
+----------------------------+--------+


+------------------------------------------------------------------------------------------------------------------------------------------------+
; Analysis & Synthesis Source Files Read                                                                                                         ;
+----------------------------------+-----------------+-----------------+-------------------------------------------------------------------------+
; File Name with User-Entered Path ; Used in Netlist ; File Type       ; File Name with Absolute Path                                            ;
+----------------------------------+-----------------+-----------------+-------------------------------------------------------------------------+
; divisor.vhd                      ; yes             ; User VHDL File  ; E:/UFPEL/Circuitos Digitais 2/Projetos/CD2_Proj_fechadura/divisor.vhd   ;
; Fechadura.vhd                    ; yes             ; User VHDL File  ; E:/UFPEL/Circuitos Digitais 2/Projetos/CD2_Proj_fechadura/Fechadura.vhd ;
; Controle.vhd                     ; yes             ; User VHDL File  ; E:/UFPEL/Circuitos Digitais 2/Projetos/CD2_Proj_fechadura/Controle.vhd  ;
; Operativa.vhd                    ; yes             ; User VHDL File  ; E:/UFPEL/Circuitos Digitais 2/Projetos/CD2_Proj_fechadura/Operativa.vhd ;
; DBase.vhd                        ; yes             ; User VHDL File  ; E:/UFPEL/Circuitos Digitais 2/Projetos/CD2_Proj_fechadura/DBase.vhd     ;
+----------------------------------+-----------------+-----------------+-------------------------------------------------------------------------+


+----------------------------------------------------------------+
; Analysis & Synthesis Resource Usage Summary                    ;
+---------------------------------------------+------------------+
; Resource                                    ; Usage            ;
+---------------------------------------------+------------------+
; Estimated Total logic elements              ; 588              ;
;                                             ;                  ;
; Total combinational functions               ; 465              ;
; Logic element usage by number of LUT inputs ;                  ;
;     -- 4 input functions                    ; 293              ;
;     -- 3 input functions                    ; 69               ;
;     -- <=2 input functions                  ; 103              ;
;                                             ;                  ;
; Logic elements by mode                      ;                  ;
;     -- normal mode                          ; 432              ;
;     -- arithmetic mode                      ; 33               ;
;                                             ;                  ;
; Total registers                             ; 345              ;
;     -- Dedicated logic registers            ; 345              ;
;     -- I/O registers                        ; 0                ;
;                                             ;                  ;
; I/O pins                                    ; 26               ;
; Maximum fan-out node                        ; divisor:div|cout ;
; Maximum fan-out                             ; 287              ;
; Total fan-out                               ; 2656             ;
; Average fan-out                             ; 3.18             ;
+---------------------------------------------+------------------+


+----------------------------------------------------------------------------------------------------------------------------------------------------------------------------------+
; Analysis & Synthesis Resource Utilization by Entity                                                                                                                              ;
+----------------------------+-------------------+--------------+-------------+--------------+---------+-----------+------+--------------+--------------------------+--------------+
; Compilation Hierarchy Node ; LC Combinationals ; LC Registers ; Memory Bits ; DSP Elements ; DSP 9x9 ; DSP 18x18 ; Pins ; Virtual Pins ; Full Hierarchy Name      ; Library Name ;
+----------------------------+-------------------+--------------+-------------+--------------+---------+-----------+------+--------------+--------------------------+--------------+
; |fechadura                 ; 465 (0)           ; 345 (0)      ; 0           ; 0            ; 0       ; 0         ; 26   ; 0            ; |fechadura               ; work         ;
;    |Controle:ct1|          ; 31 (31)           ; 23 (23)      ; 0           ; 0            ; 0       ; 0         ; 0    ; 0            ; |fechadura|Controle:ct1  ;              ;
;    |DBase:dados|           ; 160 (160)         ; 136 (136)    ; 0           ; 0            ; 0       ; 0         ; 0    ; 0            ; |fechadura|DBase:dados   ;              ;
;    |Operativa:op1|         ; 246 (246)         ; 164 (164)    ; 0           ; 0            ; 0       ; 0         ; 0    ; 0            ; |fechadura|Operativa:op1 ;              ;
;    |divisor:div|           ; 28 (28)           ; 22 (22)      ; 0           ; 0            ; 0       ; 0         ; 0    ; 0            ; |fechadura|divisor:div   ;              ;
+----------------------------+-------------------+--------------+-------------+--------------+---------+-----------+------+--------------+--------------------------+--------------+
Note: For table entries with two numbers listed, the numbers in parentheses indicate the number of resources of the given type used by the specific entity alone. The numbers listed outside of parentheses indicate the total resources of the given type used by the specific entity and all of its sub-entities in the hierarchy.


Encoding Type:  One-Hot
+--------------------------------------------------------------------------------------------------------------------------------------------------------------------------------------------------------------------------------------------------------------------------------------------------------------------------------------------------------------------------------------------------------------------------------------------------------------------------------------------------------------------------------------------------------------------------------------------------------------------------------------------------------------------------------------------------------------------------------------------------------------+
; State Machine - |fechadura|Operativa:op1|next_command                                                                                                                                                                                                                                                                                                                                                                                                                                                                                                                                                                                                                                                                                                        ;
+----------------------------+----------------------------+--------------------------+---------------------+-------------------+---------------------+-----------------------+--------------------------+---------------------------+---------------------------+---------------------------+---------------------------+---------------------------+---------------------------+---------------------------+--------------------------+--------------------------+--------------------------+--------------------------+--------------------------+--------------------------+--------------------------+--------------------------+--------------------------+-----------------------+-------------------------+-----------------------+---------------------+
; Name                       ; next_command.DISPLAY_CLEAR ; next_command.DISPLAY_OFF ; next_command.RESET3 ; next_command.HOLD ; next_command.RESET1 ; next_command.TOGGLE_E ; next_command.RETURN_HOME ; next_command.WRITE_CHAR16 ; next_command.WRITE_CHAR15 ; next_command.WRITE_CHAR14 ; next_command.WRITE_CHAR13 ; next_command.WRITE_CHAR12 ; next_command.WRITE_CHAR11 ; next_command.WRITE_CHAR10 ; next_command.WRITE_CHAR9 ; next_command.WRITE_CHAR8 ; next_command.WRITE_CHAR7 ; next_command.WRITE_CHAR6 ; next_command.WRITE_CHAR5 ; next_command.WRITE_CHAR4 ; next_command.WRITE_CHAR3 ; next_command.WRITE_CHAR2 ; next_command.WRITE_CHAR1 ; next_command.MODE_SET ; next_command.DISPLAY_ON ; next_command.FUNC_SET ; next_command.RESET2 ;
+----------------------------+----------------------------+--------------------------+---------------------+-------------------+---------------------+-----------------------+--------------------------+---------------------------+---------------------------+---------------------------+---------------------------+---------------------------+---------------------------+---------------------------+--------------------------+--------------------------+--------------------------+--------------------------+--------------------------+--------------------------+--------------------------+--------------------------+--------------------------+-----------------------+-------------------------+-----------------------+---------------------+
; next_command.RESET2        ; 0                          ; 0                        ; 0                   ; 0                 ; 0                   ; 0                     ; 0                        ; 0                         ; 0                         ; 0                         ; 0                         ; 0                         ; 0                         ; 0                         ; 0                        ; 0                        ; 0                        ; 0                        ; 0                        ; 0                        ; 0                        ; 0                        ; 0                        ; 0                     ; 0                       ; 0                     ; 0                   ;
; next_command.FUNC_SET      ; 0                          ; 0                        ; 0                   ; 0                 ; 0                   ; 0                     ; 0                        ; 0                         ; 0                         ; 0                         ; 0                         ; 0                         ; 0                         ; 0                         ; 0                        ; 0                        ; 0                        ; 0                        ; 0                        ; 0                        ; 0                        ; 0                        ; 0                        ; 0                     ; 0                       ; 1                     ; 1                   ;
; next_command.DISPLAY_ON    ; 0                          ; 0                        ; 0                   ; 0                 ; 0                   ; 0                     ; 0                        ; 0                         ; 0                         ; 0                         ; 0                         ; 0                         ; 0                         ; 0                         ; 0                        ; 0                        ; 0                        ; 0                        ; 0                        ; 0                        ; 0                        ; 0                        ; 0                        ; 0                     ; 1                       ; 0                     ; 1                   ;
; next_command.MODE_SET      ; 0                          ; 0                        ; 0                   ; 0                 ; 0                   ; 0                     ; 0                        ; 0                         ; 0                         ; 0                         ; 0                         ; 0                         ; 0                         ; 0                         ; 0                        ; 0                        ; 0                        ; 0                        ; 0                        ; 0                        ; 0                        ; 0                        ; 0                        ; 1                     ; 0                       ; 0                     ; 1                   ;
; next_command.WRITE_CHAR1   ; 0                          ; 0                        ; 0                   ; 0                 ; 0                   ; 0                     ; 0                        ; 0                         ; 0                         ; 0                         ; 0                         ; 0                         ; 0                         ; 0                         ; 0                        ; 0                        ; 0                        ; 0                        ; 0                        ; 0                        ; 0                        ; 0                        ; 1                        ; 0                     ; 0                       ; 0                     ; 1                   ;
; next_command.WRITE_CHAR2   ; 0                          ; 0                        ; 0                   ; 0                 ; 0                   ; 0                     ; 0                        ; 0                         ; 0                         ; 0                         ; 0                         ; 0                         ; 0                         ; 0                         ; 0                        ; 0                        ; 0                        ; 0                        ; 0                        ; 0                        ; 0                        ; 1                        ; 0                        ; 0                     ; 0                       ; 0                     ; 1                   ;
; next_command.WRITE_CHAR3   ; 0                          ; 0                        ; 0                   ; 0                 ; 0                   ; 0                     ; 0                        ; 0                         ; 0                         ; 0                         ; 0                         ; 0                         ; 0                         ; 0                         ; 0                        ; 0                        ; 0                        ; 0                        ; 0                        ; 0                        ; 1                        ; 0                        ; 0                        ; 0                     ; 0                       ; 0                     ; 1                   ;
; next_command.WRITE_CHAR4   ; 0                          ; 0                        ; 0                   ; 0                 ; 0                   ; 0                     ; 0                        ; 0                         ; 0                         ; 0                         ; 0                         ; 0                         ; 0                         ; 0                         ; 0                        ; 0                        ; 0                        ; 0                        ; 0                        ; 1                        ; 0                        ; 0                        ; 0                        ; 0                     ; 0                       ; 0                     ; 1                   ;
; next_command.WRITE_CHAR5   ; 0                          ; 0                        ; 0                   ; 0                 ; 0                   ; 0                     ; 0                        ; 0                         ; 0                         ; 0                         ; 0                         ; 0                         ; 0                         ; 0                         ; 0                        ; 0                        ; 0                        ; 0                        ; 1                        ; 0                        ; 0                        ; 0                        ; 0                        ; 0                     ; 0                       ; 0                     ; 1                   ;
; next_command.WRITE_CHAR6   ; 0                          ; 0                        ; 0                   ; 0                 ; 0                   ; 0                     ; 0                        ; 0                         ; 0                         ; 0                         ; 0                         ; 0                         ; 0                         ; 0                         ; 0                        ; 0                        ; 0                        ; 1                        ; 0                        ; 0                        ; 0                        ; 0                        ; 0                        ; 0                     ; 0                       ; 0                     ; 1                   ;
; next_command.WRITE_CHAR7   ; 0                          ; 0                        ; 0                   ; 0                 ; 0                   ; 0                     ; 0                        ; 0                         ; 0                         ; 0                         ; 0                         ; 0                         ; 0                         ; 0                         ; 0                        ; 0                        ; 1                        ; 0                        ; 0                        ; 0                        ; 0                        ; 0                        ; 0                        ; 0                     ; 0                       ; 0                     ; 1                   ;
; next_command.WRITE_CHAR8   ; 0                          ; 0                        ; 0                   ; 0                 ; 0                   ; 0                     ; 0                        ; 0                         ; 0                         ; 0                         ; 0                         ; 0                         ; 0                         ; 0                         ; 0                        ; 1                        ; 0                        ; 0                        ; 0                        ; 0                        ; 0                        ; 0                        ; 0                        ; 0                     ; 0                       ; 0                     ; 1                   ;
; next_command.WRITE_CHAR9   ; 0                          ; 0                        ; 0                   ; 0                 ; 0                   ; 0                     ; 0                        ; 0                         ; 0                         ; 0                         ; 0                         ; 0                         ; 0                         ; 0                         ; 1                        ; 0                        ; 0                        ; 0                        ; 0                        ; 0                        ; 0                        ; 0                        ; 0                        ; 0                     ; 0                       ; 0                     ; 1                   ;
; next_command.WRITE_CHAR10  ; 0                          ; 0                        ; 0                   ; 0                 ; 0                   ; 0                     ; 0                        ; 0                         ; 0                         ; 0                         ; 0                         ; 0                         ; 0                         ; 1                         ; 0                        ; 0                        ; 0                        ; 0                        ; 0                        ; 0                        ; 0                        ; 0                        ; 0                        ; 0                     ; 0                       ; 0                     ; 1                   ;
; next_command.WRITE_CHAR11  ; 0                          ; 0                        ; 0                   ; 0                 ; 0                   ; 0                     ; 0                        ; 0                         ; 0                         ; 0                         ; 0                         ; 0                         ; 1                         ; 0                         ; 0                        ; 0                        ; 0                        ; 0                        ; 0                        ; 0                        ; 0                        ; 0                        ; 0                        ; 0                     ; 0                       ; 0                     ; 1                   ;
; next_command.WRITE_CHAR12  ; 0                          ; 0                        ; 0                   ; 0                 ; 0                   ; 0                     ; 0                        ; 0                         ; 0                         ; 0                         ; 0                         ; 1                         ; 0                         ; 0                         ; 0                        ; 0                        ; 0                        ; 0                        ; 0                        ; 0                        ; 0                        ; 0                        ; 0                        ; 0                     ; 0                       ; 0                     ; 1                   ;
; next_command.WRITE_CHAR13  ; 0                          ; 0                        ; 0                   ; 0                 ; 0                   ; 0                     ; 0                        ; 0                         ; 0                         ; 0                         ; 1                         ; 0                         ; 0                         ; 0                         ; 0                        ; 0                        ; 0                        ; 0                        ; 0                        ; 0                        ; 0                        ; 0                        ; 0                        ; 0                     ; 0                       ; 0                     ; 1                   ;
; next_command.WRITE_CHAR14  ; 0                          ; 0                        ; 0                   ; 0                 ; 0                   ; 0                     ; 0                        ; 0                         ; 0                         ; 1                         ; 0                         ; 0                         ; 0                         ; 0                         ; 0                        ; 0                        ; 0                        ; 0                        ; 0                        ; 0                        ; 0                        ; 0                        ; 0                        ; 0                     ; 0                       ; 0                     ; 1                   ;
; next_command.WRITE_CHAR15  ; 0                          ; 0                        ; 0                   ; 0                 ; 0                   ; 0                     ; 0                        ; 0                         ; 1                         ; 0                         ; 0                         ; 0                         ; 0                         ; 0                         ; 0                        ; 0                        ; 0                        ; 0                        ; 0                        ; 0                        ; 0                        ; 0                        ; 0                        ; 0                     ; 0                       ; 0                     ; 1                   ;
; next_command.WRITE_CHAR16  ; 0                          ; 0                        ; 0                   ; 0                 ; 0                   ; 0                     ; 0                        ; 1                         ; 0                         ; 0                         ; 0                         ; 0                         ; 0                         ; 0                         ; 0                        ; 0                        ; 0                        ; 0                        ; 0                        ; 0                        ; 0                        ; 0                        ; 0                        ; 0                     ; 0                       ; 0                     ; 1                   ;
; next_command.RETURN_HOME   ; 0                          ; 0                        ; 0                   ; 0                 ; 0                   ; 0                     ; 1                        ; 0                         ; 0                         ; 0                         ; 0                         ; 0                         ; 0                         ; 0                         ; 0                        ; 0                        ; 0                        ; 0                        ; 0                        ; 0                        ; 0                        ; 0                        ; 0                        ; 0                     ; 0                       ; 0                     ; 1                   ;
; next_command.TOGGLE_E      ; 0                          ; 0                        ; 0                   ; 0                 ; 0                   ; 1                     ; 0                        ; 0                         ; 0                         ; 0                         ; 0                         ; 0                         ; 0                         ; 0                         ; 0                        ; 0                        ; 0                        ; 0                        ; 0                        ; 0                        ; 0                        ; 0                        ; 0                        ; 0                     ; 0                       ; 0                     ; 1                   ;
; next_command.RESET1        ; 0                          ; 0                        ; 0                   ; 0                 ; 1                   ; 0                     ; 0                        ; 0                         ; 0                         ; 0                         ; 0                         ; 0                         ; 0                         ; 0                         ; 0                        ; 0                        ; 0                        ; 0                        ; 0                        ; 0                        ; 0                        ; 0                        ; 0                        ; 0                     ; 0                       ; 0                     ; 1                   ;
; next_command.HOLD          ; 0                          ; 0                        ; 0                   ; 1                 ; 0                   ; 0                     ; 0                        ; 0                         ; 0                         ; 0                         ; 0                         ; 0                         ; 0                         ; 0                         ; 0                        ; 0                        ; 0                        ; 0                        ; 0                        ; 0                        ; 0                        ; 0                        ; 0                        ; 0                     ; 0                       ; 0                     ; 1                   ;
; next_command.RESET3        ; 0                          ; 0                        ; 1                   ; 0                 ; 0                   ; 0                     ; 0                        ; 0                         ; 0                         ; 0                         ; 0                         ; 0                         ; 0                         ; 0                         ; 0                        ; 0                        ; 0                        ; 0                        ; 0                        ; 0                        ; 0                        ; 0                        ; 0                        ; 0                     ; 0                       ; 0                     ; 1                   ;
; next_command.DISPLAY_OFF   ; 0                          ; 1                        ; 0                   ; 0                 ; 0                   ; 0                     ; 0                        ; 0                         ; 0                         ; 0                         ; 0                         ; 0                         ; 0                         ; 0                         ; 0                        ; 0                        ; 0                        ; 0                        ; 0                        ; 0                        ; 0                        ; 0                        ; 0                        ; 0                     ; 0                       ; 0                     ; 1                   ;
; next_command.DISPLAY_CLEAR ; 1                          ; 0                        ; 0                   ; 0                 ; 0                   ; 0                     ; 0                        ; 0                         ; 0                         ; 0                         ; 0                         ; 0                         ; 0                         ; 0                         ; 0                        ; 0                        ; 0                        ; 0                        ; 0                        ; 0                        ; 0                        ; 0                        ; 0                        ; 0                     ; 0                       ; 0                     ; 1                   ;
+----------------------------+----------------------------+--------------------------+---------------------+-------------------+---------------------+-----------------------+--------------------------+---------------------------+---------------------------+---------------------------+---------------------------+---------------------------+---------------------------+---------------------------+--------------------------+--------------------------+--------------------------+--------------------------+--------------------------+--------------------------+--------------------------+--------------------------+--------------------------+-----------------------+-------------------------+-----------------------+---------------------+


Encoding Type:  One-Hot
+----------------------------------------------------------------------------------------------------------------------------------------------------------------------------------------------------------------------------------------------------------------------------------------------------------------------------------------------------------------------------------------------------------------------------------------------------------------------------------------------------------------------------------------------------------+
; State Machine - |fechadura|Operativa:op1|state                                                                                                                                                                                                                                                                                                                                                                                                                                                                                                           ;
+---------------------+---------------------+-------------------+--------------+--------------+------------+----------------+-------------------+--------------------+--------------------+--------------------+--------------------+--------------------+--------------------+--------------------+-------------------+-------------------+-------------------+-------------------+-------------------+-------------------+-------------------+-------------------+-------------------+----------------+------------------+----------------+--------------+
; Name                ; state.DISPLAY_CLEAR ; state.DISPLAY_OFF ; state.RESET3 ; state.RESET2 ; state.HOLD ; state.TOGGLE_E ; state.RETURN_HOME ; state.WRITE_CHAR16 ; state.WRITE_CHAR15 ; state.WRITE_CHAR14 ; state.WRITE_CHAR13 ; state.WRITE_CHAR12 ; state.WRITE_CHAR11 ; state.WRITE_CHAR10 ; state.WRITE_CHAR9 ; state.WRITE_CHAR8 ; state.WRITE_CHAR7 ; state.WRITE_CHAR6 ; state.WRITE_CHAR5 ; state.WRITE_CHAR4 ; state.WRITE_CHAR3 ; state.WRITE_CHAR2 ; state.WRITE_CHAR1 ; state.MODE_SET ; state.DISPLAY_ON ; state.FUNC_SET ; state.RESET1 ;
+---------------------+---------------------+-------------------+--------------+--------------+------------+----------------+-------------------+--------------------+--------------------+--------------------+--------------------+--------------------+--------------------+--------------------+-------------------+-------------------+-------------------+-------------------+-------------------+-------------------+-------------------+-------------------+-------------------+----------------+------------------+----------------+--------------+
; state.RESET1        ; 0                   ; 0                 ; 0            ; 0            ; 0          ; 0              ; 0                 ; 0                  ; 0                  ; 0                  ; 0                  ; 0                  ; 0                  ; 0                  ; 0                 ; 0                 ; 0                 ; 0                 ; 0                 ; 0                 ; 0                 ; 0                 ; 0                 ; 0              ; 0                ; 0              ; 0            ;
; state.FUNC_SET      ; 0                   ; 0                 ; 0            ; 0            ; 0          ; 0              ; 0                 ; 0                  ; 0                  ; 0                  ; 0                  ; 0                  ; 0                  ; 0                  ; 0                 ; 0                 ; 0                 ; 0                 ; 0                 ; 0                 ; 0                 ; 0                 ; 0                 ; 0              ; 0                ; 1              ; 1            ;
; state.DISPLAY_ON    ; 0                   ; 0                 ; 0            ; 0            ; 0          ; 0              ; 0                 ; 0                  ; 0                  ; 0                  ; 0                  ; 0                  ; 0                  ; 0                  ; 0                 ; 0                 ; 0                 ; 0                 ; 0                 ; 0                 ; 0                 ; 0                 ; 0                 ; 0              ; 1                ; 0              ; 1            ;
; state.MODE_SET      ; 0                   ; 0                 ; 0            ; 0            ; 0          ; 0              ; 0                 ; 0                  ; 0                  ; 0                  ; 0                  ; 0                  ; 0                  ; 0                  ; 0                 ; 0                 ; 0                 ; 0                 ; 0                 ; 0                 ; 0                 ; 0                 ; 0                 ; 1              ; 0                ; 0              ; 1            ;
; state.WRITE_CHAR1   ; 0                   ; 0                 ; 0            ; 0            ; 0          ; 0              ; 0                 ; 0                  ; 0                  ; 0                  ; 0                  ; 0                  ; 0                  ; 0                  ; 0                 ; 0                 ; 0                 ; 0                 ; 0                 ; 0                 ; 0                 ; 0                 ; 1                 ; 0              ; 0                ; 0              ; 1            ;
; state.WRITE_CHAR2   ; 0                   ; 0                 ; 0            ; 0            ; 0          ; 0              ; 0                 ; 0                  ; 0                  ; 0                  ; 0                  ; 0                  ; 0                  ; 0                  ; 0                 ; 0                 ; 0                 ; 0                 ; 0                 ; 0                 ; 0                 ; 1                 ; 0                 ; 0              ; 0                ; 0              ; 1            ;
; state.WRITE_CHAR3   ; 0                   ; 0                 ; 0            ; 0            ; 0          ; 0              ; 0                 ; 0                  ; 0                  ; 0                  ; 0                  ; 0                  ; 0                  ; 0                  ; 0                 ; 0                 ; 0                 ; 0                 ; 0                 ; 0                 ; 1                 ; 0                 ; 0                 ; 0              ; 0                ; 0              ; 1            ;
; state.WRITE_CHAR4   ; 0                   ; 0                 ; 0            ; 0            ; 0          ; 0              ; 0                 ; 0                  ; 0                  ; 0                  ; 0                  ; 0                  ; 0                  ; 0                  ; 0                 ; 0                 ; 0                 ; 0                 ; 0                 ; 1                 ; 0                 ; 0                 ; 0                 ; 0              ; 0                ; 0              ; 1            ;
; state.WRITE_CHAR5   ; 0                   ; 0                 ; 0            ; 0            ; 0          ; 0              ; 0                 ; 0                  ; 0                  ; 0                  ; 0                  ; 0                  ; 0                  ; 0                  ; 0                 ; 0                 ; 0                 ; 0                 ; 1                 ; 0                 ; 0                 ; 0                 ; 0                 ; 0              ; 0                ; 0              ; 1            ;
; state.WRITE_CHAR6   ; 0                   ; 0                 ; 0            ; 0            ; 0          ; 0              ; 0                 ; 0                  ; 0                  ; 0                  ; 0                  ; 0                  ; 0                  ; 0                  ; 0                 ; 0                 ; 0                 ; 1                 ; 0                 ; 0                 ; 0                 ; 0                 ; 0                 ; 0              ; 0                ; 0              ; 1            ;
; state.WRITE_CHAR7   ; 0                   ; 0                 ; 0            ; 0            ; 0          ; 0              ; 0                 ; 0                  ; 0                  ; 0                  ; 0                  ; 0                  ; 0                  ; 0                  ; 0                 ; 0                 ; 1                 ; 0                 ; 0                 ; 0                 ; 0                 ; 0                 ; 0                 ; 0              ; 0                ; 0              ; 1            ;
; state.WRITE_CHAR8   ; 0                   ; 0                 ; 0            ; 0            ; 0          ; 0              ; 0                 ; 0                  ; 0                  ; 0                  ; 0                  ; 0                  ; 0                  ; 0                  ; 0                 ; 1                 ; 0                 ; 0                 ; 0                 ; 0                 ; 0                 ; 0                 ; 0                 ; 0              ; 0                ; 0              ; 1            ;
; state.WRITE_CHAR9   ; 0                   ; 0                 ; 0            ; 0            ; 0          ; 0              ; 0                 ; 0                  ; 0                  ; 0                  ; 0                  ; 0                  ; 0                  ; 0                  ; 1                 ; 0                 ; 0                 ; 0                 ; 0                 ; 0                 ; 0                 ; 0                 ; 0                 ; 0              ; 0                ; 0              ; 1            ;
; state.WRITE_CHAR10  ; 0                   ; 0                 ; 0            ; 0            ; 0          ; 0              ; 0                 ; 0                  ; 0                  ; 0                  ; 0                  ; 0                  ; 0                  ; 1                  ; 0                 ; 0                 ; 0                 ; 0                 ; 0                 ; 0                 ; 0                 ; 0                 ; 0                 ; 0              ; 0                ; 0              ; 1            ;
; state.WRITE_CHAR11  ; 0                   ; 0                 ; 0            ; 0            ; 0          ; 0              ; 0                 ; 0                  ; 0                  ; 0                  ; 0                  ; 0                  ; 1                  ; 0                  ; 0                 ; 0                 ; 0                 ; 0                 ; 0                 ; 0                 ; 0                 ; 0                 ; 0                 ; 0              ; 0                ; 0              ; 1            ;
; state.WRITE_CHAR12  ; 0                   ; 0                 ; 0            ; 0            ; 0          ; 0              ; 0                 ; 0                  ; 0                  ; 0                  ; 0                  ; 1                  ; 0                  ; 0                  ; 0                 ; 0                 ; 0                 ; 0                 ; 0                 ; 0                 ; 0                 ; 0                 ; 0                 ; 0              ; 0                ; 0              ; 1            ;
; state.WRITE_CHAR13  ; 0                   ; 0                 ; 0            ; 0            ; 0          ; 0              ; 0                 ; 0                  ; 0                  ; 0                  ; 1                  ; 0                  ; 0                  ; 0                  ; 0                 ; 0                 ; 0                 ; 0                 ; 0                 ; 0                 ; 0                 ; 0                 ; 0                 ; 0              ; 0                ; 0              ; 1            ;
; state.WRITE_CHAR14  ; 0                   ; 0                 ; 0            ; 0            ; 0          ; 0              ; 0                 ; 0                  ; 0                  ; 1                  ; 0                  ; 0                  ; 0                  ; 0                  ; 0                 ; 0                 ; 0                 ; 0                 ; 0                 ; 0                 ; 0                 ; 0                 ; 0                 ; 0              ; 0                ; 0              ; 1            ;
; state.WRITE_CHAR15  ; 0                   ; 0                 ; 0            ; 0            ; 0          ; 0              ; 0                 ; 0                  ; 1                  ; 0                  ; 0                  ; 0                  ; 0                  ; 0                  ; 0                 ; 0                 ; 0                 ; 0                 ; 0                 ; 0                 ; 0                 ; 0                 ; 0                 ; 0              ; 0                ; 0              ; 1            ;
; state.WRITE_CHAR16  ; 0                   ; 0                 ; 0            ; 0            ; 0          ; 0              ; 0                 ; 1                  ; 0                  ; 0                  ; 0                  ; 0                  ; 0                  ; 0                  ; 0                 ; 0                 ; 0                 ; 0                 ; 0                 ; 0                 ; 0                 ; 0                 ; 0                 ; 0              ; 0                ; 0              ; 1            ;
; state.RETURN_HOME   ; 0                   ; 0                 ; 0            ; 0            ; 0          ; 0              ; 1                 ; 0                  ; 0                  ; 0                  ; 0                  ; 0                  ; 0                  ; 0                  ; 0                 ; 0                 ; 0                 ; 0                 ; 0                 ; 0                 ; 0                 ; 0                 ; 0                 ; 0              ; 0                ; 0              ; 1            ;
; state.TOGGLE_E      ; 0                   ; 0                 ; 0            ; 0            ; 0          ; 1              ; 0                 ; 0                  ; 0                  ; 0                  ; 0                  ; 0                  ; 0                  ; 0                  ; 0                 ; 0                 ; 0                 ; 0                 ; 0                 ; 0                 ; 0                 ; 0                 ; 0                 ; 0              ; 0                ; 0              ; 1            ;
; state.HOLD          ; 0                   ; 0                 ; 0            ; 0            ; 1          ; 0              ; 0                 ; 0                  ; 0                  ; 0                  ; 0                  ; 0                  ; 0                  ; 0                  ; 0                 ; 0                 ; 0                 ; 0                 ; 0                 ; 0                 ; 0                 ; 0                 ; 0                 ; 0              ; 0                ; 0              ; 1            ;
; state.RESET2        ; 0                   ; 0                 ; 0            ; 1            ; 0          ; 0              ; 0                 ; 0                  ; 0                  ; 0                  ; 0                  ; 0                  ; 0                  ; 0                  ; 0                 ; 0                 ; 0                 ; 0                 ; 0                 ; 0                 ; 0                 ; 0                 ; 0                 ; 0              ; 0                ; 0              ; 1            ;
; state.RESET3        ; 0                   ; 0                 ; 1            ; 0            ; 0          ; 0              ; 0                 ; 0                  ; 0                  ; 0                  ; 0                  ; 0                  ; 0                  ; 0                  ; 0                 ; 0                 ; 0                 ; 0                 ; 0                 ; 0                 ; 0                 ; 0                 ; 0                 ; 0              ; 0                ; 0              ; 1            ;
; state.DISPLAY_OFF   ; 0                   ; 1                 ; 0            ; 0            ; 0          ; 0              ; 0                 ; 0                  ; 0                  ; 0                  ; 0                  ; 0                  ; 0                  ; 0                  ; 0                 ; 0                 ; 0                 ; 0                 ; 0                 ; 0                 ; 0                 ; 0                 ; 0                 ; 0              ; 0                ; 0              ; 1            ;
; state.DISPLAY_CLEAR ; 1                   ; 0                 ; 0            ; 0            ; 0          ; 0              ; 0                 ; 0                  ; 0                  ; 0                  ; 0                  ; 0                  ; 0                  ; 0                  ; 0                 ; 0                 ; 0                 ; 0                 ; 0                 ; 0                 ; 0                 ; 0                 ; 0                 ; 0              ; 0                ; 0              ; 1            ;
+---------------------+---------------------+-------------------+--------------+--------------+------------+----------------+-------------------+--------------------+--------------------+--------------------+--------------------+--------------------+--------------------+--------------------+-------------------+-------------------+-------------------+-------------------+-------------------+-------------------+-------------------+-------------------+-------------------+----------------+------------------+----------------+--------------+


Encoding Type:  One-Hot
+---------------------------------------------------------------------------------------------------------------------------------------------------------------------------------------------------------+
; State Machine - |fechadura|Controle:ct1|estado                                                                                                                                                          ;
+-----------------------+-------------------+--------------------+----------------------+---------------------+----------------------+---------------------+----------------------+-----------------------+
; Name                  ; estado.nova_senha ; estado.login_admin ; estado.login_usuario ; estado.senha_errada ; estado.compara_senha ; estado.insere_senha ; estado.busca_usuario ; estado.insere_usuario ;
+-----------------------+-------------------+--------------------+----------------------+---------------------+----------------------+---------------------+----------------------+-----------------------+
; estado.insere_usuario ; 0                 ; 0                  ; 0                    ; 0                   ; 0                    ; 0                   ; 0                    ; 0                     ;
; estado.busca_usuario  ; 0                 ; 0                  ; 0                    ; 0                   ; 0                    ; 0                   ; 1                    ; 1                     ;
; estado.insere_senha   ; 0                 ; 0                  ; 0                    ; 0                   ; 0                    ; 1                   ; 0                    ; 1                     ;
; estado.compara_senha  ; 0                 ; 0                  ; 0                    ; 0                   ; 1                    ; 0                   ; 0                    ; 1                     ;
; estado.senha_errada   ; 0                 ; 0                  ; 0                    ; 1                   ; 0                    ; 0                   ; 0                    ; 1                     ;
; estado.login_usuario  ; 0                 ; 0                  ; 1                    ; 0                   ; 0                    ; 0                   ; 0                    ; 1                     ;
; estado.login_admin    ; 0                 ; 1                  ; 0                    ; 0                   ; 0                    ; 0                   ; 0                    ; 1                     ;
; estado.nova_senha     ; 1                 ; 0                  ; 0                    ; 0                   ; 0                    ; 0                   ; 0                    ; 1                     ;
+-----------------------+-------------------+--------------------+----------------------+---------------------+----------------------+---------------------+----------------------+-----------------------+


+----------------------------------------------------------------------------------+
; Registers Removed During Synthesis                                               ;
+----------------------------------------+-----------------------------------------+
; Register name                          ; Reason for Removal                      ;
+----------------------------------------+-----------------------------------------+
; Operativa:op1|LCD_RW                   ; Stuck at GND due to stuck port data_in  ;
; Operativa:op1|BCD_char1[5,7]           ; Stuck at GND due to stuck port data_in  ;
; Operativa:op1|BCD_char2[5,7]           ; Stuck at GND due to stuck port data_in  ;
; Operativa:op1|BCD_char3[5,7]           ; Stuck at GND due to stuck port data_in  ;
; Operativa:op1|BCD_char4[4,7]           ; Stuck at GND due to stuck port data_in  ;
; Operativa:op1|BCD_char5[3,7]           ; Stuck at GND due to stuck port data_in  ;
; Operativa:op1|BCD_char6[7]             ; Stuck at GND due to stuck port data_in  ;
; Operativa:op1|BCD_char7[7]             ; Stuck at GND due to stuck port data_in  ;
; Operativa:op1|BCD_char8[7]             ; Stuck at GND due to stuck port data_in  ;
; Operativa:op1|BCD_char9[7]             ; Stuck at GND due to stuck port data_in  ;
; Operativa:op1|BCD_char10[7]            ; Stuck at GND due to stuck port data_in  ;
; Operativa:op1|BCD_char11[7]            ; Stuck at GND due to stuck port data_in  ;
; Operativa:op1|BCD_char12[7]            ; Stuck at GND due to stuck port data_in  ;
; Operativa:op1|BCD_char13[7]            ; Stuck at GND due to stuck port data_in  ;
; Operativa:op1|BCD_char14[7]            ; Stuck at GND due to stuck port data_in  ;
; Operativa:op1|BCD_char15[7]            ; Stuck at GND due to stuck port data_in  ;
; Operativa:op1|BCD_char16[4,7]          ; Stuck at GND due to stuck port data_in  ;
; Controle:ct1|escrita                   ; Stuck at VCC due to stuck port data_in  ;
; DBase:dados|flag_full3                 ; Stuck at VCC due to stuck port data_in  ;
; Operativa:op1|BCD_char3[6]             ; Merged with Operativa:op1|BCD_char2[0]  ;
; Operativa:op1|BCD_char2[0]             ; Merged with Operativa:op1|BCD_char2[6]  ;
; Operativa:op1|BCD_char2[6]             ; Merged with Operativa:op1|BCD_char1[6]  ;
; Operativa:op1|BCD_char2[3]             ; Merged with Operativa:op1|BCD_char1[3]  ;
; Operativa:op1|BCD_char5[5]             ; Merged with Operativa:op1|BCD_char1[3]  ;
; Operativa:op1|BCD_char11[3]            ; Merged with Operativa:op1|BCD_char1[3]  ;
; Operativa:op1|BCD_char2[1]             ; Merged with Operativa:op1|BCD_char1[2]  ;
; Operativa:op1|BCD_char3[4]             ; Merged with Operativa:op1|BCD_char1[2]  ;
; Operativa:op1|BCD_char4[0]             ; Merged with Operativa:op1|BCD_char1[2]  ;
; Operativa:op1|BCD_char2[2]             ; Merged with Operativa:op1|BCD_char1[1]  ;
; Operativa:op1|BCD_char5[2]             ; Merged with Operativa:op1|BCD_char4[5]  ;
; Operativa:op1|BCD_char6[2]             ; Merged with Operativa:op1|BCD_char4[2]  ;
; Operativa:op1|BCD_char11[0]            ; Merged with Operativa:op1|BCD_char4[1]  ;
; Operativa:op1|BCD_char14[4]            ; Merged with Operativa:op1|BCD_char4[1]  ;
; Operativa:op1|BCD_char15[4]            ; Merged with Operativa:op1|BCD_char4[1]  ;
; Operativa:op1|BCD_char5[1]             ; Merged with Operativa:op1|BCD_char5[4]  ;
; Operativa:op1|BCD_char6[5]             ; Merged with Operativa:op1|BCD_char5[0]  ;
; Operativa:op1|BCD_char6[0]             ; Merged with Operativa:op1|BCD_char6[6]  ;
; Operativa:op1|BCD_char12[6]            ; Merged with Operativa:op1|BCD_char11[6] ;
; Operativa:op1|BCD_char12[5]            ; Merged with Operativa:op1|BCD_char11[5] ;
; Operativa:op1|BCD_char11[1]            ; Merged with Operativa:op1|BCD_char11[4] ;
; Operativa:op1|BCD_char14[6]            ; Merged with Operativa:op1|BCD_char13[6] ;
; Operativa:op1|BCD_char15[6]            ; Merged with Operativa:op1|BCD_char13[6] ;
; Operativa:op1|BCD_char16[0..3,6]       ; Merged with Operativa:op1|BCD_char13[6] ;
; Operativa:op1|BCD_char14[5]            ; Merged with Operativa:op1|BCD_char13[5] ;
; Operativa:op1|BCD_char15[5]            ; Merged with Operativa:op1|BCD_char13[5] ;
; Operativa:op1|BCD_char16[5]            ; Merged with Operativa:op1|BCD_char13[5] ;
; DBase:dados|n0[0]                      ; Merged with DBase:dados|n2[0]           ;
; DBase:dados|n1[2..3]                   ; Merged with DBase:dados|n1[1]           ;
; Operativa:op1|BCD_char14[1]            ; Merged with Operativa:op1|BCD_char14[2] ;
; DBase:dados|n1[1]                      ; Stuck at GND due to stuck port data_in  ;
; Operativa:op1|BCD_char14[2]            ; Stuck at GND due to stuck port data_in  ;
; Operativa:op1|next_command.RESET1      ; Stuck at GND due to stuck port data_in  ;
; Operativa:op1|next_command.TOGGLE_E    ; Stuck at GND due to stuck port data_in  ;
; Operativa:op1|next_command.HOLD        ; Stuck at GND due to stuck port data_in  ;
; Operativa:op1|BCD_char1[6]             ; Merged with Operativa:op1|state.RESET1  ;
; Total Number of Removed Registers = 66 ;                                         ;
+----------------------------------------+-----------------------------------------+


+----------------------------------------------------------------------------------------+
; Removed Registers Triggering Further Register Optimizations                            ;
+-------------------+---------------------------+----------------------------------------+
; Register name     ; Reason for Removal        ; Registers Removed due to This Register ;
+-------------------+---------------------------+----------------------------------------+
; DBase:dados|n1[1] ; Stuck at GND              ; Operativa:op1|BCD_char14[2]            ;
;                   ; due to stuck port data_in ;                                        ;
+-------------------+---------------------------+----------------------------------------+


+------------------------------------------------------+
; General Register Statistics                          ;
+----------------------------------------------+-------+
; Statistic                                    ; Value ;
+----------------------------------------------+-------+
; Total registers                              ; 345   ;
; Number of registers using Synchronous Clear  ; 39    ;
; Number of registers using Synchronous Load   ; 13    ;
; Number of registers using Asynchronous Clear ; 153   ;
; Number of registers using Asynchronous Load  ; 0     ;
; Number of registers using Clock Enable       ; 161   ;
; Number of registers using Preset             ; 0     ;
+----------------------------------------------+-------+


+--------------------------------------------------+
; Inverted Register Statistics                     ;
+----------------------------------------+---------+
; Inverted Register                      ; Fan out ;
+----------------------------------------+---------+
; Operativa:op1|LCD_E                    ; 2       ;
; DBase:dados|R14[0]                     ; 2       ;
; DBase:dados|R14[4]                     ; 2       ;
; Operativa:op1|DATA_BUS_VALUE[3]        ; 2       ;
; Operativa:op1|DATA_BUS_VALUE[4]        ; 2       ;
; Operativa:op1|DATA_BUS_VALUE[5]        ; 2       ;
; Total number of inverted registers = 6 ;         ;
+----------------------------------------+---------+


+---------------------------------------------------------------------------------------------------------------------------------------------------------+
; Multiplexer Restructuring Statistics (Restructuring Performed)                                                                                          ;
+--------------------+-----------+---------------+----------------------+------------------------+------------+-------------------------------------------+
; Multiplexer Inputs ; Bus Width ; Baseline Area ; Area if Restructured ; Saving if Restructured ; Registered ; Example Multiplexer Output                ;
+--------------------+-----------+---------------+----------------------+------------------------+------------+-------------------------------------------+
; 3:1                ; 21 bits   ; 42 LEs        ; 42 LEs               ; 0 LEs                  ; Yes        ; |fechadura|Operativa:op1|BCD_char6[1]     ;
; 3:1                ; 3 bits    ; 6 LEs         ; 6 LEs                ; 0 LEs                  ; Yes        ; |fechadura|Operativa:op1|BCD_char9[0]     ;
; 3:1                ; 6 bits    ; 12 LEs        ; 12 LEs               ; 0 LEs                  ; Yes        ; |fechadura|Operativa:op1|BCD_char7[1]     ;
; 3:1                ; 20 bits   ; 40 LEs        ; 20 LEs               ; 20 LEs                 ; Yes        ; |fechadura|divisor:div|CLK_COUNT_400HZ[8] ;
; 3:1                ; 4 bits    ; 8 LEs         ; 4 LEs                ; 4 LEs                  ; Yes        ; |fechadura|Operativa:op1|BCD_digit1[3]    ;
; 3:1                ; 4 bits    ; 8 LEs         ; 4 LEs                ; 4 LEs                  ; Yes        ; |fechadura|Operativa:op1|BCD_digit0[0]    ;
; 3:1                ; 4 bits    ; 8 LEs         ; 4 LEs                ; 4 LEs                  ; Yes        ; |fechadura|Operativa:op1|BCD_digit_aux[0] ;
; 8:1                ; 5 bits    ; 25 LEs        ; 20 LEs               ; 5 LEs                  ; Yes        ; |fechadura|Operativa:op1|BCD_char13[3]    ;
; 8:1                ; 3 bits    ; 15 LEs        ; 9 LEs                ; 6 LEs                  ; Yes        ; |fechadura|Operativa:op1|BCD_char14[3]    ;
; 16:1               ; 8 bits    ; 80 LEs        ; 80 LEs               ; 0 LEs                  ; Yes        ; |fechadura|DBase:dados|reg_data_out[0]    ;
; 4:1                ; 5 bits    ; 10 LEs        ; 10 LEs               ; 0 LEs                  ; Yes        ; |fechadura|Operativa:op1|BCD_char11[6]    ;
; 16:1               ; 9 bits    ; 90 LEs        ; 90 LEs               ; 0 LEs                  ; Yes        ; |fechadura|DBase:dados|n0[1]              ;
; 3:1                ; 3 bits    ; 6 LEs         ; 6 LEs                ; 0 LEs                  ; No         ; |fechadura|Operativa:op1|BCD_char4        ;
; 3:1                ; 3 bits    ; 6 LEs         ; 6 LEs                ; 0 LEs                  ; No         ; |fechadura|Operativa:op1|BCD_char1        ;
; 5:1                ; 2 bits    ; 6 LEs         ; 4 LEs                ; 2 LEs                  ; No         ; |fechadura|Controle:ct1|Selector6         ;
+--------------------+-----------+---------------+----------------------+------------------------+------------+-------------------------------------------+


+---------------------------------------------------------------------------------------------------------------------------------------------------------------------------------+
; Port Connectivity Checks: "Controle:ct1"                                                                                                                                        ;
+---------------+-------+----------+----------------------------------------------------------------------------------------------------------------------------------------------+
; Port          ; Type  ; Severity ; Details                                                                                                                                      ;
+---------------+-------+----------+----------------------------------------------------------------------------------------------------------------------------------------------+
; reset_estados ; Input ; Warning  ; Declared by entity but not connected by instance. If a default value exists, it will be used.  Otherwise, the port will be connected to GND. ;
+---------------+-------+----------+----------------------------------------------------------------------------------------------------------------------------------------------+


+-------------------------------+
; Analysis & Synthesis Messages ;
+-------------------------------+
Info: *******************************************************************
Info: Running Quartus II Analysis & Synthesis
    Info: Version 9.1 Build 350 03/24/2010 Service Pack 2 SJ Web Edition
    Info: Processing started: Mon Jul 11 14:32:13 2011
Info: Command: quartus_map --read_settings_files=on --write_settings_files=off Fechadura -c Fechadura
Info: Found 2 design units, including 1 entities, in source file divisor.vhd
    Info: Found design unit 1: divisor-arq_divisor
    Info: Found entity 1: divisor
Info: Found 2 design units, including 1 entities, in source file fechadura.vhd
    Info: Found design unit 1: fechadura-arq_fechadura
    Info: Found entity 1: fechadura
Info: Found 2 design units, including 1 entities, in source file controle.vhd
    Info: Found design unit 1: Controle-arq_Controle
    Info: Found entity 1: Controle
Info: Found 2 design units, including 1 entities, in source file operativa.vhd
    Info: Found design unit 1: Operativa-arq_Operativa
    Info: Found entity 1: Operativa
Info: Found 2 design units, including 1 entities, in source file dbase.vhd
    Info: Found design unit 1: DBase-arq_DBase
    Info: Found entity 1: DBase
Info: Elaborating entity "Fechadura" for the top level hierarchy
Info: Elaborating entity "divisor" for hierarchy "divisor:div"
Info: Elaborating entity "DBase" for hierarchy "DBase:dados"
Warning (10492): VHDL Process Statement warning at DBase.vhd(129): signal "n0" is read inside the Process Statement but isn't in the Process Statement's sensitivity list
Warning (10492): VHDL Process Statement warning at DBase.vhd(130): signal "n1" is read inside the Process Statement but isn't in the Process Statement's sensitivity list
Warning (10492): VHDL Process Statement warning at DBase.vhd(131): signal "n2" is read inside the Process Statement but isn't in the Process Statement's sensitivity list
Warning (10492): VHDL Process Statement warning at DBase.vhd(132): signal "flag_full3" is read inside the Process Statement but isn't in the Process Statement's sensitivity list
Info: Elaborating entity "Controle" for hierarchy "Controle:ct1"
Info: Elaborating entity "Operativa" for hierarchy "Operativa:op1"
Warning (10492): VHDL Process Statement warning at Operativa.vhd(471): signal "BCD_senha0" is read inside the Process Statement but isn't in the Process Statement's sensitivity list
Warning (10492): VHDL Process Statement warning at Operativa.vhd(472): signal "BCD_senha1" is read inside the Process Statement but isn't in the Process Statement's sensitivity list
Warning (10492): VHDL Process Statement warning at Operativa.vhd(496): signal "BCD_digit_aux" is read inside the Process Statement but isn't in the Process Statement's sensitivity list
Warning (10492): VHDL Process Statement warning at Operativa.vhd(497): signal "BCD_digit_aux" is read inside the Process Statement but isn't in the Process Statement's sensitivity list
Warning (10492): VHDL Process Statement warning at Operativa.vhd(516): signal "flag1_senha" is read inside the Process Statement but isn't in the Process Statement's sensitivity list
Warning (10492): VHDL Process Statement warning at Operativa.vhd(517): signal "flag2_admin" is read inside the Process Statement but isn't in the Process Statement's sensitivity list
Warning: 1 hierarchies have connectivity warnings - see the Connectivity Checks report folder
Info: Registers with preset signals will power-up high
Info: DEV_CLRn pin will set, and not reset, register with preset signal due to NOT Gate Push-Back
Warning: TRI or OPNDRN buffers permanently enabled
    Warning: Node "Operativa:op1|DATA_BUS[0]~synth"
    Warning: Node "Operativa:op1|DATA_BUS[1]~synth"
    Warning: Node "Operativa:op1|DATA_BUS[2]~synth"
    Warning: Node "Operativa:op1|DATA_BUS[3]~synth"
    Warning: Node "Operativa:op1|DATA_BUS[4]~synth"
    Warning: Node "Operativa:op1|DATA_BUS[5]~synth"
    Warning: Node "Operativa:op1|DATA_BUS[6]~synth"
    Warning: Node "Operativa:op1|DATA_BUS[7]~synth"
Warning: Output pins are stuck at VCC or GND
    Warning (13410): Pin "LCD_RW" is stuck at GND
    Warning (13410): Pin "LCD_ON" is stuck at VCC
    Warning (13410): Pin "flag_full5" is stuck at VCC
    Warning (13410): Pin "flag_escrita5" is stuck at VCC
Warning: Design contains 1 input pin(s) that do not drive logic
    Warning (15610): No output dependent on input pin "reset_estados"
Info: Implemented 624 device resources after synthesis - the final resource count might be different
    Info: Implemented 6 input pins
    Info: Implemented 12 output pins
    Info: Implemented 8 bidirectional pins
    Info: Implemented 598 logic cells
Info: Quartus II Analysis & Synthesis was successful. 0 errors, 27 warnings
    Info: Peak virtual memory: 232 megabytes
    Info: Processing ended: Mon Jul 11 14:32:25 2011
    Info: Elapsed time: 00:00:12
    Info: Total CPU time (on all processors): 00:00:10


