Classic Timing Analyzer report for Fechadura
Mon Jul 11 14:33:32 2011
Quartus II Version 9.1 Build 350 03/24/2010 Service Pack 2 SJ Web Edition


---------------------
; Table of Contents ;
---------------------
  1. Legal Notice
  2. Timing Analyzer Summary
  3. Timing Analyzer Settings
  4. Clock Settings Summary
  5. Parallel Compilation
  6. Clock Setup: 'clk'
  7. tsu
  8. tco
  9. tpd
 10. th
 11. Timing Analyzer Messages



----------------
; Legal Notice ;
----------------
Copyright (C) 1991-2010 Altera Corporation
Your use of Altera Corporation's design tools, logic functions 
and other software and tools, and its AMPP partner logic 
functions, and any output files from any of the foregoing 
(including device programming or simulation files), and any 
associated documentation or information are expressly subject 
to the terms and conditions of the Altera Program License 
Subscription Agreement, Altera MegaCore Function License 
Agreement, or other applicable license agreement, including, 
without limitation, that your use is for the sole purpose of 
programming logic devices manufactured by Altera and sold by 
Altera or its authorized distributors.  Please refer to the 
applicable agreement for further details.



+-------------------------------------------------------------------------------------------------------------------------------------------------------------------------------------+
; Timing Analyzer Summary                                                                                                                                                             ;
+------------------------------+-------+---------------+----------------------------------+-------------------+--------------------------------+------------+----------+--------------+
; Type                         ; Slack ; Required Time ; Actual Time                      ; From              ; To                             ; From Clock ; To Clock ; Failed Paths ;
+------------------------------+-------+---------------+----------------------------------+-------------------+--------------------------------+------------+----------+--------------+
; Worst-case tsu               ; N/A   ; None          ; 5.926 ns                         ; reset             ; divisor:div|CLK_COUNT_400HZ[0] ; --         ; clk      ; 0            ;
; Worst-case tco               ; N/A   ; None          ; 14.794 ns                        ; Controle:ct1|ld1  ; ld1                            ; clk        ; --       ; 0            ;
; Worst-case tpd               ; N/A   ; None          ; 9.347 ns                         ; reset             ; RESET_LED                      ; --         ; --       ; 0            ;
; Worst-case th                ; N/A   ; None          ; 1.951 ns                         ; btn0              ; Controle:ct1|estado.nova_senha ; --         ; clk      ; 0            ;
; Clock Setup: 'clk'           ; N/A   ; None          ; 188.18 MHz ( period = 5.314 ns ) ; DBase:dados|R3[1] ; DBase:dados|n0[3]              ; clk        ; clk      ; 0            ;
; Total number of failed paths ;       ;               ;                                  ;                   ;                                ;            ;          ; 0            ;
+------------------------------+-------+---------------+----------------------------------+-------------------+--------------------------------+------------+----------+--------------+


+-----------------------------------------------------------------------------------------------------------------------------------------------------+
; Timing Analyzer Settings                                                                                                                            ;
+------------------------------------------------------------------------------------------------------+--------------------+------+----+-------------+
; Option                                                                                               ; Setting            ; From ; To ; Entity Name ;
+------------------------------------------------------------------------------------------------------+--------------------+------+----+-------------+
; Device Name                                                                                          ; EP2C35F672C6       ;      ;    ;             ;
; Timing Models                                                                                        ; Final              ;      ;    ;             ;
; Default hold multicycle                                                                              ; Same as Multicycle ;      ;    ;             ;
; Cut paths between unrelated clock domains                                                            ; On                 ;      ;    ;             ;
; Cut off read during write signal paths                                                               ; On                 ;      ;    ;             ;
; Cut off feedback from I/O pins                                                                       ; On                 ;      ;    ;             ;
; Report Combined Fast/Slow Timing                                                                     ; Off                ;      ;    ;             ;
; Ignore Clock Settings                                                                                ; Off                ;      ;    ;             ;
; Analyze latches as synchronous elements                                                              ; On                 ;      ;    ;             ;
; Enable Recovery/Removal analysis                                                                     ; Off                ;      ;    ;             ;
; Enable Clock Latency                                                                                 ; Off                ;      ;    ;             ;
; Use TimeQuest Timing Analyzer                                                                        ; Off                ;      ;    ;             ;
; Minimum Core Junction Temperature                                                                    ; 0                  ;      ;    ;             ;
; Maximum Core Junction Temperature                                                                    ; 85                 ;      ;    ;             ;
; Number of source nodes to report per destination node                                                ; 10                 ;      ;    ;             ;
; Number of destination nodes to report                                                                ; 10                 ;      ;    ;             ;
; Number of paths to report                                                                            ; 200                ;      ;    ;             ;
; Report Minimum Timing Checks                                                                         ; Off                ;      ;    ;             ;
; Use Fast Timing Models                                                                               ; Off                ;      ;    ;             ;
; Report IO Paths Separately                                                                           ; Off                ;      ;    ;             ;
; Perform Multicorner Analysis                                                                         ; On                 ;      ;    ;             ;
; Reports the worst-case path for each clock domain and analysis                                       ; Off                ;      ;    ;             ;
; Reports worst-case timing paths for each clock domain and analysis                                   ; On                 ;      ;    ;             ;
; Specifies the maximum number of worst-case timing paths to report for each clock domain and analysis ; 100                ;      ;    ;             ;
; Removes common clock path pessimism (CCPP) during slack computation                                  ; Off                ;      ;    ;             ;
; Output I/O Timing Endpoint                                                                           ; Near End           ;      ;    ;             ;
+------------------------------------------------------------------------------------------------------+--------------------+------+----+-------------+


+------------------------------------------------------------------------------------------------------------------------------------------------------------------------------------+
; Clock Settings Summary                                                                                                                                                             ;
+-----------------+--------------------+----------+------------------+---------------+--------------+----------+-----------------------+---------------------+--------+--------------+
; Clock Node Name ; Clock Setting Name ; Type     ; Fmax Requirement ; Early Latency ; Late Latency ; Based on ; Multiply Base Fmax by ; Divide Base Fmax by ; Offset ; Phase offset ;
+-----------------+--------------------+----------+------------------+---------------+--------------+----------+-----------------------+---------------------+--------+--------------+
; clk             ;                    ; User Pin ; None             ; 0.000 ns      ; 0.000 ns     ; --       ; N/A                   ; N/A                 ; N/A    ;              ;
; btn0            ;                    ; User Pin ; None             ; 0.000 ns      ; 0.000 ns     ; --       ; N/A                   ; N/A                 ; N/A    ;              ;
+-----------------+--------------------+----------+------------------+---------------+--------------+----------+-----------------------+---------------------+--------+--------------+


Parallel compilation was disabled, but you have multiple processors available. Enable parallel compilation to reduce compilation time.
+-------------------------------------+
; Parallel Compilation                ;
+----------------------------+--------+
; Processors                 ; Number ;
+----------------------------+--------+
; Number detected on machine ; 2      ;
; Maximum allowed            ; 1      ;
+----------------------------+--------+


+--------------------------------------------------------------------------------------------------------------------------------------------------------------------------------------------------------------------------------------------------------------------------+
; Clock Setup: 'clk'                                                                                                                                                                                                                                                       ;
+-----------------------------------------+-----------------------------------------------------+--------------------------------+-----------------------------+------------+----------+-----------------------------+---------------------------+-------------------------+
; Slack                                   ; Actual fmax (period)                                ; From                           ; To                          ; From Clock ; To Clock ; Required Setup Relationship ; Required Longest P2P Time ; Actual Longest P2P Time ;
+-----------------------------------------+-----------------------------------------------------+--------------------------------+-----------------------------+------------+----------+-----------------------------+---------------------------+-------------------------+
; N/A                                     ; 188.18 MHz ( period = 5.314 ns )                    ; DBase:dados|R3[1]              ; DBase:dados|n2[1]           ; clk        ; clk      ; None                        ; None                      ; 5.103 ns                ;
; N/A                                     ; 188.18 MHz ( period = 5.314 ns )                    ; DBase:dados|R3[1]              ; DBase:dados|n2[2]           ; clk        ; clk      ; None                        ; None                      ; 5.103 ns                ;
; N/A                                     ; 188.18 MHz ( period = 5.314 ns )                    ; DBase:dados|R3[1]              ; DBase:dados|n1[0]           ; clk        ; clk      ; None                        ; None                      ; 5.103 ns                ;
; N/A                                     ; 188.18 MHz ( period = 5.314 ns )                    ; DBase:dados|R3[1]              ; DBase:dados|n0[1]           ; clk        ; clk      ; None                        ; None                      ; 5.103 ns                ;
; N/A                                     ; 188.18 MHz ( period = 5.314 ns )                    ; DBase:dados|R3[1]              ; DBase:dados|n0[2]           ; clk        ; clk      ; None                        ; None                      ; 5.103 ns                ;
; N/A                                     ; 188.18 MHz ( period = 5.314 ns )                    ; DBase:dados|R3[1]              ; DBase:dados|n0[3]           ; clk        ; clk      ; None                        ; None                      ; 5.103 ns                ;
; N/A                                     ; 188.32 MHz ( period = 5.310 ns )                    ; DBase:dados|R7[4]              ; DBase:dados|n2[1]           ; clk        ; clk      ; None                        ; None                      ; 5.095 ns                ;
; N/A                                     ; 188.32 MHz ( period = 5.310 ns )                    ; DBase:dados|R7[4]              ; DBase:dados|n2[2]           ; clk        ; clk      ; None                        ; None                      ; 5.095 ns                ;
; N/A                                     ; 188.32 MHz ( period = 5.310 ns )                    ; DBase:dados|R7[4]              ; DBase:dados|n1[0]           ; clk        ; clk      ; None                        ; None                      ; 5.095 ns                ;
; N/A                                     ; 188.32 MHz ( period = 5.310 ns )                    ; DBase:dados|R7[4]              ; DBase:dados|n0[1]           ; clk        ; clk      ; None                        ; None                      ; 5.095 ns                ;
; N/A                                     ; 188.32 MHz ( period = 5.310 ns )                    ; DBase:dados|R7[4]              ; DBase:dados|n0[2]           ; clk        ; clk      ; None                        ; None                      ; 5.095 ns                ;
; N/A                                     ; 188.32 MHz ( period = 5.310 ns )                    ; DBase:dados|R7[4]              ; DBase:dados|n0[3]           ; clk        ; clk      ; None                        ; None                      ; 5.095 ns                ;
; N/A                                     ; 189.97 MHz ( period = 5.264 ns )                    ; DBase:dados|R7[6]              ; DBase:dados|n2[1]           ; clk        ; clk      ; None                        ; None                      ; 5.049 ns                ;
; N/A                                     ; 189.97 MHz ( period = 5.264 ns )                    ; DBase:dados|R7[6]              ; DBase:dados|n2[2]           ; clk        ; clk      ; None                        ; None                      ; 5.049 ns                ;
; N/A                                     ; 189.97 MHz ( period = 5.264 ns )                    ; DBase:dados|R7[6]              ; DBase:dados|n1[0]           ; clk        ; clk      ; None                        ; None                      ; 5.049 ns                ;
; N/A                                     ; 189.97 MHz ( period = 5.264 ns )                    ; DBase:dados|R7[6]              ; DBase:dados|n0[1]           ; clk        ; clk      ; None                        ; None                      ; 5.049 ns                ;
; N/A                                     ; 189.97 MHz ( period = 5.264 ns )                    ; DBase:dados|R7[6]              ; DBase:dados|n0[2]           ; clk        ; clk      ; None                        ; None                      ; 5.049 ns                ;
; N/A                                     ; 189.97 MHz ( period = 5.264 ns )                    ; DBase:dados|R7[6]              ; DBase:dados|n0[3]           ; clk        ; clk      ; None                        ; None                      ; 5.049 ns                ;
; N/A                                     ; 195.31 MHz ( period = 5.120 ns )                    ; DBase:dados|R3[2]              ; DBase:dados|n2[1]           ; clk        ; clk      ; None                        ; None                      ; 4.909 ns                ;
; N/A                                     ; 195.31 MHz ( period = 5.120 ns )                    ; DBase:dados|R3[2]              ; DBase:dados|n2[2]           ; clk        ; clk      ; None                        ; None                      ; 4.909 ns                ;
; N/A                                     ; 195.31 MHz ( period = 5.120 ns )                    ; DBase:dados|R3[2]              ; DBase:dados|n1[0]           ; clk        ; clk      ; None                        ; None                      ; 4.909 ns                ;
; N/A                                     ; 195.31 MHz ( period = 5.120 ns )                    ; DBase:dados|R3[2]              ; DBase:dados|n0[1]           ; clk        ; clk      ; None                        ; None                      ; 4.909 ns                ;
; N/A                                     ; 195.31 MHz ( period = 5.120 ns )                    ; DBase:dados|R3[2]              ; DBase:dados|n0[2]           ; clk        ; clk      ; None                        ; None                      ; 4.909 ns                ;
; N/A                                     ; 195.31 MHz ( period = 5.120 ns )                    ; DBase:dados|R3[2]              ; DBase:dados|n0[3]           ; clk        ; clk      ; None                        ; None                      ; 4.909 ns                ;
; N/A                                     ; 197.20 MHz ( period = 5.071 ns )                    ; DBase:dados|R6[1]              ; DBase:dados|n2[1]           ; clk        ; clk      ; None                        ; None                      ; 4.850 ns                ;
; N/A                                     ; 198.22 MHz ( period = 5.045 ns )                    ; DBase:dados|R7[5]              ; DBase:dados|n2[1]           ; clk        ; clk      ; None                        ; None                      ; 4.830 ns                ;
; N/A                                     ; 198.22 MHz ( period = 5.045 ns )                    ; DBase:dados|R7[5]              ; DBase:dados|n2[2]           ; clk        ; clk      ; None                        ; None                      ; 4.830 ns                ;
; N/A                                     ; 198.22 MHz ( period = 5.045 ns )                    ; DBase:dados|R7[5]              ; DBase:dados|n1[0]           ; clk        ; clk      ; None                        ; None                      ; 4.830 ns                ;
; N/A                                     ; 198.22 MHz ( period = 5.045 ns )                    ; DBase:dados|R7[5]              ; DBase:dados|n0[1]           ; clk        ; clk      ; None                        ; None                      ; 4.830 ns                ;
; N/A                                     ; 198.22 MHz ( period = 5.045 ns )                    ; DBase:dados|R7[5]              ; DBase:dados|n0[2]           ; clk        ; clk      ; None                        ; None                      ; 4.830 ns                ;
; N/A                                     ; 198.22 MHz ( period = 5.045 ns )                    ; DBase:dados|R7[5]              ; DBase:dados|n0[3]           ; clk        ; clk      ; None                        ; None                      ; 4.830 ns                ;
; N/A                                     ; 200.48 MHz ( period = 4.988 ns )                    ; DBase:dados|R4[0]              ; DBase:dados|n2[1]           ; clk        ; clk      ; None                        ; None                      ; 4.782 ns                ;
; N/A                                     ; 200.48 MHz ( period = 4.988 ns )                    ; DBase:dados|R4[0]              ; DBase:dados|n2[2]           ; clk        ; clk      ; None                        ; None                      ; 4.782 ns                ;
; N/A                                     ; 200.48 MHz ( period = 4.988 ns )                    ; DBase:dados|R4[0]              ; DBase:dados|n1[0]           ; clk        ; clk      ; None                        ; None                      ; 4.782 ns                ;
; N/A                                     ; 200.48 MHz ( period = 4.988 ns )                    ; DBase:dados|R4[0]              ; DBase:dados|n0[1]           ; clk        ; clk      ; None                        ; None                      ; 4.782 ns                ;
; N/A                                     ; 200.48 MHz ( period = 4.988 ns )                    ; DBase:dados|R4[0]              ; DBase:dados|n0[2]           ; clk        ; clk      ; None                        ; None                      ; 4.782 ns                ;
; N/A                                     ; 200.48 MHz ( period = 4.988 ns )                    ; DBase:dados|R4[0]              ; DBase:dados|n0[3]           ; clk        ; clk      ; None                        ; None                      ; 4.782 ns                ;
; N/A                                     ; 200.88 MHz ( period = 4.978 ns )                    ; DBase:dados|R4[3]              ; DBase:dados|n2[1]           ; clk        ; clk      ; None                        ; None                      ; 4.769 ns                ;
; N/A                                     ; 200.88 MHz ( period = 4.978 ns )                    ; DBase:dados|R4[3]              ; DBase:dados|n2[2]           ; clk        ; clk      ; None                        ; None                      ; 4.769 ns                ;
; N/A                                     ; 200.88 MHz ( period = 4.978 ns )                    ; DBase:dados|R4[3]              ; DBase:dados|n1[0]           ; clk        ; clk      ; None                        ; None                      ; 4.769 ns                ;
; N/A                                     ; 200.88 MHz ( period = 4.978 ns )                    ; DBase:dados|R4[3]              ; DBase:dados|n0[1]           ; clk        ; clk      ; None                        ; None                      ; 4.769 ns                ;
; N/A                                     ; 200.88 MHz ( period = 4.978 ns )                    ; DBase:dados|R4[3]              ; DBase:dados|n0[2]           ; clk        ; clk      ; None                        ; None                      ; 4.769 ns                ;
; N/A                                     ; 200.88 MHz ( period = 4.978 ns )                    ; DBase:dados|R4[3]              ; DBase:dados|n0[3]           ; clk        ; clk      ; None                        ; None                      ; 4.769 ns                ;
; N/A                                     ; 201.09 MHz ( period = 4.973 ns )                    ; DBase:dados|R6[5]              ; DBase:dados|n2[1]           ; clk        ; clk      ; None                        ; None                      ; 4.752 ns                ;
; N/A                                     ; 201.33 MHz ( period = 4.967 ns )                    ; Operativa:op1|BCD_digit_aux[2] ; DBase:dados|reg_data_out[4] ; clk        ; clk      ; None                        ; None                      ; 4.067 ns                ;
; N/A                                     ; 202.22 MHz ( period = 4.945 ns )                    ; DBase:dados|R4[6]              ; DBase:dados|n2[1]           ; clk        ; clk      ; None                        ; None                      ; 4.736 ns                ;
; N/A                                     ; 202.22 MHz ( period = 4.945 ns )                    ; DBase:dados|R4[6]              ; DBase:dados|n2[2]           ; clk        ; clk      ; None                        ; None                      ; 4.736 ns                ;
; N/A                                     ; 202.22 MHz ( period = 4.945 ns )                    ; DBase:dados|R4[6]              ; DBase:dados|n1[0]           ; clk        ; clk      ; None                        ; None                      ; 4.736 ns                ;
; N/A                                     ; 202.22 MHz ( period = 4.945 ns )                    ; DBase:dados|R4[6]              ; DBase:dados|n0[1]           ; clk        ; clk      ; None                        ; None                      ; 4.736 ns                ;
; N/A                                     ; 202.22 MHz ( period = 4.945 ns )                    ; DBase:dados|R4[6]              ; DBase:dados|n0[2]           ; clk        ; clk      ; None                        ; None                      ; 4.736 ns                ;
; N/A                                     ; 202.22 MHz ( period = 4.945 ns )                    ; DBase:dados|R4[6]              ; DBase:dados|n0[3]           ; clk        ; clk      ; None                        ; None                      ; 4.736 ns                ;
; N/A                                     ; 202.43 MHz ( period = 4.940 ns )                    ; DBase:dados|R6[7]              ; DBase:dados|n2[1]           ; clk        ; clk      ; None                        ; None                      ; 4.719 ns                ;
; N/A                                     ; 202.47 MHz ( period = 4.939 ns )                    ; DBase:dados|R6[1]              ; DBase:dados|n0[2]           ; clk        ; clk      ; None                        ; None                      ; 4.718 ns                ;
; N/A                                     ; 202.63 MHz ( period = 4.935 ns )                    ; DBase:dados|R4[1]              ; DBase:dados|n2[1]           ; clk        ; clk      ; None                        ; None                      ; 4.729 ns                ;
; N/A                                     ; 202.63 MHz ( period = 4.935 ns )                    ; DBase:dados|R4[1]              ; DBase:dados|n2[2]           ; clk        ; clk      ; None                        ; None                      ; 4.729 ns                ;
; N/A                                     ; 202.63 MHz ( period = 4.935 ns )                    ; DBase:dados|R4[1]              ; DBase:dados|n1[0]           ; clk        ; clk      ; None                        ; None                      ; 4.729 ns                ;
; N/A                                     ; 202.63 MHz ( period = 4.935 ns )                    ; DBase:dados|R4[1]              ; DBase:dados|n0[1]           ; clk        ; clk      ; None                        ; None                      ; 4.729 ns                ;
; N/A                                     ; 202.63 MHz ( period = 4.935 ns )                    ; DBase:dados|R4[1]              ; DBase:dados|n0[2]           ; clk        ; clk      ; None                        ; None                      ; 4.729 ns                ;
; N/A                                     ; 202.63 MHz ( period = 4.935 ns )                    ; DBase:dados|R4[1]              ; DBase:dados|n0[3]           ; clk        ; clk      ; None                        ; None                      ; 4.729 ns                ;
; N/A                                     ; 202.76 MHz ( period = 4.932 ns )                    ; DBase:dados|R6[1]              ; DBase:dados|n2[2]           ; clk        ; clk      ; None                        ; None                      ; 4.711 ns                ;
; N/A                                     ; 202.76 MHz ( period = 4.932 ns )                    ; DBase:dados|R6[1]              ; DBase:dados|n1[0]           ; clk        ; clk      ; None                        ; None                      ; 4.711 ns                ;
; N/A                                     ; 202.76 MHz ( period = 4.932 ns )                    ; DBase:dados|R6[1]              ; DBase:dados|n0[1]           ; clk        ; clk      ; None                        ; None                      ; 4.711 ns                ;
; N/A                                     ; 202.76 MHz ( period = 4.932 ns )                    ; DBase:dados|R6[1]              ; DBase:dados|n0[3]           ; clk        ; clk      ; None                        ; None                      ; 4.711 ns                ;
; N/A                                     ; 203.62 MHz ( period = 4.911 ns )                    ; DBase:dados|R7[1]              ; DBase:dados|n2[1]           ; clk        ; clk      ; None                        ; None                      ; 4.696 ns                ;
; N/A                                     ; 203.62 MHz ( period = 4.911 ns )                    ; DBase:dados|R7[1]              ; DBase:dados|n2[2]           ; clk        ; clk      ; None                        ; None                      ; 4.696 ns                ;
; N/A                                     ; 203.62 MHz ( period = 4.911 ns )                    ; DBase:dados|R7[1]              ; DBase:dados|n1[0]           ; clk        ; clk      ; None                        ; None                      ; 4.696 ns                ;
; N/A                                     ; 203.62 MHz ( period = 4.911 ns )                    ; DBase:dados|R7[1]              ; DBase:dados|n0[1]           ; clk        ; clk      ; None                        ; None                      ; 4.696 ns                ;
; N/A                                     ; 203.62 MHz ( period = 4.911 ns )                    ; DBase:dados|R7[1]              ; DBase:dados|n0[2]           ; clk        ; clk      ; None                        ; None                      ; 4.696 ns                ;
; N/A                                     ; 203.62 MHz ( period = 4.911 ns )                    ; DBase:dados|R7[1]              ; DBase:dados|n0[3]           ; clk        ; clk      ; None                        ; None                      ; 4.696 ns                ;
; N/A                                     ; 203.71 MHz ( period = 4.909 ns )                    ; DBase:dados|R7[7]              ; DBase:dados|n2[1]           ; clk        ; clk      ; None                        ; None                      ; 4.694 ns                ;
; N/A                                     ; 203.71 MHz ( period = 4.909 ns )                    ; DBase:dados|R7[7]              ; DBase:dados|n2[2]           ; clk        ; clk      ; None                        ; None                      ; 4.694 ns                ;
; N/A                                     ; 203.71 MHz ( period = 4.909 ns )                    ; DBase:dados|R7[7]              ; DBase:dados|n1[0]           ; clk        ; clk      ; None                        ; None                      ; 4.694 ns                ;
; N/A                                     ; 203.71 MHz ( period = 4.909 ns )                    ; DBase:dados|R7[7]              ; DBase:dados|n0[1]           ; clk        ; clk      ; None                        ; None                      ; 4.694 ns                ;
; N/A                                     ; 203.71 MHz ( period = 4.909 ns )                    ; DBase:dados|R7[7]              ; DBase:dados|n0[2]           ; clk        ; clk      ; None                        ; None                      ; 4.694 ns                ;
; N/A                                     ; 203.71 MHz ( period = 4.909 ns )                    ; DBase:dados|R7[7]              ; DBase:dados|n0[3]           ; clk        ; clk      ; None                        ; None                      ; 4.694 ns                ;
; N/A                                     ; 203.87 MHz ( period = 4.905 ns )                    ; DBase:dados|R1[3]              ; DBase:dados|n2[1]           ; clk        ; clk      ; None                        ; None                      ; 4.695 ns                ;
; N/A                                     ; 203.87 MHz ( period = 4.905 ns )                    ; DBase:dados|R1[3]              ; DBase:dados|n2[2]           ; clk        ; clk      ; None                        ; None                      ; 4.695 ns                ;
; N/A                                     ; 203.87 MHz ( period = 4.905 ns )                    ; Operativa:op1|BCD_digit_aux[2] ; DBase:dados|reg_data_out[5] ; clk        ; clk      ; None                        ; None                      ; 4.005 ns                ;
; N/A                                     ; 203.87 MHz ( period = 4.905 ns )                    ; DBase:dados|R1[3]              ; DBase:dados|n1[0]           ; clk        ; clk      ; None                        ; None                      ; 4.695 ns                ;
; N/A                                     ; 203.87 MHz ( period = 4.905 ns )                    ; DBase:dados|R1[3]              ; DBase:dados|n0[1]           ; clk        ; clk      ; None                        ; None                      ; 4.695 ns                ;
; N/A                                     ; 203.87 MHz ( period = 4.905 ns )                    ; DBase:dados|R1[3]              ; DBase:dados|n0[2]           ; clk        ; clk      ; None                        ; None                      ; 4.695 ns                ;
; N/A                                     ; 203.87 MHz ( period = 4.905 ns )                    ; DBase:dados|R1[3]              ; DBase:dados|n0[3]           ; clk        ; clk      ; None                        ; None                      ; 4.695 ns                ;
; N/A                                     ; 204.04 MHz ( period = 4.901 ns )                    ; DBase:dados|R4[5]              ; DBase:dados|n2[1]           ; clk        ; clk      ; None                        ; None                      ; 4.692 ns                ;
; N/A                                     ; 204.04 MHz ( period = 4.901 ns )                    ; DBase:dados|R4[5]              ; DBase:dados|n2[2]           ; clk        ; clk      ; None                        ; None                      ; 4.692 ns                ;
; N/A                                     ; 204.04 MHz ( period = 4.901 ns )                    ; DBase:dados|R4[5]              ; DBase:dados|n1[0]           ; clk        ; clk      ; None                        ; None                      ; 4.692 ns                ;
; N/A                                     ; 204.04 MHz ( period = 4.901 ns )                    ; DBase:dados|R4[5]              ; DBase:dados|n0[1]           ; clk        ; clk      ; None                        ; None                      ; 4.692 ns                ;
; N/A                                     ; 204.04 MHz ( period = 4.901 ns )                    ; DBase:dados|R4[5]              ; DBase:dados|n0[2]           ; clk        ; clk      ; None                        ; None                      ; 4.692 ns                ;
; N/A                                     ; 204.04 MHz ( period = 4.901 ns )                    ; DBase:dados|R4[5]              ; DBase:dados|n0[3]           ; clk        ; clk      ; None                        ; None                      ; 4.692 ns                ;
; N/A                                     ; 204.12 MHz ( period = 4.899 ns )                    ; Operativa:op1|BCD_digit_aux[2] ; DBase:dados|reg_data_out[2] ; clk        ; clk      ; None                        ; None                      ; 3.999 ns                ;
; N/A                                     ; 204.42 MHz ( period = 4.892 ns )                    ; Operativa:op1|BCD_digit_aux[2] ; DBase:dados|reg_data_out[7] ; clk        ; clk      ; None                        ; None                      ; 3.992 ns                ;
; N/A                                     ; 204.58 MHz ( period = 4.888 ns )                    ; DBase:dados|R1[0]              ; DBase:dados|n2[1]           ; clk        ; clk      ; None                        ; None                      ; 4.678 ns                ;
; N/A                                     ; 204.58 MHz ( period = 4.888 ns )                    ; DBase:dados|R3[5]              ; DBase:dados|n2[1]           ; clk        ; clk      ; None                        ; None                      ; 4.677 ns                ;
; N/A                                     ; 204.58 MHz ( period = 4.888 ns )                    ; DBase:dados|R1[0]              ; DBase:dados|n2[2]           ; clk        ; clk      ; None                        ; None                      ; 4.678 ns                ;
; N/A                                     ; 204.58 MHz ( period = 4.888 ns )                    ; DBase:dados|R3[5]              ; DBase:dados|n2[2]           ; clk        ; clk      ; None                        ; None                      ; 4.677 ns                ;
; N/A                                     ; 204.58 MHz ( period = 4.888 ns )                    ; DBase:dados|R1[0]              ; DBase:dados|n1[0]           ; clk        ; clk      ; None                        ; None                      ; 4.678 ns                ;
; N/A                                     ; 204.58 MHz ( period = 4.888 ns )                    ; DBase:dados|R3[5]              ; DBase:dados|n1[0]           ; clk        ; clk      ; None                        ; None                      ; 4.677 ns                ;
; N/A                                     ; 204.58 MHz ( period = 4.888 ns )                    ; DBase:dados|R1[0]              ; DBase:dados|n0[1]           ; clk        ; clk      ; None                        ; None                      ; 4.678 ns                ;
; N/A                                     ; 204.58 MHz ( period = 4.888 ns )                    ; DBase:dados|R3[5]              ; DBase:dados|n0[1]           ; clk        ; clk      ; None                        ; None                      ; 4.677 ns                ;
; N/A                                     ; 204.58 MHz ( period = 4.888 ns )                    ; DBase:dados|R1[0]              ; DBase:dados|n0[2]           ; clk        ; clk      ; None                        ; None                      ; 4.678 ns                ;
; N/A                                     ; 204.58 MHz ( period = 4.888 ns )                    ; DBase:dados|R3[5]              ; DBase:dados|n0[2]           ; clk        ; clk      ; None                        ; None                      ; 4.677 ns                ;
; N/A                                     ; 204.58 MHz ( period = 4.888 ns )                    ; DBase:dados|R1[0]              ; DBase:dados|n0[3]           ; clk        ; clk      ; None                        ; None                      ; 4.678 ns                ;
; N/A                                     ; 204.58 MHz ( period = 4.888 ns )                    ; DBase:dados|R3[5]              ; DBase:dados|n0[3]           ; clk        ; clk      ; None                        ; None                      ; 4.677 ns                ;
; N/A                                     ; 204.92 MHz ( period = 4.880 ns )                    ; DBase:dados|R3[1]              ; DBase:dados|n2[0]           ; clk        ; clk      ; None                        ; None                      ; 4.662 ns                ;
; N/A                                     ; 204.92 MHz ( period = 4.880 ns )                    ; DBase:dados|R3[1]              ; DBase:dados|n2[3]           ; clk        ; clk      ; None                        ; None                      ; 4.662 ns                ;
; N/A                                     ; 205.09 MHz ( period = 4.876 ns )                    ; DBase:dados|R7[4]              ; DBase:dados|n2[0]           ; clk        ; clk      ; None                        ; None                      ; 4.654 ns                ;
; N/A                                     ; 205.09 MHz ( period = 4.876 ns )                    ; DBase:dados|R7[4]              ; DBase:dados|n2[3]           ; clk        ; clk      ; None                        ; None                      ; 4.654 ns                ;
; N/A                                     ; 205.80 MHz ( period = 4.859 ns )                    ; DBase:dados|R11[5]             ; DBase:dados|n2[1]           ; clk        ; clk      ; None                        ; None                      ; 4.644 ns                ;
; N/A                                     ; 205.80 MHz ( period = 4.859 ns )                    ; DBase:dados|R11[5]             ; DBase:dados|n2[2]           ; clk        ; clk      ; None                        ; None                      ; 4.644 ns                ;
; N/A                                     ; 205.80 MHz ( period = 4.859 ns )                    ; DBase:dados|R11[5]             ; DBase:dados|n1[0]           ; clk        ; clk      ; None                        ; None                      ; 4.644 ns                ;
; N/A                                     ; 205.80 MHz ( period = 4.859 ns )                    ; DBase:dados|R11[5]             ; DBase:dados|n0[1]           ; clk        ; clk      ; None                        ; None                      ; 4.644 ns                ;
; N/A                                     ; 205.80 MHz ( period = 4.859 ns )                    ; DBase:dados|R11[5]             ; DBase:dados|n0[2]           ; clk        ; clk      ; None                        ; None                      ; 4.644 ns                ;
; N/A                                     ; 205.80 MHz ( period = 4.859 ns )                    ; DBase:dados|R11[5]             ; DBase:dados|n0[3]           ; clk        ; clk      ; None                        ; None                      ; 4.644 ns                ;
; N/A                                     ; 206.10 MHz ( period = 4.852 ns )                    ; DBase:dados|R4[4]              ; DBase:dados|n2[1]           ; clk        ; clk      ; None                        ; None                      ; 4.643 ns                ;
; N/A                                     ; 206.10 MHz ( period = 4.852 ns )                    ; DBase:dados|R4[4]              ; DBase:dados|n2[2]           ; clk        ; clk      ; None                        ; None                      ; 4.643 ns                ;
; N/A                                     ; 206.10 MHz ( period = 4.852 ns )                    ; DBase:dados|R4[4]              ; DBase:dados|n1[0]           ; clk        ; clk      ; None                        ; None                      ; 4.643 ns                ;
; N/A                                     ; 206.10 MHz ( period = 4.852 ns )                    ; DBase:dados|R4[4]              ; DBase:dados|n0[1]           ; clk        ; clk      ; None                        ; None                      ; 4.643 ns                ;
; N/A                                     ; 206.10 MHz ( period = 4.852 ns )                    ; DBase:dados|R4[4]              ; DBase:dados|n0[2]           ; clk        ; clk      ; None                        ; None                      ; 4.643 ns                ;
; N/A                                     ; 206.10 MHz ( period = 4.852 ns )                    ; DBase:dados|R4[4]              ; DBase:dados|n0[3]           ; clk        ; clk      ; None                        ; None                      ; 4.643 ns                ;
; N/A                                     ; 206.57 MHz ( period = 4.841 ns )                    ; DBase:dados|R6[5]              ; DBase:dados|n0[2]           ; clk        ; clk      ; None                        ; None                      ; 4.620 ns                ;
; N/A                                     ; 206.78 MHz ( period = 4.836 ns )                    ; DBase:dados|R6[3]              ; DBase:dados|n2[1]           ; clk        ; clk      ; None                        ; None                      ; 4.615 ns                ;
; N/A                                     ; 206.87 MHz ( period = 4.834 ns )                    ; DBase:dados|R6[5]              ; DBase:dados|n2[2]           ; clk        ; clk      ; None                        ; None                      ; 4.613 ns                ;
; N/A                                     ; 206.87 MHz ( period = 4.834 ns )                    ; Operativa:op1|BCD_digit_aux[1] ; DBase:dados|reg_data_out[6] ; clk        ; clk      ; None                        ; None                      ; 3.934 ns                ;
; N/A                                     ; 206.87 MHz ( period = 4.834 ns )                    ; DBase:dados|R6[5]              ; DBase:dados|n1[0]           ; clk        ; clk      ; None                        ; None                      ; 4.613 ns                ;
; N/A                                     ; 206.87 MHz ( period = 4.834 ns )                    ; DBase:dados|R6[5]              ; DBase:dados|n0[1]           ; clk        ; clk      ; None                        ; None                      ; 4.613 ns                ;
; N/A                                     ; 206.87 MHz ( period = 4.834 ns )                    ; DBase:dados|R6[5]              ; DBase:dados|n0[3]           ; clk        ; clk      ; None                        ; None                      ; 4.613 ns                ;
; N/A                                     ; 207.04 MHz ( period = 4.830 ns )                    ; DBase:dados|R7[6]              ; DBase:dados|n2[0]           ; clk        ; clk      ; None                        ; None                      ; 4.608 ns                ;
; N/A                                     ; 207.04 MHz ( period = 4.830 ns )                    ; DBase:dados|R7[6]              ; DBase:dados|n2[3]           ; clk        ; clk      ; None                        ; None                      ; 4.608 ns                ;
; N/A                                     ; 207.21 MHz ( period = 4.826 ns )                    ; DBase:dados|R11[4]             ; DBase:dados|n2[1]           ; clk        ; clk      ; None                        ; None                      ; 4.611 ns                ;
; N/A                                     ; 207.21 MHz ( period = 4.826 ns )                    ; DBase:dados|R11[4]             ; DBase:dados|n2[2]           ; clk        ; clk      ; None                        ; None                      ; 4.611 ns                ;
; N/A                                     ; 207.21 MHz ( period = 4.826 ns )                    ; DBase:dados|R11[4]             ; DBase:dados|n1[0]           ; clk        ; clk      ; None                        ; None                      ; 4.611 ns                ;
; N/A                                     ; 207.21 MHz ( period = 4.826 ns )                    ; DBase:dados|R11[4]             ; DBase:dados|n0[1]           ; clk        ; clk      ; None                        ; None                      ; 4.611 ns                ;
; N/A                                     ; 207.21 MHz ( period = 4.826 ns )                    ; DBase:dados|R11[4]             ; DBase:dados|n0[2]           ; clk        ; clk      ; None                        ; None                      ; 4.611 ns                ;
; N/A                                     ; 207.21 MHz ( period = 4.826 ns )                    ; DBase:dados|R11[4]             ; DBase:dados|n0[3]           ; clk        ; clk      ; None                        ; None                      ; 4.611 ns                ;
; N/A                                     ; 207.60 MHz ( period = 4.817 ns )                    ; Operativa:op1|BCD_digit_aux[1] ; DBase:dados|reg_data_out[7] ; clk        ; clk      ; None                        ; None                      ; 3.917 ns                ;
; N/A                                     ; 207.86 MHz ( period = 4.811 ns )                    ; DBase:dados|R4[7]              ; DBase:dados|n2[1]           ; clk        ; clk      ; None                        ; None                      ; 4.602 ns                ;
; N/A                                     ; 207.86 MHz ( period = 4.811 ns )                    ; DBase:dados|R4[7]              ; DBase:dados|n2[2]           ; clk        ; clk      ; None                        ; None                      ; 4.602 ns                ;
; N/A                                     ; 207.86 MHz ( period = 4.811 ns )                    ; DBase:dados|R4[7]              ; DBase:dados|n1[0]           ; clk        ; clk      ; None                        ; None                      ; 4.602 ns                ;
; N/A                                     ; 207.86 MHz ( period = 4.811 ns )                    ; DBase:dados|R4[7]              ; DBase:dados|n0[1]           ; clk        ; clk      ; None                        ; None                      ; 4.602 ns                ;
; N/A                                     ; 207.86 MHz ( period = 4.811 ns )                    ; DBase:dados|R4[7]              ; DBase:dados|n0[2]           ; clk        ; clk      ; None                        ; None                      ; 4.602 ns                ;
; N/A                                     ; 207.86 MHz ( period = 4.811 ns )                    ; DBase:dados|R4[7]              ; DBase:dados|n0[3]           ; clk        ; clk      ; None                        ; None                      ; 4.602 ns                ;
; N/A                                     ; 207.99 MHz ( period = 4.808 ns )                    ; DBase:dados|R6[7]              ; DBase:dados|n0[2]           ; clk        ; clk      ; None                        ; None                      ; 4.587 ns                ;
; N/A                                     ; 208.20 MHz ( period = 4.803 ns )                    ; Operativa:op1|BCD_digit_aux[3] ; DBase:dados|reg_data_out[4] ; clk        ; clk      ; None                        ; None                      ; 3.906 ns                ;
; N/A                                     ; 208.29 MHz ( period = 4.801 ns )                    ; DBase:dados|R6[7]              ; DBase:dados|n2[2]           ; clk        ; clk      ; None                        ; None                      ; 4.580 ns                ;
; N/A                                     ; 208.29 MHz ( period = 4.801 ns )                    ; DBase:dados|R6[7]              ; DBase:dados|n1[0]           ; clk        ; clk      ; None                        ; None                      ; 4.580 ns                ;
; N/A                                     ; 208.29 MHz ( period = 4.801 ns )                    ; DBase:dados|R6[7]              ; DBase:dados|n0[1]           ; clk        ; clk      ; None                        ; None                      ; 4.580 ns                ;
; N/A                                     ; 208.29 MHz ( period = 4.801 ns )                    ; DBase:dados|R6[7]              ; DBase:dados|n0[3]           ; clk        ; clk      ; None                        ; None                      ; 4.580 ns                ;
; N/A                                     ; 208.46 MHz ( period = 4.797 ns )                    ; DBase:dados|R1[5]              ; DBase:dados|n2[1]           ; clk        ; clk      ; None                        ; None                      ; 4.587 ns                ;
; N/A                                     ; 208.46 MHz ( period = 4.797 ns )                    ; DBase:dados|R1[5]              ; DBase:dados|n2[2]           ; clk        ; clk      ; None                        ; None                      ; 4.587 ns                ;
; N/A                                     ; 208.46 MHz ( period = 4.797 ns )                    ; DBase:dados|R1[5]              ; DBase:dados|n1[0]           ; clk        ; clk      ; None                        ; None                      ; 4.587 ns                ;
; N/A                                     ; 208.46 MHz ( period = 4.797 ns )                    ; DBase:dados|R1[5]              ; DBase:dados|n0[1]           ; clk        ; clk      ; None                        ; None                      ; 4.587 ns                ;
; N/A                                     ; 208.46 MHz ( period = 4.797 ns )                    ; DBase:dados|R1[5]              ; DBase:dados|n0[2]           ; clk        ; clk      ; None                        ; None                      ; 4.587 ns                ;
; N/A                                     ; 208.46 MHz ( period = 4.797 ns )                    ; DBase:dados|R1[5]              ; DBase:dados|n0[3]           ; clk        ; clk      ; None                        ; None                      ; 4.587 ns                ;
; N/A                                     ; 208.72 MHz ( period = 4.791 ns )                    ; DBase:dados|R10[2]             ; DBase:dados|n2[1]           ; clk        ; clk      ; None                        ; None                      ; 4.569 ns                ;
; N/A                                     ; 208.72 MHz ( period = 4.791 ns )                    ; DBase:dados|R10[2]             ; DBase:dados|n2[2]           ; clk        ; clk      ; None                        ; None                      ; 4.569 ns                ;
; N/A                                     ; 208.72 MHz ( period = 4.791 ns )                    ; DBase:dados|R10[2]             ; DBase:dados|n1[0]           ; clk        ; clk      ; None                        ; None                      ; 4.569 ns                ;
; N/A                                     ; 208.72 MHz ( period = 4.791 ns )                    ; DBase:dados|R10[2]             ; DBase:dados|n0[1]           ; clk        ; clk      ; None                        ; None                      ; 4.569 ns                ;
; N/A                                     ; 208.72 MHz ( period = 4.791 ns )                    ; DBase:dados|R10[2]             ; DBase:dados|n0[2]           ; clk        ; clk      ; None                        ; None                      ; 4.569 ns                ;
; N/A                                     ; 208.72 MHz ( period = 4.791 ns )                    ; DBase:dados|R10[2]             ; DBase:dados|n0[3]           ; clk        ; clk      ; None                        ; None                      ; 4.569 ns                ;
; N/A                                     ; 209.21 MHz ( period = 4.780 ns )                    ; DBase:dados|R11[7]             ; DBase:dados|n2[1]           ; clk        ; clk      ; None                        ; None                      ; 4.565 ns                ;
; N/A                                     ; 209.21 MHz ( period = 4.780 ns )                    ; DBase:dados|R11[7]             ; DBase:dados|n2[2]           ; clk        ; clk      ; None                        ; None                      ; 4.565 ns                ;
; N/A                                     ; 209.21 MHz ( period = 4.780 ns )                    ; DBase:dados|R11[7]             ; DBase:dados|n1[0]           ; clk        ; clk      ; None                        ; None                      ; 4.565 ns                ;
; N/A                                     ; 209.21 MHz ( period = 4.780 ns )                    ; DBase:dados|R11[7]             ; DBase:dados|n0[1]           ; clk        ; clk      ; None                        ; None                      ; 4.565 ns                ;
; N/A                                     ; 209.21 MHz ( period = 4.780 ns )                    ; DBase:dados|R11[7]             ; DBase:dados|n0[2]           ; clk        ; clk      ; None                        ; None                      ; 4.565 ns                ;
; N/A                                     ; 209.21 MHz ( period = 4.780 ns )                    ; DBase:dados|R11[7]             ; DBase:dados|n0[3]           ; clk        ; clk      ; None                        ; None                      ; 4.565 ns                ;
; N/A                                     ; 209.38 MHz ( period = 4.776 ns )                    ; DBase:dados|R2[5]              ; DBase:dados|n2[1]           ; clk        ; clk      ; None                        ; None                      ; 4.555 ns                ;
; N/A                                     ; 209.38 MHz ( period = 4.776 ns )                    ; DBase:dados|R2[5]              ; DBase:dados|n2[2]           ; clk        ; clk      ; None                        ; None                      ; 4.555 ns                ;
; N/A                                     ; 209.38 MHz ( period = 4.776 ns )                    ; DBase:dados|R2[5]              ; DBase:dados|n1[0]           ; clk        ; clk      ; None                        ; None                      ; 4.555 ns                ;
; N/A                                     ; 209.38 MHz ( period = 4.776 ns )                    ; DBase:dados|R2[5]              ; DBase:dados|n0[1]           ; clk        ; clk      ; None                        ; None                      ; 4.555 ns                ;
; N/A                                     ; 209.38 MHz ( period = 4.776 ns )                    ; DBase:dados|R2[5]              ; DBase:dados|n0[2]           ; clk        ; clk      ; None                        ; None                      ; 4.555 ns                ;
; N/A                                     ; 209.38 MHz ( period = 4.776 ns )                    ; DBase:dados|R2[5]              ; DBase:dados|n0[3]           ; clk        ; clk      ; None                        ; None                      ; 4.555 ns                ;
; N/A                                     ; 209.47 MHz ( period = 4.774 ns )                    ; Operativa:op1|BCD_digit_aux[1] ; DBase:dados|reg_data_out[5] ; clk        ; clk      ; None                        ; None                      ; 3.874 ns                ;
; N/A                                     ; 209.73 MHz ( period = 4.768 ns )                    ; DBase:dados|R13[5]             ; DBase:dados|n2[1]           ; clk        ; clk      ; None                        ; None                      ; 4.560 ns                ;
; N/A                                     ; 209.73 MHz ( period = 4.768 ns )                    ; DBase:dados|R13[5]             ; DBase:dados|n2[2]           ; clk        ; clk      ; None                        ; None                      ; 4.560 ns                ;
; N/A                                     ; 209.73 MHz ( period = 4.768 ns )                    ; DBase:dados|R13[5]             ; DBase:dados|n1[0]           ; clk        ; clk      ; None                        ; None                      ; 4.560 ns                ;
; N/A                                     ; 209.73 MHz ( period = 4.768 ns )                    ; DBase:dados|R13[5]             ; DBase:dados|n0[1]           ; clk        ; clk      ; None                        ; None                      ; 4.560 ns                ;
; N/A                                     ; 209.73 MHz ( period = 4.768 ns )                    ; DBase:dados|R13[5]             ; DBase:dados|n0[2]           ; clk        ; clk      ; None                        ; None                      ; 4.560 ns                ;
; N/A                                     ; 209.73 MHz ( period = 4.768 ns )                    ; DBase:dados|R13[5]             ; DBase:dados|n0[3]           ; clk        ; clk      ; None                        ; None                      ; 4.560 ns                ;
; N/A                                     ; 209.82 MHz ( period = 4.766 ns )                    ; DBase:dados|R2[4]              ; DBase:dados|n2[1]           ; clk        ; clk      ; None                        ; None                      ; 4.545 ns                ;
; N/A                                     ; 209.82 MHz ( period = 4.766 ns )                    ; DBase:dados|R2[4]              ; DBase:dados|n2[2]           ; clk        ; clk      ; None                        ; None                      ; 4.545 ns                ;
; N/A                                     ; 209.82 MHz ( period = 4.766 ns )                    ; DBase:dados|R2[4]              ; DBase:dados|n1[0]           ; clk        ; clk      ; None                        ; None                      ; 4.545 ns                ;
; N/A                                     ; 209.82 MHz ( period = 4.766 ns )                    ; DBase:dados|R2[4]              ; DBase:dados|n0[1]           ; clk        ; clk      ; None                        ; None                      ; 4.545 ns                ;
; N/A                                     ; 209.82 MHz ( period = 4.766 ns )                    ; DBase:dados|R2[4]              ; DBase:dados|n0[2]           ; clk        ; clk      ; None                        ; None                      ; 4.545 ns                ;
; N/A                                     ; 209.82 MHz ( period = 4.766 ns )                    ; DBase:dados|R2[4]              ; DBase:dados|n0[3]           ; clk        ; clk      ; None                        ; None                      ; 4.545 ns                ;
; N/A                                     ; 210.61 MHz ( period = 4.748 ns )                    ; DBase:dados|R9[5]              ; DBase:dados|n2[1]           ; clk        ; clk      ; None                        ; None                      ; 4.537 ns                ;
; N/A                                     ; 210.61 MHz ( period = 4.748 ns )                    ; DBase:dados|R9[5]              ; DBase:dados|n2[2]           ; clk        ; clk      ; None                        ; None                      ; 4.537 ns                ;
; N/A                                     ; 210.61 MHz ( period = 4.748 ns )                    ; DBase:dados|R9[5]              ; DBase:dados|n1[0]           ; clk        ; clk      ; None                        ; None                      ; 4.537 ns                ;
; N/A                                     ; 210.61 MHz ( period = 4.748 ns )                    ; DBase:dados|R9[5]              ; DBase:dados|n0[1]           ; clk        ; clk      ; None                        ; None                      ; 4.537 ns                ;
; N/A                                     ; 210.61 MHz ( period = 4.748 ns )                    ; DBase:dados|R9[5]              ; DBase:dados|n0[2]           ; clk        ; clk      ; None                        ; None                      ; 4.537 ns                ;
; N/A                                     ; 210.61 MHz ( period = 4.748 ns )                    ; DBase:dados|R9[5]              ; DBase:dados|n0[3]           ; clk        ; clk      ; None                        ; None                      ; 4.537 ns                ;
; N/A                                     ; 211.15 MHz ( period = 4.736 ns )                    ; DBase:dados|R1[1]              ; DBase:dados|n2[1]           ; clk        ; clk      ; None                        ; None                      ; 4.526 ns                ;
; N/A                                     ; 211.15 MHz ( period = 4.736 ns )                    ; DBase:dados|R1[1]              ; DBase:dados|n2[2]           ; clk        ; clk      ; None                        ; None                      ; 4.526 ns                ;
; N/A                                     ; 211.15 MHz ( period = 4.736 ns )                    ; Operativa:op1|BCD_digit_aux[2] ; DBase:dados|reg_data_out[3] ; clk        ; clk      ; None                        ; None                      ; 3.836 ns                ;
; N/A                                     ; 211.15 MHz ( period = 4.736 ns )                    ; DBase:dados|R1[1]              ; DBase:dados|n1[0]           ; clk        ; clk      ; None                        ; None                      ; 4.526 ns                ;
; N/A                                     ; 211.15 MHz ( period = 4.736 ns )                    ; DBase:dados|R1[1]              ; DBase:dados|n0[1]           ; clk        ; clk      ; None                        ; None                      ; 4.526 ns                ;
; N/A                                     ; 211.15 MHz ( period = 4.736 ns )                    ; DBase:dados|R1[1]              ; DBase:dados|n0[2]           ; clk        ; clk      ; None                        ; None                      ; 4.526 ns                ;
; N/A                                     ; 211.15 MHz ( period = 4.736 ns )                    ; DBase:dados|R1[1]              ; DBase:dados|n0[3]           ; clk        ; clk      ; None                        ; None                      ; 4.526 ns                ;
; N/A                                     ; 211.19 MHz ( period = 4.735 ns )                    ; Operativa:op1|BCD_digit_aux[3] ; DBase:dados|reg_data_out[2] ; clk        ; clk      ; None                        ; None                      ; 3.838 ns                ;
; N/A                                     ; 211.28 MHz ( period = 4.733 ns )                    ; DBase:dados|R13[6]             ; DBase:dados|n1[0]           ; clk        ; clk      ; None                        ; None                      ; 4.525 ns                ;
; N/A                                     ; 211.28 MHz ( period = 4.733 ns )                    ; DBase:dados|R13[6]             ; DBase:dados|n0[1]           ; clk        ; clk      ; None                        ; None                      ; 4.525 ns                ;
; N/A                                     ; 211.28 MHz ( period = 4.733 ns )                    ; DBase:dados|R13[6]             ; DBase:dados|n0[2]           ; clk        ; clk      ; None                        ; None                      ; 4.525 ns                ;
; Timing analysis restricted to 200 rows. ; To change the limit use Settings (Assignments menu) ;                                ;                             ;            ;          ;                             ;                           ;                         ;
+-----------------------------------------+-----------------------------------------------------+--------------------------------+-----------------------------+------------+----------+-----------------------------+---------------------------+-------------------------+


+-------------------------------------------------------------------------------------------+
; tsu                                                                                       ;
+-------+--------------+------------+-------+------------------------------------+----------+
; Slack ; Required tsu ; Actual tsu ; From  ; To                                 ; To Clock ;
+-------+--------------+------------+-------+------------------------------------+----------+
; N/A   ; None         ; 5.926 ns   ; reset ; divisor:div|CLK_COUNT_400HZ[7]     ; clk      ;
; N/A   ; None         ; 5.926 ns   ; reset ; divisor:div|CLK_COUNT_400HZ[8]     ; clk      ;
; N/A   ; None         ; 5.926 ns   ; reset ; divisor:div|CLK_COUNT_400HZ[9]     ; clk      ;
; N/A   ; None         ; 5.926 ns   ; reset ; divisor:div|CLK_COUNT_400HZ[6]     ; clk      ;
; N/A   ; None         ; 5.926 ns   ; reset ; divisor:div|CLK_COUNT_400HZ[2]     ; clk      ;
; N/A   ; None         ; 5.926 ns   ; reset ; divisor:div|CLK_COUNT_400HZ[5]     ; clk      ;
; N/A   ; None         ; 5.926 ns   ; reset ; divisor:div|CLK_COUNT_400HZ[4]     ; clk      ;
; N/A   ; None         ; 5.926 ns   ; reset ; divisor:div|CLK_COUNT_400HZ[3]     ; clk      ;
; N/A   ; None         ; 5.926 ns   ; reset ; divisor:div|CLK_COUNT_400HZ[1]     ; clk      ;
; N/A   ; None         ; 5.926 ns   ; reset ; divisor:div|CLK_COUNT_400HZ[0]     ; clk      ;
; N/A   ; None         ; 5.467 ns   ; reset ; divisor:div|CLK_COUNT_400HZ[11]    ; clk      ;
; N/A   ; None         ; 5.467 ns   ; reset ; divisor:div|CLK_COUNT_400HZ[14]    ; clk      ;
; N/A   ; None         ; 5.467 ns   ; reset ; divisor:div|CLK_COUNT_400HZ[15]    ; clk      ;
; N/A   ; None         ; 5.467 ns   ; reset ; divisor:div|CLK_COUNT_400HZ[18]    ; clk      ;
; N/A   ; None         ; 5.467 ns   ; reset ; divisor:div|CLK_COUNT_400HZ[19]    ; clk      ;
; N/A   ; None         ; 5.467 ns   ; reset ; divisor:div|CLK_COUNT_400HZ[17]    ; clk      ;
; N/A   ; None         ; 5.467 ns   ; reset ; divisor:div|CLK_COUNT_400HZ[16]    ; clk      ;
; N/A   ; None         ; 5.467 ns   ; reset ; divisor:div|CLK_COUNT_400HZ[10]    ; clk      ;
; N/A   ; None         ; 5.467 ns   ; reset ; divisor:div|CLK_COUNT_400HZ[12]    ; clk      ;
; N/A   ; None         ; 5.467 ns   ; reset ; divisor:div|CLK_COUNT_400HZ[13]    ; clk      ;
; N/A   ; None         ; 4.664 ns   ; reset ; divisor:div|CLK_400HZ              ; clk      ;
; N/A   ; None         ; 2.586 ns   ; reset ; Operativa:op1|CLK_5HZ              ; clk      ;
; N/A   ; None         ; 0.515 ns   ; reset ; Operativa:op1|CLK_COUNT_5HZ[7]     ; clk      ;
; N/A   ; None         ; 0.515 ns   ; reset ; Operativa:op1|CLK_COUNT_5HZ[6]     ; clk      ;
; N/A   ; None         ; 0.515 ns   ; reset ; Operativa:op1|CLK_COUNT_5HZ[4]     ; clk      ;
; N/A   ; None         ; 0.515 ns   ; reset ; Operativa:op1|CLK_COUNT_5HZ[5]     ; clk      ;
; N/A   ; None         ; 0.515 ns   ; reset ; Operativa:op1|CLK_COUNT_5HZ[1]     ; clk      ;
; N/A   ; None         ; 0.515 ns   ; reset ; Operativa:op1|CLK_COUNT_5HZ[3]     ; clk      ;
; N/A   ; None         ; 0.515 ns   ; reset ; Operativa:op1|CLK_COUNT_5HZ[0]     ; clk      ;
; N/A   ; None         ; 0.515 ns   ; reset ; Operativa:op1|CLK_COUNT_5HZ[2]     ; clk      ;
; N/A   ; None         ; 0.400 ns   ; btn1  ; Operativa:op1|BCD_senha0[1]        ; clk      ;
; N/A   ; None         ; 0.400 ns   ; btn1  ; Operativa:op1|BCD_senha0[0]        ; clk      ;
; N/A   ; None         ; 0.400 ns   ; btn1  ; Operativa:op1|BCD_senha0[3]        ; clk      ;
; N/A   ; None         ; 0.400 ns   ; btn1  ; Operativa:op1|BCD_senha0[2]        ; clk      ;
; N/A   ; None         ; 0.251 ns   ; btn2  ; Operativa:op1|BCD_senha0[1]        ; clk      ;
; N/A   ; None         ; 0.251 ns   ; btn2  ; Operativa:op1|BCD_senha0[0]        ; clk      ;
; N/A   ; None         ; 0.251 ns   ; btn2  ; Operativa:op1|BCD_senha0[3]        ; clk      ;
; N/A   ; None         ; 0.251 ns   ; btn2  ; Operativa:op1|BCD_senha0[2]        ; clk      ;
; N/A   ; None         ; 0.234 ns   ; btn2  ; Operativa:op1|BCD_digit_aux[3]     ; clk      ;
; N/A   ; None         ; -0.175 ns  ; btn2  ; Operativa:op1|BCD_digit1[1]        ; clk      ;
; N/A   ; None         ; -0.175 ns  ; btn2  ; Operativa:op1|BCD_digit1[0]        ; clk      ;
; N/A   ; None         ; -0.175 ns  ; btn2  ; Operativa:op1|BCD_digit1[3]        ; clk      ;
; N/A   ; None         ; -0.175 ns  ; btn2  ; Operativa:op1|BCD_digit1[2]        ; clk      ;
; N/A   ; None         ; -0.576 ns  ; btn2  ; Operativa:op1|BCD_digit_aux[2]     ; clk      ;
; N/A   ; None         ; -0.703 ns  ; btn2  ; Operativa:op1|BCD_digit_aux[0]     ; clk      ;
; N/A   ; None         ; -0.703 ns  ; btn2  ; Operativa:op1|BCD_digit0[0]        ; clk      ;
; N/A   ; None         ; -0.703 ns  ; btn2  ; Operativa:op1|BCD_digit0[2]        ; clk      ;
; N/A   ; None         ; -0.703 ns  ; btn2  ; Operativa:op1|BCD_digit0[1]        ; clk      ;
; N/A   ; None         ; -0.703 ns  ; btn2  ; Operativa:op1|BCD_digit0[3]        ; clk      ;
; N/A   ; None         ; -0.717 ns  ; btn1  ; Operativa:op1|BCD_senha1[1]        ; clk      ;
; N/A   ; None         ; -0.717 ns  ; btn1  ; Operativa:op1|BCD_senha1[3]        ; clk      ;
; N/A   ; None         ; -0.717 ns  ; btn1  ; Operativa:op1|BCD_senha1[2]        ; clk      ;
; N/A   ; None         ; -0.717 ns  ; btn1  ; Operativa:op1|BCD_senha1[0]        ; clk      ;
; N/A   ; None         ; -0.883 ns  ; btn2  ; Operativa:op1|BCD_digit_aux[1]     ; clk      ;
; N/A   ; None         ; -0.888 ns  ; btn0  ; Controle:ct1|estado.login_admin    ; clk      ;
; N/A   ; None         ; -0.891 ns  ; btn0  ; Controle:ct1|estado.login_usuario  ; clk      ;
; N/A   ; None         ; -1.215 ns  ; btn0  ; Controle:ct1|estado.insere_usuario ; clk      ;
; N/A   ; None         ; -1.446 ns  ; btn0  ; Controle:ct1|estado.senha_errada   ; clk      ;
; N/A   ; None         ; -1.449 ns  ; btn0  ; Controle:ct1|estado.insere_senha   ; clk      ;
; N/A   ; None         ; -1.510 ns  ; btn0  ; Controle:ct1|estado.busca_usuario  ; clk      ;
; N/A   ; None         ; -1.514 ns  ; btn0  ; Controle:ct1|estado.compara_senha  ; clk      ;
; N/A   ; None         ; -1.721 ns  ; btn0  ; Controle:ct1|estado.nova_senha     ; clk      ;
+-------+--------------+------------+-------+------------------------------------+----------+


+------------------------------------------------------------------------------------------------+
; tco                                                                                            ;
+-------+--------------+------------+---------------------------------+-------------+------------+
; Slack ; Required tco ; Actual tco ; From                            ; To          ; From Clock ;
+-------+--------------+------------+---------------------------------+-------------+------------+
; N/A   ; None         ; 14.794 ns  ; Controle:ct1|ld1                ; ld1         ; clk        ;
; N/A   ; None         ; 14.619 ns  ; Operativa:op1|DATA_BUS_VALUE[6] ; DATA_BUS[6] ; clk        ;
; N/A   ; None         ; 14.552 ns  ; Operativa:op1|DATA_BUS_VALUE[2] ; DATA_BUS[2] ; clk        ;
; N/A   ; None         ; 14.529 ns  ; Controle:ct1|ld0                ; ld0         ; clk        ;
; N/A   ; None         ; 14.332 ns  ; Controle:ct1|ld2                ; ld2         ; clk        ;
; N/A   ; None         ; 13.909 ns  ; Operativa:op1|DATA_BUS_VALUE[3] ; DATA_BUS[3] ; clk        ;
; N/A   ; None         ; 13.739 ns  ; Operativa:op1|DATA_BUS_VALUE[5] ; DATA_BUS[5] ; clk        ;
; N/A   ; None         ; 13.430 ns  ; Operativa:op1|DATA_BUS_VALUE[7] ; DATA_BUS[7] ; clk        ;
; N/A   ; None         ; 13.333 ns  ; Operativa:op1|DATA_BUS_VALUE[0] ; DATA_BUS[0] ; clk        ;
; N/A   ; None         ; 12.878 ns  ; Operativa:op1|DATA_BUS_VALUE[1] ; DATA_BUS[1] ; clk        ;
; N/A   ; None         ; 12.796 ns  ; Operativa:op1|LCD_E             ; LCD_E       ; clk        ;
; N/A   ; None         ; 12.698 ns  ; Operativa:op1|LCD_RS            ; LCD_RS      ; clk        ;
; N/A   ; None         ; 12.375 ns  ; Operativa:op1|DATA_BUS_VALUE[4] ; DATA_BUS[4] ; clk        ;
; N/A   ; None         ; 9.580 ns   ; Operativa:op1|flag1_senha       ; flag_senha5 ; btn0       ;
; N/A   ; None         ; 8.928 ns   ; Operativa:op1|flag2_admin       ; flag_admin5 ; btn0       ;
+-------+--------------+------------+---------------------------------+-------------+------------+


+-----------------------------------------------------------------+
; tpd                                                             ;
+-------+-------------------+-----------------+-------+-----------+
; Slack ; Required P2P Time ; Actual P2P Time ; From  ; To        ;
+-------+-------------------+-----------------+-------+-----------+
; N/A   ; None              ; 9.347 ns        ; reset ; RESET_LED ;
+-------+-------------------+-----------------+-------+-----------+


+-------------------------------------------------------------------------------------------------+
; th                                                                                              ;
+---------------+-------------+-----------+-------+------------------------------------+----------+
; Minimum Slack ; Required th ; Actual th ; From  ; To                                 ; To Clock ;
+---------------+-------------+-----------+-------+------------------------------------+----------+
; N/A           ; None        ; 1.951 ns  ; btn0  ; Controle:ct1|estado.nova_senha     ; clk      ;
; N/A           ; None        ; 1.744 ns  ; btn0  ; Controle:ct1|estado.compara_senha  ; clk      ;
; N/A           ; None        ; 1.740 ns  ; btn0  ; Controle:ct1|estado.busca_usuario  ; clk      ;
; N/A           ; None        ; 1.679 ns  ; btn0  ; Controle:ct1|estado.insere_usuario ; clk      ;
; N/A           ; None        ; 1.679 ns  ; btn0  ; Controle:ct1|estado.insere_senha   ; clk      ;
; N/A           ; None        ; 1.676 ns  ; btn0  ; Controle:ct1|estado.senha_errada   ; clk      ;
; N/A           ; None        ; 1.121 ns  ; btn0  ; Controle:ct1|estado.login_usuario  ; clk      ;
; N/A           ; None        ; 1.118 ns  ; btn0  ; Controle:ct1|estado.login_admin    ; clk      ;
; N/A           ; None        ; 1.113 ns  ; btn2  ; Operativa:op1|BCD_digit_aux[1]     ; clk      ;
; N/A           ; None        ; 0.947 ns  ; btn1  ; Operativa:op1|BCD_senha1[1]        ; clk      ;
; N/A           ; None        ; 0.947 ns  ; btn1  ; Operativa:op1|BCD_senha1[3]        ; clk      ;
; N/A           ; None        ; 0.947 ns  ; btn1  ; Operativa:op1|BCD_senha1[2]        ; clk      ;
; N/A           ; None        ; 0.947 ns  ; btn1  ; Operativa:op1|BCD_senha1[0]        ; clk      ;
; N/A           ; None        ; 0.933 ns  ; btn2  ; Operativa:op1|BCD_digit_aux[0]     ; clk      ;
; N/A           ; None        ; 0.933 ns  ; btn2  ; Operativa:op1|BCD_digit0[0]        ; clk      ;
; N/A           ; None        ; 0.933 ns  ; btn2  ; Operativa:op1|BCD_digit0[2]        ; clk      ;
; N/A           ; None        ; 0.933 ns  ; btn2  ; Operativa:op1|BCD_digit0[1]        ; clk      ;
; N/A           ; None        ; 0.933 ns  ; btn2  ; Operativa:op1|BCD_digit0[3]        ; clk      ;
; N/A           ; None        ; 0.806 ns  ; btn2  ; Operativa:op1|BCD_digit_aux[2]     ; clk      ;
; N/A           ; None        ; 0.405 ns  ; btn2  ; Operativa:op1|BCD_digit1[1]        ; clk      ;
; N/A           ; None        ; 0.405 ns  ; btn2  ; Operativa:op1|BCD_digit1[0]        ; clk      ;
; N/A           ; None        ; 0.405 ns  ; btn2  ; Operativa:op1|BCD_digit1[3]        ; clk      ;
; N/A           ; None        ; 0.405 ns  ; btn2  ; Operativa:op1|BCD_digit1[2]        ; clk      ;
; N/A           ; None        ; -0.004 ns ; btn2  ; Operativa:op1|BCD_digit_aux[3]     ; clk      ;
; N/A           ; None        ; -0.021 ns ; btn2  ; Operativa:op1|BCD_senha0[1]        ; clk      ;
; N/A           ; None        ; -0.021 ns ; btn2  ; Operativa:op1|BCD_senha0[0]        ; clk      ;
; N/A           ; None        ; -0.021 ns ; btn2  ; Operativa:op1|BCD_senha0[3]        ; clk      ;
; N/A           ; None        ; -0.021 ns ; btn2  ; Operativa:op1|BCD_senha0[2]        ; clk      ;
; N/A           ; None        ; -0.170 ns ; btn1  ; Operativa:op1|BCD_senha0[1]        ; clk      ;
; N/A           ; None        ; -0.170 ns ; btn1  ; Operativa:op1|BCD_senha0[0]        ; clk      ;
; N/A           ; None        ; -0.170 ns ; btn1  ; Operativa:op1|BCD_senha0[3]        ; clk      ;
; N/A           ; None        ; -0.170 ns ; btn1  ; Operativa:op1|BCD_senha0[2]        ; clk      ;
; N/A           ; None        ; -0.285 ns ; reset ; Operativa:op1|CLK_COUNT_5HZ[7]     ; clk      ;
; N/A           ; None        ; -0.285 ns ; reset ; Operativa:op1|CLK_COUNT_5HZ[6]     ; clk      ;
; N/A           ; None        ; -0.285 ns ; reset ; Operativa:op1|CLK_COUNT_5HZ[4]     ; clk      ;
; N/A           ; None        ; -0.285 ns ; reset ; Operativa:op1|CLK_COUNT_5HZ[5]     ; clk      ;
; N/A           ; None        ; -0.285 ns ; reset ; Operativa:op1|CLK_COUNT_5HZ[1]     ; clk      ;
; N/A           ; None        ; -0.285 ns ; reset ; Operativa:op1|CLK_COUNT_5HZ[3]     ; clk      ;
; N/A           ; None        ; -0.285 ns ; reset ; Operativa:op1|CLK_COUNT_5HZ[0]     ; clk      ;
; N/A           ; None        ; -0.285 ns ; reset ; Operativa:op1|CLK_COUNT_5HZ[2]     ; clk      ;
; N/A           ; None        ; -2.356 ns ; reset ; Operativa:op1|CLK_5HZ              ; clk      ;
; N/A           ; None        ; -4.434 ns ; reset ; divisor:div|CLK_400HZ              ; clk      ;
; N/A           ; None        ; -5.237 ns ; reset ; divisor:div|CLK_COUNT_400HZ[11]    ; clk      ;
; N/A           ; None        ; -5.237 ns ; reset ; divisor:div|CLK_COUNT_400HZ[14]    ; clk      ;
; N/A           ; None        ; -5.237 ns ; reset ; divisor:div|CLK_COUNT_400HZ[15]    ; clk      ;
; N/A           ; None        ; -5.237 ns ; reset ; divisor:div|CLK_COUNT_400HZ[18]    ; clk      ;
; N/A           ; None        ; -5.237 ns ; reset ; divisor:div|CLK_COUNT_400HZ[19]    ; clk      ;
; N/A           ; None        ; -5.237 ns ; reset ; divisor:div|CLK_COUNT_400HZ[17]    ; clk      ;
; N/A           ; None        ; -5.237 ns ; reset ; divisor:div|CLK_COUNT_400HZ[16]    ; clk      ;
; N/A           ; None        ; -5.237 ns ; reset ; divisor:div|CLK_COUNT_400HZ[10]    ; clk      ;
; N/A           ; None        ; -5.237 ns ; reset ; divisor:div|CLK_COUNT_400HZ[12]    ; clk      ;
; N/A           ; None        ; -5.237 ns ; reset ; divisor:div|CLK_COUNT_400HZ[13]    ; clk      ;
; N/A           ; None        ; -5.696 ns ; reset ; divisor:div|CLK_COUNT_400HZ[7]     ; clk      ;
; N/A           ; None        ; -5.696 ns ; reset ; divisor:div|CLK_COUNT_400HZ[8]     ; clk      ;
; N/A           ; None        ; -5.696 ns ; reset ; divisor:div|CLK_COUNT_400HZ[9]     ; clk      ;
; N/A           ; None        ; -5.696 ns ; reset ; divisor:div|CLK_COUNT_400HZ[6]     ; clk      ;
; N/A           ; None        ; -5.696 ns ; reset ; divisor:div|CLK_COUNT_400HZ[2]     ; clk      ;
; N/A           ; None        ; -5.696 ns ; reset ; divisor:div|CLK_COUNT_400HZ[5]     ; clk      ;
; N/A           ; None        ; -5.696 ns ; reset ; divisor:div|CLK_COUNT_400HZ[4]     ; clk      ;
; N/A           ; None        ; -5.696 ns ; reset ; divisor:div|CLK_COUNT_400HZ[3]     ; clk      ;
; N/A           ; None        ; -5.696 ns ; reset ; divisor:div|CLK_COUNT_400HZ[1]     ; clk      ;
; N/A           ; None        ; -5.696 ns ; reset ; divisor:div|CLK_COUNT_400HZ[0]     ; clk      ;
+---------------+-------------+-----------+-------+------------------------------------+----------+


+--------------------------+
; Timing Analyzer Messages ;
+--------------------------+
Info: *******************************************************************
Info: Running Quartus II Classic Timing Analyzer
    Info: Version 9.1 Build 350 03/24/2010 Service Pack 2 SJ Web Edition
    Info: Processing started: Mon Jul 11 14:33:31 2011
Info: Command: quartus_tan --read_settings_files=off --write_settings_files=off Fechadura -c Fechadura --timing_analysis_only
Warning: Found pins functioning as undefined clocks and/or memory enables
    Info: Assuming node "clk" is an undefined clock
    Info: Assuming node "btn0" is an undefined clock
Warning: Found 3 node(s) in clock paths which may be acting as ripple and/or gated clocks -- node(s) analyzed as buffer(s) resulting in clock skew
    Info: Detected ripple clock "Controle:ct1|CLK_1HZ" as buffer
    Info: Detected ripple clock "Operativa:op1|CLK_5HZ" as buffer
    Info: Detected ripple clock "divisor:div|cout" as buffer
Info: Clock "clk" has Internal fmax of 188.18 MHz between source register "DBase:dados|R3[1]" and destination register "DBase:dados|n2[1]" (period= 5.314 ns)
    Info: + Longest register to register delay is 5.103 ns
        Info: 1: + IC(0.000 ns) + CELL(0.000 ns) = 0.000 ns; Loc. = LCFF_X36_Y34_N19; Fanout = 2; REG Node = 'DBase:dados|R3[1]'
        Info: 2: + IC(1.003 ns) + CELL(0.371 ns) = 1.374 ns; Loc. = LCCOMB_X38_Y33_N4; Fanout = 3; COMB Node = 'DBase:dados|Equal3~0'
        Info: 3: + IC(0.932 ns) + CELL(0.150 ns) = 2.456 ns; Loc. = LCCOMB_X34_Y34_N24; Fanout = 5; COMB Node = 'DBase:dados|n0~0'
        Info: 4: + IC(0.755 ns) + CELL(0.150 ns) = 3.361 ns; Loc. = LCCOMB_X35_Y33_N2; Fanout = 1; COMB Node = 'DBase:dados|n0[1]~4'
        Info: 5: + IC(0.251 ns) + CELL(0.150 ns) = 3.762 ns; Loc. = LCCOMB_X35_Y33_N4; Fanout = 8; COMB Node = 'DBase:dados|n0[1]~5'
        Info: 6: + IC(0.681 ns) + CELL(0.660 ns) = 5.103 ns; Loc. = LCFF_X38_Y33_N17; Fanout = 15; REG Node = 'DBase:dados|n2[1]'
        Info: Total cell delay = 1.481 ns ( 29.02 % )
        Info: Total interconnect delay = 3.622 ns ( 70.98 % )
    Info: - Smallest clock skew is 0.003 ns
        Info: + Shortest clock path from clock "clk" to destination register is 7.549 ns
            Info: 1: + IC(0.000 ns) + CELL(0.999 ns) = 0.999 ns; Loc. = PIN_N2; Fanout = 2; CLK Node = 'clk'
            Info: 2: + IC(1.411 ns) + CELL(0.787 ns) = 3.197 ns; Loc. = LCFF_X36_Y18_N3; Fanout = 3; REG Node = 'divisor:div|cout'
            Info: 3: + IC(2.803 ns) + CELL(0.000 ns) = 6.000 ns; Loc. = CLKCTRL_G10; Fanout = 285; COMB Node = 'divisor:div|cout~clkctrl'
            Info: 4: + IC(1.012 ns) + CELL(0.537 ns) = 7.549 ns; Loc. = LCFF_X38_Y33_N17; Fanout = 15; REG Node = 'DBase:dados|n2[1]'
            Info: Total cell delay = 2.323 ns ( 30.77 % )
            Info: Total interconnect delay = 5.226 ns ( 69.23 % )
        Info: - Longest clock path from clock "clk" to source register is 7.546 ns
            Info: 1: + IC(0.000 ns) + CELL(0.999 ns) = 0.999 ns; Loc. = PIN_N2; Fanout = 2; CLK Node = 'clk'
            Info: 2: + IC(1.411 ns) + CELL(0.787 ns) = 3.197 ns; Loc. = LCFF_X36_Y18_N3; Fanout = 3; REG Node = 'divisor:div|cout'
            Info: 3: + IC(2.803 ns) + CELL(0.000 ns) = 6.000 ns; Loc. = CLKCTRL_G10; Fanout = 285; COMB Node = 'divisor:div|cout~clkctrl'
            Info: 4: + IC(1.009 ns) + CELL(0.537 ns) = 7.546 ns; Loc. = LCFF_X36_Y34_N19; Fanout = 2; REG Node = 'DBase:dados|R3[1]'
            Info: Total cell delay = 2.323 ns ( 30.78 % )
            Info: Total interconnect delay = 5.223 ns ( 69.22 % )
    Info: + Micro clock to output delay of source is 0.250 ns
    Info: + Micro setup delay of destination is -0.036 ns
Info: No valid register-to-register data paths exist for clock "btn0"
Info: tsu for register "divisor:div|CLK_COUNT_400HZ[7]" (data pin = "reset", clock pin = "clk") is 5.926 ns
    Info: + Longest pin to register delay is 8.638 ns
        Info: 1: + IC(0.000 ns) + CELL(0.862 ns) = 0.862 ns; Loc. = PIN_W26; Fanout = 13; PIN Node = 'reset'
        Info: 2: + IC(6.280 ns) + CELL(0.275 ns) = 7.417 ns; Loc. = LCCOMB_X37_Y18_N22; Fanout = 20; COMB Node = 'divisor:div|CLK_COUNT_400HZ[8]~50'
        Info: 3: + IC(0.711 ns) + CELL(0.510 ns) = 8.638 ns; Loc. = LCFF_X37_Y19_N27; Fanout = 3; REG Node = 'divisor:div|CLK_COUNT_400HZ[7]'
        Info: Total cell delay = 1.647 ns ( 19.07 % )
        Info: Total interconnect delay = 6.991 ns ( 80.93 % )
    Info: + Micro setup delay of destination is -0.036 ns
    Info: - Shortest clock path from clock "clk" to destination register is 2.676 ns
        Info: 1: + IC(0.000 ns) + CELL(0.999 ns) = 0.999 ns; Loc. = PIN_N2; Fanout = 2; CLK Node = 'clk'
        Info: 2: + IC(0.118 ns) + CELL(0.000 ns) = 1.117 ns; Loc. = CLKCTRL_G2; Fanout = 21; COMB Node = 'clk~clkctrl'
        Info: 3: + IC(1.022 ns) + CELL(0.537 ns) = 2.676 ns; Loc. = LCFF_X37_Y19_N27; Fanout = 3; REG Node = 'divisor:div|CLK_COUNT_400HZ[7]'
        Info: Total cell delay = 1.536 ns ( 57.40 % )
        Info: Total interconnect delay = 1.140 ns ( 42.60 % )
Info: tco from clock "clk" to destination pin "ld1" through register "Controle:ct1|ld1" is 14.794 ns
    Info: + Longest clock path from clock "clk" to source register is 8.253 ns
        Info: 1: + IC(0.000 ns) + CELL(0.999 ns) = 0.999 ns; Loc. = PIN_N2; Fanout = 2; CLK Node = 'clk'
        Info: 2: + IC(1.411 ns) + CELL(0.787 ns) = 3.197 ns; Loc. = LCFF_X36_Y18_N3; Fanout = 3; REG Node = 'divisor:div|cout'
        Info: 3: + IC(1.399 ns) + CELL(0.787 ns) = 5.383 ns; Loc. = LCFF_X35_Y30_N3; Fanout = 2; REG Node = 'Controle:ct1|CLK_1HZ'
        Info: 4: + IC(1.323 ns) + CELL(0.000 ns) = 6.706 ns; Loc. = CLKCTRL_G11; Fanout = 14; COMB Node = 'Controle:ct1|CLK_1HZ~clkctrl'
        Info: 5: + IC(1.010 ns) + CELL(0.537 ns) = 8.253 ns; Loc. = LCFF_X44_Y31_N27; Fanout = 1; REG Node = 'Controle:ct1|ld1'
        Info: Total cell delay = 3.110 ns ( 37.68 % )
        Info: Total interconnect delay = 5.143 ns ( 62.32 % )
    Info: + Micro clock to output delay of source is 0.250 ns
    Info: + Longest register to pin delay is 6.291 ns
        Info: 1: + IC(0.000 ns) + CELL(0.000 ns) = 0.000 ns; Loc. = LCFF_X44_Y31_N27; Fanout = 1; REG Node = 'Controle:ct1|ld1'
        Info: 2: + IC(3.473 ns) + CELL(2.818 ns) = 6.291 ns; Loc. = PIN_AF23; Fanout = 0; PIN Node = 'ld1'
        Info: Total cell delay = 2.818 ns ( 44.79 % )
        Info: Total interconnect delay = 3.473 ns ( 55.21 % )
Info: Longest tpd from source pin "reset" to destination pin "RESET_LED" is 9.347 ns
    Info: 1: + IC(0.000 ns) + CELL(0.862 ns) = 0.862 ns; Loc. = PIN_W26; Fanout = 13; PIN Node = 'reset'
    Info: 2: + IC(5.667 ns) + CELL(2.818 ns) = 9.347 ns; Loc. = PIN_U17; Fanout = 0; PIN Node = 'RESET_LED'
    Info: Total cell delay = 3.680 ns ( 39.37 % )
    Info: Total interconnect delay = 5.667 ns ( 60.63 % )
Info: th for register "Controle:ct1|estado.nova_senha" (data pin = "btn0", clock pin = "clk") is 1.951 ns
    Info: + Longest clock path from clock "clk" to destination register is 8.253 ns
        Info: 1: + IC(0.000 ns) + CELL(0.999 ns) = 0.999 ns; Loc. = PIN_N2; Fanout = 2; CLK Node = 'clk'
        Info: 2: + IC(1.411 ns) + CELL(0.787 ns) = 3.197 ns; Loc. = LCFF_X36_Y18_N3; Fanout = 3; REG Node = 'divisor:div|cout'
        Info: 3: + IC(1.399 ns) + CELL(0.787 ns) = 5.383 ns; Loc. = LCFF_X35_Y30_N3; Fanout = 2; REG Node = 'Controle:ct1|CLK_1HZ'
        Info: 4: + IC(1.323 ns) + CELL(0.000 ns) = 6.706 ns; Loc. = CLKCTRL_G11; Fanout = 14; COMB Node = 'Controle:ct1|CLK_1HZ~clkctrl'
        Info: 5: + IC(1.010 ns) + CELL(0.537 ns) = 8.253 ns; Loc. = LCFF_X44_Y31_N9; Fanout = 3; REG Node = 'Controle:ct1|estado.nova_senha'
        Info: Total cell delay = 3.110 ns ( 37.68 % )
        Info: Total interconnect delay = 5.143 ns ( 62.32 % )
    Info: + Micro hold delay of destination is 0.266 ns
    Info: - Shortest pin to register delay is 6.568 ns
        Info: 1: + IC(0.000 ns) + CELL(0.862 ns) = 0.862 ns; Loc. = PIN_G26; Fanout = 10; CLK Node = 'btn0'
        Info: 2: + IC(5.472 ns) + CELL(0.150 ns) = 6.484 ns; Loc. = LCCOMB_X44_Y31_N8; Fanout = 1; COMB Node = 'Controle:ct1|estado.nova_senha~0'
        Info: 3: + IC(0.000 ns) + CELL(0.084 ns) = 6.568 ns; Loc. = LCFF_X44_Y31_N9; Fanout = 3; REG Node = 'Controle:ct1|estado.nova_senha'
        Info: Total cell delay = 1.096 ns ( 16.69 % )
        Info: Total interconnect delay = 5.472 ns ( 83.31 % )
Info: Quartus II Classic Timing Analyzer was successful. 0 errors, 2 warnings
    Info: Peak virtual memory: 171 megabytes
    Info: Processing ended: Mon Jul 11 14:33:33 2011
    Info: Elapsed time: 00:00:02
    Info: Total CPU time (on all processors): 00:00:01


