Classic Timing Analyzer report for display
Tue Nov 30 13:13:48 2010
Quartus II Version 9.1 Build 350 03/24/2010 Service Pack 2 SJ Web Edition


---------------------
; Table of Contents ;
---------------------
  1. Legal Notice
  2. Timing Analyzer Summary
  3. Timing Analyzer Settings
  4. Parallel Compilation
  5. tpd
  6. Timing Analyzer Messages



----------------
; Legal Notice ;
----------------
Copyright (C) 1991-2010 Altera Corporation
Your use of Altera Corporation's design tools, logic functions 
and other software and tools, and its AMPP partner logic 
functions, and any output files from any of the foregoing 
(including device programming or simulation files), and any 
associated documentation or information are expressly subject 
to the terms and conditions of the Altera Program License 
Subscription Agreement, Altera MegaCore Function License 
Agreement, or other applicable license agreement, including, 
without limitation, that your use is for the sole purpose of 
programming logic devices manufactured by Altera and sold by 
Altera or its authorized distributors.  Please refer to the 
applicable agreement for further details.



+-------------------------------------------------------------------------------------------------------------------------+
; Timing Analyzer Summary                                                                                                 ;
+------------------------------+-------+---------------+-------------+------+------+------------+----------+--------------+
; Type                         ; Slack ; Required Time ; Actual Time ; From ; To   ; From Clock ; To Clock ; Failed Paths ;
+------------------------------+-------+---------------+-------------+------+------+------------+----------+--------------+
; Worst-case tpd               ; N/A   ; None          ; 8.723 ns    ; a[0] ; s[3] ; --         ; --       ; 0            ;
; Total number of failed paths ;       ;               ;             ;      ;      ;            ;          ; 0            ;
+------------------------------+-------+---------------+-------------+------+------+------------+----------+--------------+


+-----------------------------------------------------------------------------------------------------------------------------------------------------+
; Timing Analyzer Settings                                                                                                                            ;
+------------------------------------------------------------------------------------------------------+--------------------+------+----+-------------+
; Option                                                                                               ; Setting            ; From ; To ; Entity Name ;
+------------------------------------------------------------------------------------------------------+--------------------+------+----+-------------+
; Device Name                                                                                          ; EP2C35F672C6       ;      ;    ;             ;
; Timing Models                                                                                        ; Final              ;      ;    ;             ;
; Default hold multicycle                                                                              ; Same as Multicycle ;      ;    ;             ;
; Cut paths between unrelated clock domains                                                            ; On                 ;      ;    ;             ;
; Cut off read during write signal paths                                                               ; On                 ;      ;    ;             ;
; Cut off feedback from I/O pins                                                                       ; On                 ;      ;    ;             ;
; Report Combined Fast/Slow Timing                                                                     ; Off                ;      ;    ;             ;
; Ignore Clock Settings                                                                                ; Off                ;      ;    ;             ;
; Analyze latches as synchronous elements                                                              ; On                 ;      ;    ;             ;
; Enable Recovery/Removal analysis                                                                     ; Off                ;      ;    ;             ;
; Enable Clock Latency                                                                                 ; Off                ;      ;    ;             ;
; Use TimeQuest Timing Analyzer                                                                        ; Off                ;      ;    ;             ;
; Minimum Core Junction Temperature                                                                    ; 0                  ;      ;    ;             ;
; Maximum Core Junction Temperature                                                                    ; 85                 ;      ;    ;             ;
; Number of source nodes to report per destination node                                                ; 10                 ;      ;    ;             ;
; Number of destination nodes to report                                                                ; 10                 ;      ;    ;             ;
; Number of paths to report                                                                            ; 200                ;      ;    ;             ;
; Report Minimum Timing Checks                                                                         ; Off                ;      ;    ;             ;
; Use Fast Timing Models                                                                               ; Off                ;      ;    ;             ;
; Report IO Paths Separately                                                                           ; Off                ;      ;    ;             ;
; Perform Multicorner Analysis                                                                         ; On                 ;      ;    ;             ;
; Reports the worst-case path for each clock domain and analysis                                       ; Off                ;      ;    ;             ;
; Reports worst-case timing paths for each clock domain and analysis                                   ; On                 ;      ;    ;             ;
; Specifies the maximum number of worst-case timing paths to report for each clock domain and analysis ; 100                ;      ;    ;             ;
; Removes common clock path pessimism (CCPP) during slack computation                                  ; Off                ;      ;    ;             ;
; Output I/O Timing Endpoint                                                                           ; Near End           ;      ;    ;             ;
+------------------------------------------------------------------------------------------------------+--------------------+------+----+-------------+


Parallel compilation was disabled, but you have multiple processors available. Enable parallel compilation to reduce compilation time.
+-------------------------------------+
; Parallel Compilation                ;
+----------------------------+--------+
; Processors                 ; Number ;
+----------------------------+--------+
; Number detected on machine ; 2      ;
; Maximum allowed            ; 1      ;
+----------------------------+--------+


+-----------------------------------------------------------+
; tpd                                                       ;
+-------+-------------------+-----------------+------+------+
; Slack ; Required P2P Time ; Actual P2P Time ; From ; To   ;
+-------+-------------------+-----------------+------+------+
; N/A   ; None              ; 8.723 ns        ; a[0] ; s[3] ;
; N/A   ; None              ; 8.532 ns        ; a[1] ; s[3] ;
; N/A   ; None              ; 8.463 ns        ; a[0] ; c4   ;
; N/A   ; None              ; 8.316 ns        ; a[0] ; s[2] ;
; N/A   ; None              ; 8.272 ns        ; a[1] ; c4   ;
; N/A   ; None              ; 8.125 ns        ; a[1] ; s[2] ;
; N/A   ; None              ; 7.856 ns        ; a[2] ; s[3] ;
; N/A   ; None              ; 7.670 ns        ; a[0] ; s[0] ;
; N/A   ; None              ; 7.639 ns        ; a[0] ; s[1] ;
; N/A   ; None              ; 7.596 ns        ; a[2] ; c4   ;
; N/A   ; None              ; 7.454 ns        ; a[2] ; s[2] ;
; N/A   ; None              ; 7.448 ns        ; a[1] ; s[1] ;
; N/A   ; None              ; 7.428 ns        ; b[3] ; s[3] ;
; N/A   ; None              ; 7.165 ns        ; b[3] ; c4   ;
; N/A   ; None              ; 7.145 ns        ; b[1] ; s[3] ;
; N/A   ; None              ; 7.118 ns        ; b[0] ; s[3] ;
; N/A   ; None              ; 6.885 ns        ; b[1] ; c4   ;
; N/A   ; None              ; 6.858 ns        ; b[0] ; c4   ;
; N/A   ; None              ; 6.738 ns        ; b[1] ; s[2] ;
; N/A   ; None              ; 6.711 ns        ; b[0] ; s[2] ;
; N/A   ; None              ; 6.469 ns        ; b[2] ; s[3] ;
; N/A   ; None              ; 6.209 ns        ; b[2] ; c4   ;
; N/A   ; None              ; 6.074 ns        ; b[2] ; s[2] ;
; N/A   ; None              ; 6.065 ns        ; b[0] ; s[0] ;
; N/A   ; None              ; 6.064 ns        ; b[1] ; s[1] ;
; N/A   ; None              ; 6.034 ns        ; b[0] ; s[1] ;
; N/A   ; None              ; 5.899 ns        ; a[3] ; s[3] ;
; N/A   ; None              ; 5.633 ns        ; a[3] ; c4   ;
+-------+-------------------+-----------------+------+------+


+--------------------------+
; Timing Analyzer Messages ;
+--------------------------+
Info: *******************************************************************
Info: Running Quartus II Classic Timing Analyzer
    Info: Version 9.1 Build 350 03/24/2010 Service Pack 2 SJ Web Edition
    Info: Processing started: Tue Nov 30 13:13:47 2010
Info: Command: quartus_tan --read_settings_files=off --write_settings_files=off display -c display --timing_analysis_only
Info: Longest tpd from source pin "a[0]" to destination pin "s[3]" is 8.723 ns
    Info: 1: + IC(0.000 ns) + CELL(0.999 ns) = 0.999 ns; Loc. = PIN_N25; Fanout = 3; PIN Node = 'a[0]'
    Info: 2: + IC(2.550 ns) + CELL(0.150 ns) = 3.699 ns; Loc. = LCCOMB_X33_Y4_N28; Fanout = 2; COMB Node = 'sc:soma2|c_out~0'
    Info: 3: + IC(0.254 ns) + CELL(0.420 ns) = 4.373 ns; Loc. = LCCOMB_X33_Y4_N0; Fanout = 2; COMB Node = 'sc:soma3|c_out~0'
    Info: 4: + IC(0.243 ns) + CELL(0.150 ns) = 4.766 ns; Loc. = LCCOMB_X33_Y4_N2; Fanout = 1; COMB Node = 'sc:soma4|s'
    Info: 5: + IC(1.159 ns) + CELL(2.798 ns) = 8.723 ns; Loc. = PIN_AD11; Fanout = 0; PIN Node = 's[3]'
    Info: Total cell delay = 4.517 ns ( 51.78 % )
    Info: Total interconnect delay = 4.206 ns ( 48.22 % )
Info: Quartus II Classic Timing Analyzer was successful. 0 errors, 0 warnings
    Info: Peak virtual memory: 168 megabytes
    Info: Processing ended: Tue Nov 30 13:13:48 2010
    Info: Elapsed time: 00:00:01
    Info: Total CPU time (on all processors): 00:00:01


